Namespace(num_epochs=1500, epoch_size=10, batch_size=500, nprocesses=16, hid_size=128, directed=True, self_loop_type1=1, self_loop_type2=1, gat_num_heads=4, gat_num_heads_out=1, gat_hid_size=32, ge_num_heads=4, first_gat_normalize=False, second_gat_normalize=False, gat_encoder_normalize=False, use_gat_encoder=False, gat_encoder_out_size=64, first_graph_complete=True, second_graph_complete=True, learn_second_graph=False, message_encoder=False, message_decoder=True, nagents=5, mean_ratio=0, detach_gap=10, comm_init='uniform', advantages_per_action=False, comm_mask_zero=False, gamma=1.0, seed=0, normalize_rewards=False, lrate=0.001, entr=0, value_coeff=0.01, max_steps=20, nactions='1', action_scale=1.0, plot=False, plot_env='main', plot_port='8097', save=True, save_every=0, load='', display=False, random=False, render=False, env_name='traffic_junction', dim=6, vision=1, add_rate_min=0.3, add_rate_max=0.3, curr_start=0.0, curr_end=0.0, difficulty='easy', vocab_type='bool', nfriendly=5, obs_size=137, num_actions=[2], dim_actions=1, continuous=False, naction_heads=[2])
====================================================================================================
Model log:

MAGIC(
  (sub_processor1): GraphAttention(in_features=128, out_features=32)
  (sub_processor2): GraphAttention(in_features=128, out_features=128)
  (obs_encoder): Linear(in_features=137, out_features=128, bias=True)
  (lstm_cell): LSTMCell(128, 128)
  (message_decoder): Linear(in_features=128, out_features=128, bias=True)
  (action_heads): ModuleList(
    (0): Linear(in_features=256, out_features=2, bias=True)
  )
  (value_head): Linear(in_features=256, out_features=1, bias=True)
)
====================================================================================================

batch:  0
batch:  1
batch:  2
batch:  3
batch:  4
batch:  5
batch:  6
batch:  7
batch:  8
batch:  9
Epoch 1
Episode: 4000
Reward: [-24.41 -23.01 -23.49 -23.44 -23.65]
Time: 26.86s
Add-Rate: 0.30
Success: 0.0887
Steps-Taken: 20.00
batch:  0
batch:  1
batch:  2
batch:  3
batch:  4
batch:  5
batch:  6
batch:  7
batch:  8
batch:  9
Epoch 2
Episode: 8000
Reward: [-5.77 -5.88 -5.79 -5.81 -5.96]
Time: 28.92s
Add-Rate: 0.30
Success: 0.2675
Steps-Taken: 20.00
batch:  0
batch:  1
batch:  2
batch:  3
batch:  4
batch:  5
batch:  6
batch:  7
batch:  8
batch:  9
Epoch 3
Episode: 12000
Reward: [-5.02 -4.87 -5.13 -5.01 -5.08]
Time: 31.94s
Add-Rate: 0.30
Success: 0.2795
Steps-Taken: 20.00
batch:  0
batch:  1
batch:  2
batch:  3
batch:  4
batch:  5
batch:  6
batch:  7
batch:  8
batch:  9
Epoch 4
Episode: 16000
Reward: [-4.96 -5.06 -4.93 -4.94 -4.99]
Time: 30.94s
Add-Rate: 0.30
Success: 0.2625
Steps-Taken: 20.00
batch:  0
batch:  1
batch:  2
batch:  3
batch:  4
batch:  5
batch:  6
batch:  7
batch:  8
batch:  9
Epoch 5
Episode: 20000
Reward: [-4.77 -4.96 -5.07 -4.92 -4.98]
Time: 27.57s
Add-Rate: 0.30
Success: 0.2752
Steps-Taken: 20.00
batch:  0
batch:  1
batch:  2
batch:  3
batch:  4
batch:  5
batch:  6
batch:  7
batch:  8
batch:  9
Epoch 6
Episode: 24000
Reward: [-4.9  -4.77 -4.88 -4.72 -5.02]
Time: 27.93s
Add-Rate: 0.30
Success: 0.2750
Steps-Taken: 20.00
batch:  0
batch:  1
batch:  2
batch:  3
batch:  4
batch:  5
batch:  6
batch:  7
batch:  8
batch:  9
Epoch 7
Episode: 28000
Reward: [-4.69 -4.51 -4.7  -4.67 -4.86]
Time: 27.59s
Add-Rate: 0.30
Success: 0.2810
Steps-Taken: 20.00
batch:  0
batch:  1
batch:  2
batch:  3
batch:  4
batch:  5
batch:  6
batch:  7
batch:  8
batch:  9
Epoch 8
Episode: 32000
Reward: [-4.62 -4.62 -4.78 -4.6  -4.91]
Time: 27.82s
Add-Rate: 0.30
Success: 0.2807
Steps-Taken: 20.00
batch:  0
batch:  1
batch:  2
batch:  3
batch:  4
batch:  5
batch:  6
batch:  7
batch:  8
batch:  9
Epoch 9
Episode: 36000
Reward: [-4.71 -4.63 -4.71 -4.84 -4.7 ]
Time: 27.60s
Add-Rate: 0.30
Success: 0.2800
Steps-Taken: 20.00
batch:  0
batch:  1
batch:  2
batch:  3
batch:  4
batch:  5
batch:  6
batch:  7
batch:  8
batch:  9
Epoch 10
Episode: 40000
Reward: [-4.6  -4.64 -4.65 -4.75 -4.64]
Time: 27.76s
Add-Rate: 0.30
Success: 0.2883
Steps-Taken: 20.00
batch:  0
batch:  1
batch:  2
batch:  3
batch:  4
batch:  5
batch:  6
batch:  7
batch:  8
batch:  9
Epoch 11
Episode: 44000
Reward: [-4.57 -4.76 -4.65 -4.46 -4.68]
Time: 28.03s
Add-Rate: 0.30
Success: 0.2850
Steps-Taken: 20.00
batch:  0
batch:  1
batch:  2
batch:  3
batch:  4
batch:  5
batch:  6
batch:  7
batch:  8
batch:  9
Epoch 12
Episode: 48000
Reward: [-4.82 -4.57 -4.63 -4.68 -4.78]
Time: 27.72s
Add-Rate: 0.30
Success: 0.2835
Steps-Taken: 20.00
batch:  0
batch:  1
batch:  2
batch:  3
batch:  4
batch:  5
batch:  6
batch:  7
batch:  8
batch:  9
Epoch 13
Episode: 52000
Reward: [-4.78 -4.7  -4.59 -4.7  -4.71]
Time: 27.84s
Add-Rate: 0.30
Success: 0.2797
Steps-Taken: 20.00
batch:  0
batch:  1
batch:  2
batch:  3
batch:  4
batch:  5
batch:  6
batch:  7
batch:  8
batch:  9
Epoch 14
Episode: 56000
Reward: [-4.81 -4.82 -4.88 -4.87 -4.8 ]
Time: 27.74s
Add-Rate: 0.30
Success: 0.2762
Steps-Taken: 20.00
batch:  0
batch:  1
batch:  2
batch:  3
batch:  4
batch:  5
batch:  6
batch:  7
batch:  8
batch:  9
Epoch 15
Episode: 60000
Reward: [-4.83 -4.69 -4.77 -4.67 -4.87]
Time: 28.05s
Add-Rate: 0.30
Success: 0.2797
Steps-Taken: 20.00
batch:  0
batch:  1
batch:  2
batch:  3
batch:  4
batch:  5
batch:  6
batch:  7
batch:  8
batch:  9
Epoch 16
Episode: 64000
Reward: [-4.96 -4.86 -4.87 -4.84 -5.01]
Time: 27.63s
Add-Rate: 0.30
Success: 0.2687
Steps-Taken: 20.00
batch:  0
batch:  1
batch:  2
batch:  3
batch:  4
batch:  5
batch:  6
batch:  7
batch:  8
batch:  9
Epoch 17
Episode: 68000
Reward: [-4.63 -4.76 -4.85 -4.78 -4.81]
Time: 27.98s
Add-Rate: 0.30
Success: 0.2833
Steps-Taken: 20.00
batch:  0
batch:  1
batch:  2
batch:  3
batch:  4
batch:  5
batch:  6
batch:  7
batch:  8
batch:  9
Epoch 18
Episode: 72000
Reward: [-4.99 -4.72 -4.92 -4.96 -4.82]
Time: 27.84s
Add-Rate: 0.30
Success: 0.2650
Steps-Taken: 20.00
batch:  0
batch:  1
batch:  2
batch:  3
batch:  4
batch:  5
batch:  6
batch:  7
batch:  8
batch:  9
Epoch 19
Episode: 76000
Reward: [-4.76 -4.69 -4.68 -5.   -4.74]
Time: 28.12s
Add-Rate: 0.30
Success: 0.2797
Steps-Taken: 20.00
batch:  0
batch:  1
batch:  2
batch:  3
batch:  4
batch:  5
batch:  6
batch:  7
batch:  8
batch:  9
Epoch 20
Episode: 80000
Reward: [-4.66 -4.81 -4.78 -4.72 -4.64]
Time: 27.75s
Add-Rate: 0.30
Success: 0.2800
Steps-Taken: 20.00
batch:  0
batch:  1
batch:  2
batch:  3
batch:  4
batch:  5
batch:  6
batch:  7
batch:  8
batch:  9
Epoch 21
Episode: 84000
Reward: [-4.62 -4.69 -4.65 -4.71 -4.64]
Time: 27.89s
Add-Rate: 0.30
Success: 0.2868
Steps-Taken: 20.00
batch:  0
batch:  1
batch:  2
batch:  3
batch:  4
batch:  5
batch:  6
batch:  7
batch:  8
batch:  9
Epoch 22
Episode: 88000
Reward: [-4.65 -4.87 -4.59 -4.71 -4.92]
Time: 27.88s
Add-Rate: 0.30
Success: 0.2745
Steps-Taken: 20.00
batch:  0
batch:  1
batch:  2
batch:  3
batch:  4
batch:  5
batch:  6
batch:  7
batch:  8
batch:  9
Epoch 23
Episode: 92000
Reward: [-4.61 -4.62 -4.65 -4.66 -4.76]
Time: 27.87s
Add-Rate: 0.30
Success: 0.2833
Steps-Taken: 20.00
batch:  0
batch:  1
batch:  2
batch:  3
batch:  4
batch:  5
batch:  6
batch:  7
batch:  8
batch:  9
Epoch 24
Episode: 96000
Reward: [-4.73 -4.71 -4.9  -4.71 -4.79]
Time: 27.75s
Add-Rate: 0.30
Success: 0.2705
Steps-Taken: 20.00
batch:  0
batch:  1
batch:  2
batch:  3
batch:  4
batch:  5
batch:  6
batch:  7
batch:  8
batch:  9
Epoch 25
Episode: 100000
Reward: [-4.75 -4.61 -4.69 -4.65 -4.81]
Time: 27.99s
Add-Rate: 0.30
Success: 0.2735
Steps-Taken: 20.00
batch:  0
batch:  1
batch:  2
batch:  3
batch:  4
batch:  5
batch:  6
batch:  7
batch:  8
batch:  9
Epoch 26
Episode: 104000
Reward: [-4.61 -4.82 -4.76 -4.75 -4.89]
Time: 28.07s
Add-Rate: 0.30
Success: 0.2750
Steps-Taken: 20.00
batch:  0
batch:  1
batch:  2
batch:  3
batch:  4
batch:  5
batch:  6
batch:  7
batch:  8
batch:  9
Epoch 27
Episode: 108000
Reward: [-4.48 -4.65 -4.66 -4.62 -4.57]
Time: 27.71s
Add-Rate: 0.30
Success: 0.2945
Steps-Taken: 20.00
batch:  0
batch:  1
batch:  2
batch:  3
batch:  4
batch:  5
batch:  6
batch:  7
batch:  8
batch:  9
Epoch 28
Episode: 112000
Reward: [-4.59 -4.78 -4.65 -4.87 -4.69]
Time: 28.29s
Add-Rate: 0.30
Success: 0.2767
Steps-Taken: 20.00
batch:  0
batch:  1
batch:  2
batch:  3
batch:  4
batch:  5
batch:  6
batch:  7
batch:  8
batch:  9
Epoch 29
Episode: 116000
Reward: [-4.68 -4.84 -4.78 -4.46 -4.54]
Time: 27.68s
Add-Rate: 0.30
Success: 0.2915
Steps-Taken: 20.00
batch:  0
batch:  1
batch:  2
batch:  3
batch:  4
batch:  5
batch:  6
batch:  7
batch:  8
batch:  9
Epoch 30
Episode: 120000
Reward: [-4.68 -4.77 -4.48 -4.75 -4.77]
Time: 28.06s
Add-Rate: 0.30
Success: 0.2820
Steps-Taken: 20.00
batch:  0
batch:  1
batch:  2
batch:  3
batch:  4
batch:  5
batch:  6
batch:  7
batch:  8
batch:  9
Epoch 31
Episode: 124000
Reward: [-4.71 -4.5  -4.48 -4.68 -4.6 ]
Time: 27.83s
Add-Rate: 0.30
Success: 0.2868
Steps-Taken: 20.00
batch:  0
batch:  1
batch:  2
batch:  3
batch:  4
batch:  5
batch:  6
batch:  7
batch:  8
batch:  9
Epoch 32
Episode: 128000
Reward: [-4.48 -4.67 -4.59 -4.6  -4.57]
Time: 27.92s
Add-Rate: 0.30
Success: 0.2858
Steps-Taken: 20.00
batch:  0
batch:  1
batch:  2
batch:  3
batch:  4
batch:  5
batch:  6
batch:  7
batch:  8
batch:  9
Epoch 33
Episode: 132000
Reward: [-4.61 -4.58 -4.66 -4.7  -4.72]
Time: 27.77s
Add-Rate: 0.30
Success: 0.2812
Steps-Taken: 20.00
batch:  0
batch:  1
batch:  2
batch:  3
batch:  4
batch:  5
batch:  6
batch:  7
batch:  8
batch:  9
Epoch 34
Episode: 136000
Reward: [-4.69 -4.67 -4.66 -4.73 -4.57]
Time: 27.86s
Add-Rate: 0.30
Success: 0.2787
Steps-Taken: 20.00
batch:  0
batch:  1
batch:  2
batch:  3
batch:  4
batch:  5
batch:  6
batch:  7
batch:  8
batch:  9
Epoch 35
Episode: 140000
Reward: [-4.83 -4.75 -4.71 -4.69 -4.78]
Time: 27.77s
Add-Rate: 0.30
Success: 0.2777
Steps-Taken: 20.00
batch:  0
batch:  1
batch:  2
batch:  3
batch:  4
batch:  5
batch:  6
batch:  7
batch:  8
batch:  9
Epoch 36
Episode: 144000
Reward: [-4.62 -4.82 -4.78 -4.52 -4.85]
Time: 27.97s
Add-Rate: 0.30
Success: 0.2780
Steps-Taken: 20.00
batch:  0
batch:  1
batch:  2
batch:  3
batch:  4
batch:  5
batch:  6
batch:  7
batch:  8
batch:  9
Epoch 37
Episode: 148000
Reward: [-4.58 -4.7  -4.6  -4.52 -4.64]
Time: 28.20s
Add-Rate: 0.30
Success: 0.2873
Steps-Taken: 20.00
batch:  0
batch:  1
batch:  2
batch:  3
batch:  4
batch:  5
batch:  6
batch:  7
batch:  8
batch:  9
Epoch 38
Episode: 152000
Reward: [-4.67 -4.58 -4.64 -4.64 -4.72]
Time: 28.00s
Add-Rate: 0.30
Success: 0.2873
Steps-Taken: 20.00
batch:  0
batch:  1
batch:  2
batch:  3
batch:  4
batch:  5
batch:  6
batch:  7
batch:  8
batch:  9
Epoch 39
Episode: 156000
Reward: [-4.67 -4.61 -4.85 -4.61 -4.72]
Time: 28.03s
Add-Rate: 0.30
Success: 0.2742
Steps-Taken: 20.00
batch:  0
batch:  1
batch:  2
batch:  3
batch:  4
batch:  5
batch:  6
batch:  7
batch:  8
batch:  9
Epoch 40
Episode: 160000
Reward: [-4.73 -4.91 -4.68 -4.63 -4.64]
Time: 27.86s
Add-Rate: 0.30
Success: 0.2762
Steps-Taken: 20.00
batch:  0
batch:  1
batch:  2
batch:  3
batch:  4
batch:  5
batch:  6
batch:  7
batch:  8
batch:  9
Epoch 41
Episode: 164000
Reward: [-4.69 -4.7  -4.57 -4.63 -4.73]
Time: 27.99s
Add-Rate: 0.30
Success: 0.2878
Steps-Taken: 20.00
batch:  0
batch:  1
batch:  2
batch:  3
batch:  4
batch:  5
batch:  6
batch:  7
batch:  8
batch:  9
Epoch 42
Episode: 168000
Reward: [-4.75 -4.72 -4.64 -4.77 -4.92]
Time: 27.75s
Add-Rate: 0.30
Success: 0.2700
Steps-Taken: 20.00
batch:  0
batch:  1
batch:  2
batch:  3
batch:  4
batch:  5
batch:  6
batch:  7
batch:  8
batch:  9
Epoch 43
Episode: 172000
Reward: [-4.65 -4.6  -4.67 -4.59 -4.54]
Time: 28.01s
Add-Rate: 0.30
Success: 0.2960
Steps-Taken: 20.00
batch:  0
batch:  1
batch:  2
batch:  3
batch:  4
batch:  5
batch:  6
batch:  7
batch:  8
batch:  9
Epoch 44
Episode: 176000
Reward: [-4.76 -4.57 -4.72 -4.55 -4.52]
Time: 27.76s
Add-Rate: 0.30
Success: 0.2905
Steps-Taken: 20.00
batch:  0
batch:  1
batch:  2
batch:  3
batch:  4
batch:  5
batch:  6
batch:  7
batch:  8
batch:  9
Epoch 45
Episode: 180000
Reward: [-4.66 -4.84 -4.67 -4.55 -4.85]
Time: 28.06s
Add-Rate: 0.30
Success: 0.2727
Steps-Taken: 20.00
batch:  0
batch:  1
batch:  2
batch:  3
batch:  4
batch:  5
batch:  6
batch:  7
batch:  8
batch:  9
Epoch 46
Episode: 184000
Reward: [-4.79 -4.59 -4.66 -4.81 -4.85]
Time: 28.06s
Add-Rate: 0.30
Success: 0.2747
Steps-Taken: 20.00
batch:  0
batch:  1
batch:  2
batch:  3
batch:  4
batch:  5
batch:  6
batch:  7
batch:  8
batch:  9
Epoch 47
Episode: 188000
Reward: [-4.65 -4.76 -4.7  -4.73 -4.72]
Time: 28.18s
Add-Rate: 0.30
Success: 0.2735
Steps-Taken: 20.00
batch:  0
batch:  1
batch:  2
batch:  3
batch:  4
batch:  5
batch:  6
batch:  7
batch:  8
batch:  9
Epoch 48
Episode: 192000
Reward: [-4.56 -4.79 -4.83 -4.66 -4.64]
Time: 28.07s
Add-Rate: 0.30
Success: 0.2760
Steps-Taken: 20.00
batch:  0
batch:  1
batch:  2
batch:  3
batch:  4
batch:  5
batch:  6
batch:  7
batch:  8
batch:  9
Epoch 49
Episode: 196000
Reward: [-4.7  -4.7  -4.69 -4.67 -4.61]
Time: 28.10s
Add-Rate: 0.30
Success: 0.2835
Steps-Taken: 20.00
batch:  0
batch:  1
batch:  2
batch:  3
batch:  4
batch:  5
batch:  6
batch:  7
batch:  8
batch:  9
Epoch 50
Episode: 200000
Reward: [-4.7  -4.5  -4.52 -4.78 -4.65]
Time: 28.11s
Add-Rate: 0.30
Success: 0.2885
Steps-Taken: 20.00
batch:  0
batch:  1
batch:  2
batch:  3
batch:  4
batch:  5
batch:  6
batch:  7
batch:  8
batch:  9
Epoch 51
Episode: 204000
Reward: [-4.67 -4.73 -4.8  -4.73 -4.62]
Time: 28.07s
Add-Rate: 0.30
Success: 0.2742
Steps-Taken: 20.00
batch:  0
batch:  1
batch:  2
batch:  3
batch:  4
batch:  5
batch:  6
batch:  7
batch:  8
batch:  9
Epoch 52
Episode: 208000
Reward: [-4.72 -4.6  -4.62 -4.65 -4.75]
Time: 28.04s
Add-Rate: 0.30
Success: 0.2770
Steps-Taken: 20.00
batch:  0
batch:  1
batch:  2
batch:  3
batch:  4
batch:  5
batch:  6
batch:  7
batch:  8
batch:  9
Epoch 53
Episode: 212000
Reward: [-4.73 -4.64 -4.68 -4.82 -4.62]
Time: 27.87s
Add-Rate: 0.30
Success: 0.2715
Steps-Taken: 20.00
batch:  0
batch:  1
batch:  2
batch:  3
batch:  4
batch:  5
batch:  6
batch:  7
batch:  8
batch:  9
Epoch 54
Episode: 216000
Reward: [-4.72 -4.6  -4.66 -4.7  -4.83]
Time: 28.45s
Add-Rate: 0.30
Success: 0.2812
Steps-Taken: 20.00
batch:  0
batch:  1
batch:  2
batch:  3
batch:  4
batch:  5
batch:  6
batch:  7
batch:  8
batch:  9
Epoch 55
Episode: 220000
Reward: [-4.68 -4.67 -4.67 -4.68 -4.77]
Time: 27.89s
Add-Rate: 0.30
Success: 0.2792
Steps-Taken: 20.00
batch:  0
batch:  1
batch:  2
batch:  3
batch:  4
batch:  5
batch:  6
batch:  7
batch:  8
batch:  9
Epoch 56
Episode: 224000
Reward: [-4.62 -4.62 -4.68 -4.65 -4.82]
Time: 28.09s
Add-Rate: 0.30
Success: 0.2845
Steps-Taken: 20.00
batch:  0
batch:  1
batch:  2
batch:  3
batch:  4
batch:  5
batch:  6
batch:  7
batch:  8
batch:  9
Epoch 57
Episode: 228000
Reward: [-4.57 -4.6  -4.53 -4.49 -4.58]
Time: 27.82s
Add-Rate: 0.30
Success: 0.2918
Steps-Taken: 20.00
batch:  0
batch:  1
batch:  2
batch:  3
batch:  4
batch:  5
batch:  6
batch:  7
batch:  8
batch:  9
Epoch 58
Episode: 232000
Reward: [-4.77 -4.79 -4.63 -4.44 -4.73]
Time: 27.99s
Add-Rate: 0.30
Success: 0.2742
Steps-Taken: 20.00
batch:  0
batch:  1
batch:  2
batch:  3
batch:  4
batch:  5
batch:  6
batch:  7
batch:  8
batch:  9
Epoch 59
Episode: 236000
Reward: [-4.64 -4.81 -4.74 -4.8  -4.52]
Time: 27.83s
Add-Rate: 0.30
Success: 0.2765
Steps-Taken: 20.00
batch:  0
batch:  1
batch:  2
batch:  3
batch:  4
batch:  5
batch:  6
batch:  7
batch:  8
batch:  9
Epoch 60
Episode: 240000
Reward: [-4.64 -4.67 -4.7  -4.66 -4.68]
Time: 28.00s
Add-Rate: 0.30
Success: 0.2843
Steps-Taken: 20.00
batch:  0
batch:  1
batch:  2
batch:  3
batch:  4
batch:  5
batch:  6
batch:  7
batch:  8
batch:  9
Epoch 61
Episode: 244000
Reward: [-4.82 -4.65 -4.77 -4.53 -4.63]
Time: 27.96s
Add-Rate: 0.30
Success: 0.2790
Steps-Taken: 20.00
batch:  0
batch:  1
batch:  2
batch:  3
batch:  4
batch:  5
batch:  6
batch:  7
batch:  8
batch:  9
Epoch 62
Episode: 248000
Reward: [-4.62 -4.46 -4.43 -4.58 -4.61]
Time: 28.03s
Add-Rate: 0.30
Success: 0.2975
Steps-Taken: 20.00
batch:  0
batch:  1
batch:  2
batch:  3
batch:  4
batch:  5
batch:  6
batch:  7
batch:  8
batch:  9
Epoch 63
Episode: 252000
Reward: [-4.73 -4.7  -4.81 -4.61 -4.77]
Time: 28.23s
Add-Rate: 0.30
Success: 0.2775
Steps-Taken: 20.00
batch:  0
batch:  1
batch:  2
batch:  3
batch:  4
batch:  5
batch:  6
batch:  7
batch:  8
batch:  9
Epoch 64
Episode: 256000
Reward: [-4.64 -4.71 -4.73 -4.63 -4.75]
Time: 27.84s
Add-Rate: 0.30
Success: 0.2752
Steps-Taken: 20.00
batch:  0
batch:  1
batch:  2
batch:  3
batch:  4
batch:  5
batch:  6
batch:  7
batch:  8
batch:  9
Epoch 65
Episode: 260000
Reward: [-4.58 -4.6  -4.8  -4.56 -4.61]
Time: 27.93s
Add-Rate: 0.30
Success: 0.2875
Steps-Taken: 20.00
batch:  0
batch:  1
batch:  2
batch:  3
batch:  4
batch:  5
batch:  6
batch:  7
batch:  8
batch:  9
Epoch 66
Episode: 264000
Reward: [-4.71 -4.63 -4.62 -4.65 -4.66]
Time: 28.43s
Add-Rate: 0.30
Success: 0.2823
Steps-Taken: 20.00
batch:  0
batch:  1
batch:  2
batch:  3
batch:  4
batch:  5
batch:  6
batch:  7
batch:  8
batch:  9
Epoch 67
Episode: 268000
Reward: [-4.84 -4.7  -4.71 -4.74 -4.5 ]
Time: 28.01s
Add-Rate: 0.30
Success: 0.2810
Steps-Taken: 20.00
batch:  0
batch:  1
batch:  2
batch:  3
batch:  4
batch:  5
batch:  6
batch:  7
batch:  8
batch:  9
Epoch 68
Episode: 272000
Reward: [-4.81 -4.7  -4.7  -4.74 -4.71]
Time: 27.92s
Add-Rate: 0.30
Success: 0.2815
Steps-Taken: 20.00
batch:  0
batch:  1
batch:  2
batch:  3
batch:  4
batch:  5
batch:  6
batch:  7
batch:  8
batch:  9
Epoch 69
Episode: 276000
Reward: [-4.45 -4.74 -4.68 -4.7  -4.64]
Time: 28.32s
Add-Rate: 0.30
Success: 0.2923
Steps-Taken: 20.00
batch:  0
batch:  1
batch:  2
batch:  3
batch:  4
batch:  5
batch:  6
batch:  7
batch:  8
batch:  9
Epoch 70
Episode: 280000
Reward: [-4.72 -4.79 -4.79 -4.7  -4.62]
Time: 27.78s
Add-Rate: 0.30
Success: 0.2767
Steps-Taken: 20.00
batch:  0
batch:  1
batch:  2
batch:  3
batch:  4
batch:  5
batch:  6
batch:  7
batch:  8
batch:  9
Epoch 71
Episode: 284000
Reward: [-4.55 -4.47 -4.67 -4.63 -4.73]
Time: 28.44s
Add-Rate: 0.30
Success: 0.2840
Steps-Taken: 20.00
batch:  0
batch:  1
batch:  2
batch:  3
batch:  4
batch:  5
batch:  6
batch:  7
batch:  8
batch:  9
Epoch 72
Episode: 288000
Reward: [-4.74 -4.45 -4.76 -4.77 -4.72]
Time: 27.98s
Add-Rate: 0.30
Success: 0.2815
Steps-Taken: 20.00
batch:  0
batch:  1
batch:  2
batch:  3
batch:  4
batch:  5
batch:  6
batch:  7
batch:  8
batch:  9
Epoch 73
Episode: 292000
Reward: [-4.89 -4.81 -4.79 -4.66 -4.59]
Time: 27.95s
Add-Rate: 0.30
Success: 0.2777
Steps-Taken: 20.00
batch:  0
batch:  1
batch:  2
batch:  3
batch:  4
batch:  5
batch:  6
batch:  7
batch:  8
batch:  9
Epoch 74
Episode: 296000
Reward: [-4.82 -4.85 -4.59 -4.69 -4.6 ]
Time: 28.00s
Add-Rate: 0.30
Success: 0.2828
Steps-Taken: 20.00
batch:  0
batch:  1
batch:  2
batch:  3
batch:  4
batch:  5
batch:  6
batch:  7
batch:  8
batch:  9
Epoch 75
Episode: 300000
Reward: [-4.91 -4.78 -4.68 -4.65 -4.8 ]
Time: 28.02s
Add-Rate: 0.30
Success: 0.2900
Steps-Taken: 20.00
batch:  0
batch:  1
batch:  2
batch:  3
batch:  4
batch:  5
batch:  6
batch:  7
batch:  8
batch:  9
Epoch 76
Episode: 304000
Reward: [-4.75 -4.68 -4.67 -4.77 -4.79]
Time: 28.19s
Add-Rate: 0.30
Success: 0.2805
Steps-Taken: 20.00
batch:  0
batch:  1
batch:  2
batch:  3
batch:  4
batch:  5
batch:  6
batch:  7
batch:  8
batch:  9
Epoch 77
Episode: 308000
Reward: [-4.62 -4.75 -4.7  -4.61 -4.58]
Time: 28.12s
Add-Rate: 0.30
Success: 0.2780
Steps-Taken: 20.00
batch:  0
batch:  1
batch:  2
batch:  3
batch:  4
batch:  5
batch:  6
batch:  7
batch:  8
batch:  9
Epoch 78
Episode: 312000
Reward: [-4.7  -4.56 -4.66 -4.84 -4.71]
Time: 28.53s
Add-Rate: 0.30
Success: 0.2820
Steps-Taken: 20.00
batch:  0
batch:  1
batch:  2
batch:  3
batch:  4
batch:  5
batch:  6
batch:  7
batch:  8
batch:  9
Epoch 79
Episode: 316000
Reward: [-4.65 -4.66 -4.67 -4.6  -4.57]
Time: 28.62s
Add-Rate: 0.30
Success: 0.2840
Steps-Taken: 20.00
batch:  0
batch:  1
batch:  2
batch:  3
batch:  4
batch:  5
batch:  6
batch:  7
batch:  8
batch:  9
Epoch 80
Episode: 320000
Reward: [-4.81 -4.72 -4.83 -4.68 -4.55]
Time: 28.16s
Add-Rate: 0.30
Success: 0.2752
Steps-Taken: 20.00
batch:  0
batch:  1
batch:  2
batch:  3
batch:  4
batch:  5
batch:  6
batch:  7
batch:  8
batch:  9
Epoch 81
Episode: 324000
Reward: [-4.72 -4.73 -4.75 -4.72 -4.75]
Time: 27.82s
Add-Rate: 0.30
Success: 0.2730
Steps-Taken: 20.00
batch:  0
batch:  1
batch:  2
batch:  3
batch:  4
batch:  5
batch:  6
batch:  7
batch:  8
batch:  9
Epoch 82
Episode: 328000
Reward: [-4.57 -4.72 -4.61 -4.57 -4.68]
Time: 28.40s
Add-Rate: 0.30
Success: 0.2863
Steps-Taken: 20.00
batch:  0
batch:  1
batch:  2
batch:  3
batch:  4
batch:  5
batch:  6
batch:  7
batch:  8
batch:  9
Epoch 83
Episode: 332000
Reward: [-4.66 -4.58 -4.7  -4.71 -4.73]
Time: 27.98s
Add-Rate: 0.30
Success: 0.2873
Steps-Taken: 20.00
batch:  0
batch:  1
batch:  2
batch:  3
batch:  4
batch:  5
batch:  6
batch:  7
batch:  8
batch:  9
Epoch 84
Episode: 336000
Reward: [-4.59 -4.51 -4.57 -4.58 -4.63]
Time: 28.07s
Add-Rate: 0.30
Success: 0.2963
Steps-Taken: 20.00
batch:  0
batch:  1
batch:  2
batch:  3
batch:  4
batch:  5
batch:  6
batch:  7
batch:  8
batch:  9
Epoch 85
Episode: 340000
Reward: [-4.67 -4.65 -4.61 -4.52 -4.68]
Time: 28.14s
Add-Rate: 0.30
Success: 0.2920
Steps-Taken: 20.00
batch:  0
batch:  1
batch:  2
batch:  3
batch:  4
batch:  5
batch:  6
batch:  7
batch:  8
batch:  9
Epoch 86
Episode: 344000
Reward: [-4.65 -4.66 -4.72 -4.46 -4.71]
Time: 28.07s
Add-Rate: 0.30
Success: 0.2898
Steps-Taken: 20.00
batch:  0
batch:  1
batch:  2
batch:  3
batch:  4
batch:  5
batch:  6
batch:  7
batch:  8
batch:  9
Epoch 87
Episode: 348000
Reward: [-4.72 -4.85 -4.51 -4.62 -4.7 ]
Time: 28.45s
Add-Rate: 0.30
Success: 0.2840
Steps-Taken: 20.00
batch:  0
batch:  1
batch:  2
batch:  3
batch:  4
batch:  5
batch:  6
batch:  7
batch:  8
batch:  9
Epoch 88
Episode: 352000
Reward: [-4.76 -4.64 -4.55 -4.77 -4.51]
Time: 28.16s
Add-Rate: 0.30
Success: 0.2845
Steps-Taken: 20.00
batch:  0
batch:  1
batch:  2
batch:  3
batch:  4
batch:  5
batch:  6
batch:  7
batch:  8
batch:  9
Epoch 89
Episode: 356000
Reward: [-4.76 -4.49 -4.68 -4.61 -4.57]
Time: 28.13s
Add-Rate: 0.30
Success: 0.2908
Steps-Taken: 20.00
batch:  0
batch:  1
batch:  2
batch:  3
batch:  4
batch:  5
batch:  6
batch:  7
batch:  8
batch:  9
Epoch 90
Episode: 360000
Reward: [-4.88 -4.7  -4.73 -4.88 -4.67]
Time: 28.24s
Add-Rate: 0.30
Success: 0.2820
Steps-Taken: 20.00
batch:  0
batch:  1
batch:  2
batch:  3
batch:  4
batch:  5
batch:  6
batch:  7
batch:  8
batch:  9
Epoch 91
Episode: 364000
Reward: [-4.67 -4.78 -4.94 -4.8  -4.66]
Time: 28.43s
Add-Rate: 0.30
Success: 0.2785
Steps-Taken: 20.00
batch:  0
batch:  1
batch:  2
batch:  3
batch:  4
batch:  5
batch:  6
batch:  7
batch:  8
batch:  9
Epoch 92
Episode: 368000
Reward: [-4.9  -4.68 -4.73 -4.75 -4.72]
Time: 27.92s
Add-Rate: 0.30
Success: 0.2730
Steps-Taken: 20.00
batch:  0
batch:  1
batch:  2
batch:  3
batch:  4
batch:  5
batch:  6
batch:  7
batch:  8
batch:  9
Epoch 93
Episode: 372000
Reward: [-4.68 -4.73 -4.48 -4.54 -4.54]
Time: 27.97s
Add-Rate: 0.30
Success: 0.2940
Steps-Taken: 20.00
batch:  0
batch:  1
batch:  2
batch:  3
batch:  4
batch:  5
batch:  6
batch:  7
batch:  8
batch:  9
Epoch 94
Episode: 376000
Reward: [-4.63 -4.61 -4.56 -4.57 -4.59]
Time: 28.24s
Add-Rate: 0.30
Success: 0.2815
Steps-Taken: 20.00
batch:  0
batch:  1
batch:  2
batch:  3
batch:  4
batch:  5
batch:  6
batch:  7
batch:  8
batch:  9
Epoch 95
Episode: 380000
Reward: [-4.63 -4.72 -4.78 -4.58 -4.68]
Time: 28.64s
Add-Rate: 0.30
Success: 0.2840
Steps-Taken: 20.00
batch:  0
batch:  1
batch:  2
batch:  3
batch:  4
batch:  5
batch:  6
batch:  7
batch:  8
batch:  9
Epoch 96
Episode: 384000
Reward: [-4.7  -4.57 -4.62 -4.6  -4.6 ]
Time: 28.66s
Add-Rate: 0.30
Success: 0.2833
Steps-Taken: 20.00
batch:  0
batch:  1
batch:  2
batch:  3
batch:  4
batch:  5
batch:  6
batch:  7
batch:  8
batch:  9
Epoch 97
Episode: 388000
Reward: [-4.61 -4.65 -4.58 -4.61 -4.55]
Time: 28.16s
Add-Rate: 0.30
Success: 0.2850
Steps-Taken: 20.00
batch:  0
batch:  1
batch:  2
batch:  3
batch:  4
batch:  5
batch:  6
batch:  7
batch:  8
batch:  9
Epoch 98
Episode: 392000
Reward: [-4.56 -4.57 -4.78 -4.58 -4.61]
Time: 28.13s
Add-Rate: 0.30
Success: 0.2845
Steps-Taken: 20.00
batch:  0
batch:  1
batch:  2
batch:  3
batch:  4
batch:  5
batch:  6
batch:  7
batch:  8
batch:  9
Epoch 99
Episode: 396000
Reward: [-4.77 -4.7  -4.83 -4.75 -4.73]
Time: 28.60s
Add-Rate: 0.30
Success: 0.2815
Steps-Taken: 20.00
batch:  0
batch:  1
batch:  2
batch:  3
batch:  4
batch:  5
batch:  6
batch:  7
batch:  8
batch:  9
Epoch 100
Episode: 400000
Reward: [-4.61 -4.64 -4.63 -4.8  -4.62]
Time: 28.37s
Add-Rate: 0.30
Success: 0.2825
Steps-Taken: 20.00
batch:  0
batch:  1
batch:  2
batch:  3
batch:  4
batch:  5
batch:  6
batch:  7
batch:  8
batch:  9
Epoch 101
Episode: 404000
Reward: [-4.69 -4.72 -4.74 -4.71 -4.62]
Time: 28.63s
Add-Rate: 0.30
Success: 0.2923
Steps-Taken: 20.00
batch:  0
batch:  1
batch:  2
batch:  3
batch:  4
batch:  5
batch:  6
batch:  7
batch:  8
batch:  9
Epoch 102
Episode: 408000
Reward: [-4.6  -4.6  -4.46 -4.62 -4.53]
Time: 28.29s
Add-Rate: 0.30
Success: 0.2915
Steps-Taken: 20.00
batch:  0
batch:  1
batch:  2
batch:  3
batch:  4
batch:  5
batch:  6
batch:  7
batch:  8
batch:  9
Epoch 103
Episode: 412000
Reward: [-4.63 -4.58 -4.58 -4.56 -4.76]
Time: 27.98s
Add-Rate: 0.30
Success: 0.2870
Steps-Taken: 20.00
batch:  0
batch:  1
batch:  2
batch:  3
batch:  4
batch:  5
batch:  6
batch:  7
batch:  8
batch:  9
Epoch 104
Episode: 416000
Reward: [-4.5  -4.6  -4.54 -4.5  -4.68]
Time: 28.16s
Add-Rate: 0.30
Success: 0.2873
Steps-Taken: 20.00
batch:  0
batch:  1
batch:  2
batch:  3
batch:  4
batch:  5
batch:  6
batch:  7
batch:  8
batch:  9
Epoch 105
Episode: 420000
Reward: [-4.48 -4.43 -4.49 -4.79 -4.52]
Time: 27.82s
Add-Rate: 0.30
Success: 0.2973
Steps-Taken: 20.00
batch:  0
batch:  1
batch:  2
batch:  3
batch:  4
batch:  5
batch:  6
batch:  7
batch:  8
batch:  9
Epoch 106
Episode: 424000
Reward: [-4.38 -4.7  -4.63 -4.54 -4.41]
Time: 27.93s
Add-Rate: 0.30
Success: 0.3020
Steps-Taken: 20.00
batch:  0
batch:  1
batch:  2
batch:  3
batch:  4
batch:  5
batch:  6
batch:  7
batch:  8
batch:  9
Epoch 107
Episode: 428000
Reward: [-4.45 -4.6  -4.56 -4.43 -4.46]
Time: 28.31s
Add-Rate: 0.30
Success: 0.2955
Steps-Taken: 20.00
batch:  0
batch:  1
batch:  2
batch:  3
batch:  4
batch:  5
batch:  6
batch:  7
batch:  8
batch:  9
Epoch 108
Episode: 432000
Reward: [-4.54 -4.55 -4.57 -4.54 -4.47]
Time: 28.17s
Add-Rate: 0.30
Success: 0.2948
Steps-Taken: 20.00
batch:  0
batch:  1
batch:  2
batch:  3
batch:  4
batch:  5
batch:  6
batch:  7
batch:  8
batch:  9
Epoch 109
Episode: 436000
Reward: [-4.9  -5.11 -5.01 -4.88 -5.01]
Time: 28.45s
Add-Rate: 0.30
Success: 0.3142
Steps-Taken: 20.00
batch:  0
batch:  1
batch:  2
batch:  3
batch:  4
batch:  5
batch:  6
batch:  7
batch:  8
batch:  9
Epoch 110
Episode: 440000
Reward: [-5.33 -5.23 -5.12 -5.19 -5.3 ]
Time: 28.99s
Add-Rate: 0.30
Success: 0.3282
Steps-Taken: 20.00
batch:  0
batch:  1
batch:  2
batch:  3
batch:  4
batch:  5
batch:  6
batch:  7
batch:  8
batch:  9
Epoch 111
Episode: 444000
Reward: [-4.66 -4.69 -4.59 -4.65 -4.73]
Time: 28.92s
Add-Rate: 0.30
Success: 0.2800
Steps-Taken: 20.00
batch:  0
batch:  1
batch:  2
batch:  3
batch:  4
batch:  5
batch:  6
batch:  7
batch:  8
batch:  9
Epoch 112
Episode: 448000
Reward: [-4.4  -4.35 -4.56 -4.59 -4.51]
Time: 28.42s
Add-Rate: 0.30
Success: 0.3023
Steps-Taken: 20.00
batch:  0
batch:  1
batch:  2
batch:  3
batch:  4
batch:  5
batch:  6
batch:  7
batch:  8
batch:  9
Epoch 113
Episode: 452000
Reward: [-4.55 -4.52 -4.52 -4.61 -4.62]
Time: 28.76s
Add-Rate: 0.30
Success: 0.2900
Steps-Taken: 20.00
batch:  0
batch:  1
batch:  2
batch:  3
batch:  4
batch:  5
batch:  6
batch:  7
batch:  8
batch:  9
Epoch 114
Episode: 456000
Reward: [-4.5  -4.53 -4.71 -4.62 -4.51]
Time: 28.50s
Add-Rate: 0.30
Success: 0.2875
Steps-Taken: 20.00
batch:  0
batch:  1
batch:  2
batch:  3
batch:  4
batch:  5
batch:  6
batch:  7
batch:  8
batch:  9
Epoch 115
Episode: 460000
Reward: [-4.63 -4.56 -4.58 -4.49 -4.57]
Time: 28.46s
Add-Rate: 0.30
Success: 0.3030
Steps-Taken: 20.00
batch:  0
batch:  1
batch:  2
batch:  3
batch:  4
batch:  5
batch:  6
batch:  7
batch:  8
batch:  9
Epoch 116
Episode: 464000
Reward: [-4.6  -4.58 -4.6  -4.46 -4.56]
Time: 28.96s
Add-Rate: 0.30
Success: 0.2960
Steps-Taken: 20.00
batch:  0
batch:  1
batch:  2
batch:  3
batch:  4
batch:  5
batch:  6
batch:  7
batch:  8
batch:  9
Epoch 117
Episode: 468000
Reward: [-4.39 -4.5  -4.52 -4.58 -4.47]
Time: 29.20s
Add-Rate: 0.30
Success: 0.3090
Steps-Taken: 20.00
batch:  0
batch:  1
batch:  2
batch:  3
batch:  4
batch:  5
batch:  6
batch:  7
batch:  8
batch:  9
Epoch 118
Episode: 472000
Reward: [-4.38 -4.59 -4.48 -4.66 -4.54]
Time: 29.34s
Add-Rate: 0.30
Success: 0.2930
Steps-Taken: 20.00
batch:  0
batch:  1
batch:  2
batch:  3
batch:  4
batch:  5
batch:  6
batch:  7
batch:  8
batch:  9
Epoch 119
Episode: 476000
Reward: [-4.57 -4.52 -4.64 -4.63 -4.54]
Time: 27.91s
Add-Rate: 0.30
Success: 0.2938
Steps-Taken: 20.00
batch:  0
batch:  1
batch:  2
batch:  3
batch:  4
batch:  5
batch:  6
batch:  7
batch:  8
batch:  9
Epoch 120
Episode: 480000
Reward: [-4.56 -4.64 -4.72 -4.61 -4.51]
Time: 28.27s
Add-Rate: 0.30
Success: 0.2893
Steps-Taken: 20.00
batch:  0
batch:  1
batch:  2
batch:  3
batch:  4
batch:  5
batch:  6
batch:  7
batch:  8
batch:  9
Epoch 121
Episode: 484000
Reward: [-4.54 -4.38 -4.6  -4.54 -4.59]
Time: 28.23s
Add-Rate: 0.30
Success: 0.3065
Steps-Taken: 20.00
batch:  0
batch:  1
batch:  2
batch:  3
batch:  4
batch:  5
batch:  6
batch:  7
batch:  8
batch:  9
Epoch 122
Episode: 488000
Reward: [-4.51 -4.49 -4.6  -4.56 -4.51]
Time: 28.27s
Add-Rate: 0.30
Success: 0.3025
Steps-Taken: 20.00
batch:  0
batch:  1
batch:  2
batch:  3
batch:  4
batch:  5
batch:  6
batch:  7
batch:  8
batch:  9
Epoch 123
Episode: 492000
Reward: [-4.51 -4.53 -4.48 -4.57 -4.44]
Time: 28.09s
Add-Rate: 0.30
Success: 0.2980
Steps-Taken: 20.00
batch:  0
batch:  1
batch:  2
batch:  3
batch:  4
batch:  5
batch:  6
batch:  7
batch:  8
batch:  9
Epoch 124
Episode: 496000
Reward: [-4.42 -4.49 -4.32 -4.59 -4.64]
Time: 27.97s
Add-Rate: 0.30
Success: 0.3005
Steps-Taken: 20.00
batch:  0
batch:  1
batch:  2
batch:  3
batch:  4
batch:  5
batch:  6
batch:  7
batch:  8
batch:  9
Epoch 125
Episode: 500000
Reward: [-4.54 -4.62 -4.57 -4.46 -4.51]
Time: 28.36s
Add-Rate: 0.30
Success: 0.2968
Steps-Taken: 20.00
batch:  0
batch:  1
batch:  2
batch:  3
batch:  4
batch:  5
batch:  6
batch:  7
batch:  8
batch:  9
Epoch 126
Episode: 504000
Reward: [-4.66 -4.45 -4.56 -4.53 -4.46]
Time: 28.17s
Add-Rate: 0.30
Success: 0.2940
Steps-Taken: 20.00
batch:  0
batch:  1
batch:  2
batch:  3
batch:  4
batch:  5
batch:  6
batch:  7
batch:  8
batch:  9
Epoch 127
Episode: 508000
Reward: [-4.73 -4.62 -4.58 -4.58 -4.6 ]
Time: 28.69s
Add-Rate: 0.30
Success: 0.2863
Steps-Taken: 20.00
batch:  0
batch:  1
batch:  2
batch:  3
batch:  4
batch:  5
batch:  6
batch:  7
batch:  8
batch:  9
Epoch 128
Episode: 512000
Reward: [-4.86 -4.82 -4.88 -4.8  -4.82]
Time: 28.44s
Add-Rate: 0.30
Success: 0.2958
Steps-Taken: 20.00
batch:  0
batch:  1
batch:  2
batch:  3
batch:  4
batch:  5
batch:  6
batch:  7
batch:  8
batch:  9
Epoch 129
Episode: 516000
Reward: [-4.65 -4.66 -4.55 -4.61 -4.71]
Time: 28.55s
Add-Rate: 0.30
Success: 0.2855
Steps-Taken: 20.00
batch:  0
batch:  1
batch:  2
batch:  3
batch:  4
batch:  5
batch:  6
batch:  7
batch:  8
batch:  9
Epoch 130
Episode: 520000
Reward: [-4.37 -4.5  -4.66 -4.7  -4.56]
Time: 28.27s
Add-Rate: 0.30
Success: 0.2890
Steps-Taken: 20.00
batch:  0
batch:  1
batch:  2
batch:  3
batch:  4
batch:  5
batch:  6
batch:  7
batch:  8
batch:  9
Epoch 131
Episode: 524000
Reward: [-4.82 -4.66 -4.5  -4.4  -4.55]
Time: 28.98s
Add-Rate: 0.30
Success: 0.2848
Steps-Taken: 20.00
batch:  0
batch:  1
batch:  2
batch:  3
batch:  4
batch:  5
batch:  6
batch:  7
batch:  8
batch:  9
Epoch 132
Episode: 528000
Reward: [-4.6  -4.49 -4.62 -4.54 -4.55]
Time: 28.32s
Add-Rate: 0.30
Success: 0.2870
Steps-Taken: 20.00
batch:  0
batch:  1
batch:  2
batch:  3
batch:  4
batch:  5
batch:  6
batch:  7
batch:  8
batch:  9
Epoch 133
Episode: 532000
Reward: [-4.47 -4.38 -4.52 -4.4  -4.43]
Time: 28.68s
Add-Rate: 0.30
Success: 0.3083
Steps-Taken: 20.00
batch:  0
batch:  1
batch:  2
batch:  3
batch:  4
batch:  5
batch:  6
batch:  7
batch:  8
batch:  9
Epoch 134
Episode: 536000
Reward: [-4.53 -4.62 -4.66 -4.48 -4.62]
Time: 28.74s
Add-Rate: 0.30
Success: 0.2895
Steps-Taken: 20.00
batch:  0
batch:  1
batch:  2
batch:  3
batch:  4
batch:  5
batch:  6
batch:  7
batch:  8
batch:  9
Epoch 135
Episode: 540000
Reward: [-4.44 -4.41 -4.4  -4.4  -4.53]
Time: 29.06s
Add-Rate: 0.30
Success: 0.2988
Steps-Taken: 20.00
batch:  0
batch:  1
batch:  2
batch:  3
batch:  4
batch:  5
batch:  6
batch:  7
batch:  8
batch:  9
Epoch 136
Episode: 544000
Reward: [-4.59 -4.59 -4.47 -4.58 -4.61]
Time: 28.89s
Add-Rate: 0.30
Success: 0.2938
Steps-Taken: 20.00
batch:  0
batch:  1
batch:  2
batch:  3
batch:  4
batch:  5
batch:  6
batch:  7
batch:  8
batch:  9
Epoch 137
Episode: 548000
Reward: [-4.35 -4.39 -4.37 -4.38 -4.34]
Time: 28.71s
Add-Rate: 0.30
Success: 0.3170
Steps-Taken: 20.00
batch:  0
batch:  1
batch:  2
batch:  3
batch:  4
batch:  5
batch:  6
batch:  7
batch:  8
batch:  9
Epoch 138
Episode: 552000
Reward: [-4.4  -4.66 -4.7  -4.38 -4.48]
Time: 29.75s
Add-Rate: 0.30
Success: 0.3005
Steps-Taken: 20.00
batch:  0
batch:  1
batch:  2
batch:  3
batch:  4
batch:  5
batch:  6
batch:  7
batch:  8
batch:  9
Epoch 139
Episode: 556000
Reward: [-4.51 -4.62 -4.54 -4.64 -4.65]
Time: 29.83s
Add-Rate: 0.30
Success: 0.3048
Steps-Taken: 20.00
batch:  0
batch:  1
batch:  2
batch:  3
batch:  4
batch:  5
batch:  6
batch:  7
batch:  8
batch:  9
Epoch 140
Episode: 560000
Reward: [-4.57 -4.5  -4.61 -4.43 -4.37]
Time: 28.62s
Add-Rate: 0.30
Success: 0.2998
Steps-Taken: 20.00
batch:  0
batch:  1
batch:  2
batch:  3
batch:  4
batch:  5
batch:  6
batch:  7
batch:  8
batch:  9
Epoch 141
Episode: 564000
Reward: [-4.54 -4.42 -4.46 -4.55 -4.34]
Time: 28.90s
Add-Rate: 0.30
Success: 0.3018
Steps-Taken: 20.00
batch:  0
batch:  1
batch:  2
batch:  3
batch:  4
batch:  5
batch:  6
batch:  7
batch:  8
batch:  9
Epoch 142
Episode: 568000
Reward: [-4.6  -4.45 -4.52 -4.34 -4.44]
Time: 29.55s
Add-Rate: 0.30
Success: 0.2990
Steps-Taken: 20.00
batch:  0
batch:  1
batch:  2
batch:  3
batch:  4
batch:  5
batch:  6
batch:  7
batch:  8
batch:  9
Epoch 143
Episode: 572000
Reward: [-4.64 -4.6  -4.72 -4.53 -4.43]
Time: 29.05s
Add-Rate: 0.30
Success: 0.2915
Steps-Taken: 20.00
batch:  0
batch:  1
batch:  2
batch:  3
batch:  4
batch:  5
batch:  6
batch:  7
batch:  8
batch:  9
Epoch 144
Episode: 576000
Reward: [-4.6  -4.63 -4.49 -4.63 -4.5 ]
Time: 28.62s
Add-Rate: 0.30
Success: 0.2823
Steps-Taken: 20.00
batch:  0
batch:  1
batch:  2
batch:  3
batch:  4
batch:  5
batch:  6
batch:  7
batch:  8
batch:  9
Epoch 145
Episode: 580000
Reward: [-4.77 -4.57 -4.57 -4.64 -4.65]
Time: 29.60s
Add-Rate: 0.30
Success: 0.2910
Steps-Taken: 20.00
batch:  0
batch:  1
batch:  2
batch:  3
batch:  4
batch:  5
batch:  6
batch:  7
batch:  8
batch:  9
Epoch 146
Episode: 584000
Reward: [-4.59 -4.53 -4.52 -4.38 -4.52]
Time: 29.02s
Add-Rate: 0.30
Success: 0.2895
Steps-Taken: 20.00
batch:  0
batch:  1
batch:  2
batch:  3
batch:  4
batch:  5
batch:  6
batch:  7
batch:  8
batch:  9
Epoch 147
Episode: 588000
Reward: [-4.4  -4.59 -4.56 -4.68 -4.55]
Time: 28.33s
Add-Rate: 0.30
Success: 0.2945
Steps-Taken: 20.00
batch:  0
batch:  1
batch:  2
batch:  3
batch:  4
batch:  5
batch:  6
batch:  7
batch:  8
batch:  9
Epoch 148
Episode: 592000
Reward: [-4.41 -4.56 -4.44 -4.42 -4.51]
Time: 28.59s
Add-Rate: 0.30
Success: 0.2935
Steps-Taken: 20.00
batch:  0
batch:  1
batch:  2
batch:  3
batch:  4
batch:  5
batch:  6
batch:  7
batch:  8
batch:  9
Epoch 149
Episode: 596000
Reward: [-4.68 -4.49 -4.52 -4.49 -4.43]
Time: 28.50s
Add-Rate: 0.30
Success: 0.2878
Steps-Taken: 20.00
batch:  0
batch:  1
batch:  2
batch:  3
batch:  4
batch:  5
batch:  6
batch:  7
batch:  8
batch:  9
Epoch 150
Episode: 600000
Reward: [-4.45 -4.61 -4.55 -4.56 -4.69]
Time: 28.35s
Add-Rate: 0.30
Success: 0.2790
Steps-Taken: 20.00
batch:  0
batch:  1
batch:  2
batch:  3
batch:  4
batch:  5
batch:  6
batch:  7
batch:  8
batch:  9
Epoch 151
Episode: 604000
Reward: [-4.5  -4.53 -4.56 -4.4  -4.54]
Time: 28.06s
Add-Rate: 0.30
Success: 0.2933
Steps-Taken: 20.00
batch:  0
batch:  1
batch:  2
batch:  3
batch:  4
batch:  5
batch:  6
batch:  7
batch:  8
batch:  9
Epoch 152
Episode: 608000
Reward: [-4.45 -4.51 -4.66 -4.51 -4.49]
Time: 28.38s
Add-Rate: 0.30
Success: 0.2903
Steps-Taken: 20.00
batch:  0
batch:  1
batch:  2
batch:  3
batch:  4
batch:  5
batch:  6
batch:  7
batch:  8
batch:  9
Epoch 153
Episode: 612000
Reward: [-4.48 -4.5  -4.45 -4.56 -4.4 ]
Time: 28.62s
Add-Rate: 0.30
Success: 0.2990
Steps-Taken: 20.00
batch:  0
batch:  1
batch:  2
batch:  3
batch:  4
batch:  5
batch:  6
batch:  7
batch:  8
batch:  9
Epoch 154
Episode: 616000
Reward: [-4.39 -4.43 -4.45 -4.44 -4.45]
Time: 28.58s
Add-Rate: 0.30
Success: 0.3038
Steps-Taken: 20.00
batch:  0
batch:  1
batch:  2
batch:  3
batch:  4
batch:  5
batch:  6
batch:  7
batch:  8
batch:  9
Epoch 155
Episode: 620000
Reward: [-4.56 -4.55 -4.45 -4.49 -4.4 ]
Time: 27.71s
Add-Rate: 0.30
Success: 0.3003
Steps-Taken: 20.00
batch:  0
batch:  1
batch:  2
batch:  3
batch:  4
batch:  5
batch:  6
batch:  7
batch:  8
batch:  9
Epoch 156
Episode: 624000
Reward: [-4.48 -4.55 -4.88 -4.77 -4.56]
Time: 29.40s
Add-Rate: 0.30
Success: 0.2898
Steps-Taken: 20.00
batch:  0
batch:  1
batch:  2
batch:  3
batch:  4
batch:  5
batch:  6
batch:  7
batch:  8
batch:  9
Epoch 157
Episode: 628000
Reward: [-4.96 -4.76 -4.77 -4.8  -4.73]
Time: 29.80s
Add-Rate: 0.30
Success: 0.2943
Steps-Taken: 20.00
batch:  0
batch:  1
batch:  2
batch:  3
batch:  4
batch:  5
batch:  6
batch:  7
batch:  8
batch:  9
Epoch 158
Episode: 632000
Reward: [-4.38 -4.65 -4.5  -4.33 -4.49]
Time: 29.04s
Add-Rate: 0.30
Success: 0.2998
Steps-Taken: 20.00
batch:  0
batch:  1
batch:  2
batch:  3
batch:  4
batch:  5
batch:  6
batch:  7
batch:  8
batch:  9
Epoch 159
Episode: 636000
Reward: [-4.22 -4.39 -4.29 -4.28 -4.39]
Time: 28.34s
Add-Rate: 0.30
Success: 0.3137
Steps-Taken: 20.00
batch:  0
batch:  1
batch:  2
batch:  3
batch:  4
batch:  5
batch:  6
batch:  7
batch:  8
batch:  9
Epoch 160
Episode: 640000
Reward: [-4.57 -4.35 -4.47 -4.46 -4.6 ]
Time: 28.69s
Add-Rate: 0.30
Success: 0.2970
Steps-Taken: 20.00
batch:  0
batch:  1
batch:  2
batch:  3
batch:  4
batch:  5
batch:  6
batch:  7
batch:  8
batch:  9
Epoch 161
Episode: 644000
Reward: [-4.53 -4.37 -4.52 -4.51 -4.33]
Time: 28.77s
Add-Rate: 0.30
Success: 0.3073
Steps-Taken: 20.00
batch:  0
batch:  1
batch:  2
batch:  3
batch:  4
batch:  5
batch:  6
batch:  7
batch:  8
batch:  9
Epoch 162
Episode: 648000
Reward: [-4.53 -4.48 -4.62 -4.54 -4.45]
Time: 28.02s
Add-Rate: 0.30
Success: 0.2895
Steps-Taken: 20.00
batch:  0
batch:  1
batch:  2
batch:  3
batch:  4
batch:  5
batch:  6
batch:  7
batch:  8
batch:  9
Epoch 163
Episode: 652000
Reward: [-4.47 -4.44 -4.44 -4.47 -4.42]
Time: 29.64s
Add-Rate: 0.30
Success: 0.3025
Steps-Taken: 20.00
batch:  0
batch:  1
batch:  2
batch:  3
batch:  4
batch:  5
batch:  6
batch:  7
batch:  8
batch:  9
Epoch 164
Episode: 656000
Reward: [-4.31 -4.47 -4.63 -4.52 -4.49]
Time: 29.01s
Add-Rate: 0.30
Success: 0.2968
Steps-Taken: 20.00
batch:  0
batch:  1
batch:  2
batch:  3
batch:  4
batch:  5
batch:  6
batch:  7
batch:  8
batch:  9
Epoch 165
Episode: 660000
Reward: [-4.74 -4.52 -4.35 -4.58 -4.67]
Time: 28.02s
Add-Rate: 0.30
Success: 0.2873
Steps-Taken: 20.00
batch:  0
batch:  1
batch:  2
batch:  3
batch:  4
batch:  5
batch:  6
batch:  7
batch:  8
batch:  9
Epoch 166
Episode: 664000
Reward: [-4.42 -4.52 -4.48 -4.5  -4.48]
Time: 27.95s
Add-Rate: 0.30
Success: 0.2995
Steps-Taken: 20.00
batch:  0
batch:  1
batch:  2
batch:  3
batch:  4
batch:  5
batch:  6
batch:  7
batch:  8
batch:  9
Epoch 167
Episode: 668000
Reward: [-4.46 -4.67 -4.45 -4.47 -4.34]
Time: 28.46s
Add-Rate: 0.30
Success: 0.3023
Steps-Taken: 20.00
batch:  0
batch:  1
batch:  2
batch:  3
batch:  4
batch:  5
batch:  6
batch:  7
batch:  8
batch:  9
Epoch 168
Episode: 672000
Reward: [-4.68 -4.68 -4.64 -4.68 -4.46]
Time: 28.43s
Add-Rate: 0.30
Success: 0.2898
Steps-Taken: 20.00
batch:  0
batch:  1
batch:  2
batch:  3
batch:  4
batch:  5
batch:  6
batch:  7
batch:  8
batch:  9
Epoch 169
Episode: 676000
Reward: [-4.44 -4.47 -4.45 -4.47 -4.48]
Time: 28.38s
Add-Rate: 0.30
Success: 0.3030
Steps-Taken: 20.00
batch:  0
batch:  1
batch:  2
batch:  3
batch:  4
batch:  5
batch:  6
batch:  7
batch:  8
batch:  9
Epoch 170
Episode: 680000
Reward: [-4.72 -4.58 -4.3  -4.53 -4.38]
Time: 28.40s
Add-Rate: 0.30
Success: 0.2998
Steps-Taken: 20.00
batch:  0
batch:  1
batch:  2
batch:  3
batch:  4
batch:  5
batch:  6
batch:  7
batch:  8
batch:  9
Epoch 171
Episode: 684000
Reward: [-4.39 -4.51 -4.53 -4.49 -4.29]
Time: 29.01s
Add-Rate: 0.30
Success: 0.3018
Steps-Taken: 20.00
batch:  0
batch:  1
batch:  2
batch:  3
batch:  4
batch:  5
batch:  6
batch:  7
batch:  8
batch:  9
Epoch 172
Episode: 688000
Reward: [-4.59 -4.73 -4.54 -4.6  -4.61]
Time: 29.16s
Add-Rate: 0.30
Success: 0.2792
Steps-Taken: 20.00
batch:  0
batch:  1
batch:  2
batch:  3
batch:  4
batch:  5
batch:  6
batch:  7
batch:  8
batch:  9
Epoch 173
Episode: 692000
Reward: [-4.41 -4.55 -4.64 -4.6  -4.31]
Time: 28.53s
Add-Rate: 0.30
Success: 0.3018
Steps-Taken: 20.00
batch:  0
batch:  1
batch:  2
batch:  3
batch:  4
batch:  5
batch:  6
batch:  7
batch:  8
batch:  9
Epoch 174
Episode: 696000
Reward: [-4.44 -4.41 -4.44 -4.43 -4.39]
Time: 28.57s
Add-Rate: 0.30
Success: 0.3015
Steps-Taken: 20.00
batch:  0
batch:  1
batch:  2
batch:  3
batch:  4
batch:  5
batch:  6
batch:  7
batch:  8
batch:  9
Epoch 175
Episode: 700000
Reward: [-4.39 -4.27 -4.53 -4.48 -4.39]
Time: 29.56s
Add-Rate: 0.30
Success: 0.3063
Steps-Taken: 20.00
batch:  0
batch:  1
batch:  2
batch:  3
batch:  4
batch:  5
batch:  6
batch:  7
batch:  8
batch:  9
Epoch 176
Episode: 704000
Reward: [-4.33 -4.43 -4.34 -4.4  -4.47]
Time: 29.22s
Add-Rate: 0.30
Success: 0.3142
Steps-Taken: 20.00
batch:  0
batch:  1
batch:  2
batch:  3
batch:  4
batch:  5
batch:  6
batch:  7
batch:  8
batch:  9
Epoch 177
Episode: 708000
Reward: [-4.43 -4.36 -4.31 -4.36 -4.43]
Time: 29.58s
Add-Rate: 0.30
Success: 0.3127
Steps-Taken: 20.00
batch:  0
batch:  1
batch:  2
batch:  3
batch:  4
batch:  5
batch:  6
batch:  7
batch:  8
batch:  9
Epoch 178
Episode: 712000
Reward: [-4.35 -4.38 -4.27 -4.31 -4.29]
Time: 29.96s
Add-Rate: 0.30
Success: 0.3140
Steps-Taken: 20.00
batch:  0
batch:  1
batch:  2
batch:  3
batch:  4
batch:  5
batch:  6
batch:  7
batch:  8
batch:  9
Epoch 179
Episode: 716000
Reward: [-4.7  -4.51 -4.55 -4.62 -4.5 ]
Time: 29.20s
Add-Rate: 0.30
Success: 0.2995
Steps-Taken: 20.00
batch:  0
batch:  1
batch:  2
batch:  3
batch:  4
batch:  5
batch:  6
batch:  7
batch:  8
batch:  9
Epoch 180
Episode: 720000
Reward: [-4.33 -4.33 -4.35 -4.45 -4.54]
Time: 29.33s
Add-Rate: 0.30
Success: 0.3048
Steps-Taken: 20.00
batch:  0
batch:  1
batch:  2
batch:  3
batch:  4
batch:  5
batch:  6
batch:  7
batch:  8
batch:  9
Epoch 181
Episode: 724000
Reward: [-4.32 -4.35 -4.32 -4.24 -4.38]
Time: 30.01s
Add-Rate: 0.30
Success: 0.3202
Steps-Taken: 20.00
batch:  0
batch:  1
batch:  2
batch:  3
batch:  4
batch:  5
batch:  6
batch:  7
batch:  8
batch:  9
Epoch 182
Episode: 728000
Reward: [-4.33 -4.32 -4.25 -4.32 -4.33]
Time: 29.75s
Add-Rate: 0.30
Success: 0.3160
Steps-Taken: 20.00
batch:  0
batch:  1
batch:  2
batch:  3
batch:  4
batch:  5
batch:  6
batch:  7
batch:  8
batch:  9
Epoch 183
Episode: 732000
Reward: [-4.38 -4.36 -4.37 -4.2  -4.58]
Time: 28.86s
Add-Rate: 0.30
Success: 0.3162
Steps-Taken: 20.00
batch:  0
batch:  1
batch:  2
batch:  3
batch:  4
batch:  5
batch:  6
batch:  7
batch:  8
batch:  9
Epoch 184
Episode: 736000
Reward: [-4.65 -4.58 -4.53 -4.63 -4.66]
Time: 30.04s
Add-Rate: 0.30
Success: 0.3105
Steps-Taken: 20.00
batch:  0
batch:  1
batch:  2
batch:  3
batch:  4
batch:  5
batch:  6
batch:  7
batch:  8
batch:  9
Epoch 185
Episode: 740000
Reward: [-4.29 -4.36 -4.48 -4.3  -4.43]
Time: 29.73s
Add-Rate: 0.30
Success: 0.3093
Steps-Taken: 20.00
batch:  0
batch:  1
batch:  2
batch:  3
batch:  4
batch:  5
batch:  6
batch:  7
batch:  8
batch:  9
Epoch 186
Episode: 744000
Reward: [-4.64 -4.5  -4.44 -4.45 -4.49]
Time: 29.45s
Add-Rate: 0.30
Success: 0.3010
Steps-Taken: 20.00
batch:  0
batch:  1
batch:  2
batch:  3
batch:  4
batch:  5
batch:  6
batch:  7
batch:  8
batch:  9
Epoch 187
Episode: 748000
Reward: [-4.71 -4.6  -4.57 -4.48 -4.59]
Time: 29.24s
Add-Rate: 0.30
Success: 0.2838
Steps-Taken: 20.00
batch:  0
batch:  1
batch:  2
batch:  3
batch:  4
batch:  5
batch:  6
batch:  7
batch:  8
batch:  9
Epoch 188
Episode: 752000
Reward: [-4.48 -4.66 -4.57 -4.42 -4.49]
Time: 30.48s
Add-Rate: 0.30
Success: 0.2985
Steps-Taken: 20.00
batch:  0
batch:  1
batch:  2
batch:  3
batch:  4
batch:  5
batch:  6
batch:  7
batch:  8
batch:  9
Epoch 189
Episode: 756000
Reward: [-4.58 -4.44 -4.43 -4.52 -4.6 ]
Time: 30.62s
Add-Rate: 0.30
Success: 0.2925
Steps-Taken: 20.00
batch:  0
batch:  1
batch:  2
batch:  3
batch:  4
batch:  5
batch:  6
batch:  7
batch:  8
batch:  9
Epoch 190
Episode: 760000
Reward: [-4.3  -4.41 -4.54 -4.48 -4.37]
Time: 29.34s
Add-Rate: 0.30
Success: 0.3018
Steps-Taken: 20.00
batch:  0
batch:  1
batch:  2
batch:  3
batch:  4
batch:  5
batch:  6
batch:  7
batch:  8
batch:  9
Epoch 191
Episode: 764000
Reward: [-4.24 -4.35 -4.37 -4.43 -4.4 ]
Time: 28.99s
Add-Rate: 0.30
Success: 0.3078
Steps-Taken: 20.00
batch:  0
batch:  1
batch:  2
batch:  3
batch:  4
batch:  5
batch:  6
batch:  7
batch:  8
batch:  9
Epoch 192
Episode: 768000
Reward: [-6.16 -6.18 -6.24 -6.1  -6.52]
Time: 29.30s
Add-Rate: 0.30
Success: 0.4290
Steps-Taken: 20.00
batch:  0
batch:  1
batch:  2
batch:  3
batch:  4
batch:  5
batch:  6
batch:  7
batch:  8
batch:  9
Epoch 193
Episode: 772000
Reward: [-4.46 -4.36 -4.53 -4.32 -4.49]
Time: 28.30s
Add-Rate: 0.30
Success: 0.3070
Steps-Taken: 20.00
batch:  0
batch:  1
batch:  2
batch:  3
batch:  4
batch:  5
batch:  6
batch:  7
batch:  8
batch:  9
Epoch 194
Episode: 776000
Reward: [-4.41 -4.43 -4.43 -4.47 -4.59]
Time: 28.46s
Add-Rate: 0.30
Success: 0.3033
Steps-Taken: 20.00
batch:  0
batch:  1
batch:  2
batch:  3
batch:  4
batch:  5
batch:  6
batch:  7
batch:  8
batch:  9
Epoch 195
Episode: 780000
Reward: [-4.33 -4.44 -4.39 -4.37 -4.4 ]
Time: 29.57s
Add-Rate: 0.30
Success: 0.3055
Steps-Taken: 20.00
batch:  0
batch:  1
batch:  2
batch:  3
batch:  4
batch:  5
batch:  6
batch:  7
batch:  8
batch:  9
Epoch 196
Episode: 784000
Reward: [-4.68 -4.53 -4.43 -4.72 -4.42]
Time: 28.27s
Add-Rate: 0.30
Success: 0.2925
Steps-Taken: 20.00
batch:  0
batch:  1
batch:  2
batch:  3
batch:  4
batch:  5
batch:  6
batch:  7
batch:  8
batch:  9
Epoch 197
Episode: 788000
Reward: [-4.36 -4.49 -4.21 -4.37 -4.4 ]
Time: 28.14s
Add-Rate: 0.30
Success: 0.3095
Steps-Taken: 20.00
batch:  0
batch:  1
batch:  2
batch:  3
batch:  4
batch:  5
batch:  6
batch:  7
batch:  8
batch:  9
Epoch 198
Episode: 792000
Reward: [-4.39 -4.34 -4.57 -4.56 -4.47]
Time: 28.13s
Add-Rate: 0.30
Success: 0.3020
Steps-Taken: 20.00
batch:  0
batch:  1
batch:  2
batch:  3
batch:  4
batch:  5
batch:  6
batch:  7
batch:  8
batch:  9
Epoch 199
Episode: 796000
Reward: [-4.4  -4.55 -4.54 -4.51 -4.46]
Time: 28.06s
Add-Rate: 0.30
Success: 0.2858
Steps-Taken: 20.00
batch:  0
batch:  1
batch:  2
batch:  3
batch:  4
batch:  5
batch:  6
batch:  7
batch:  8
batch:  9
Epoch 200
Episode: 800000
Reward: [-4.32 -4.33 -4.15 -4.25 -4.16]
Time: 28.11s
Add-Rate: 0.30
Success: 0.3235
Steps-Taken: 20.00
batch:  0
batch:  1
batch:  2
batch:  3
batch:  4
batch:  5
batch:  6
batch:  7
batch:  8
batch:  9
Epoch 201
Episode: 804000
Reward: [-4.51 -4.42 -4.44 -4.43 -4.45]
Time: 28.50s
Add-Rate: 0.30
Success: 0.3162
Steps-Taken: 20.00
batch:  0
batch:  1
batch:  2
batch:  3
batch:  4
batch:  5
batch:  6
batch:  7
batch:  8
batch:  9
Epoch 202
Episode: 808000
Reward: [-4.92 -4.83 -4.67 -4.58 -4.92]
Time: 28.59s
Add-Rate: 0.30
Success: 0.3922
Steps-Taken: 20.00
batch:  0
batch:  1
batch:  2
batch:  3
batch:  4
batch:  5
batch:  6
batch:  7
batch:  8
batch:  9
Epoch 203
Episode: 812000
Reward: [-4.78 -4.47 -4.77 -4.79 -4.79]
Time: 28.44s
Add-Rate: 0.30
Success: 0.3290
Steps-Taken: 20.00
batch:  0
batch:  1
batch:  2
batch:  3
batch:  4
batch:  5
batch:  6
batch:  7
batch:  8
batch:  9
Epoch 204
Episode: 816000
Reward: [-4.36 -4.47 -4.4  -4.49 -4.48]
Time: 28.16s
Add-Rate: 0.30
Success: 0.2958
Steps-Taken: 20.00
batch:  0
batch:  1
batch:  2
batch:  3
batch:  4
batch:  5
batch:  6
batch:  7
batch:  8
batch:  9
Epoch 205
Episode: 820000
Reward: [-4.35 -4.38 -4.42 -4.43 -4.53]
Time: 28.57s
Add-Rate: 0.30
Success: 0.2955
Steps-Taken: 20.00
batch:  0
batch:  1
batch:  2
batch:  3
batch:  4
batch:  5
batch:  6
batch:  7
batch:  8
batch:  9
Epoch 206
Episode: 824000
Reward: [-4.21 -4.36 -4.29 -4.54 -4.52]
Time: 29.67s
Add-Rate: 0.30
Success: 0.3093
Steps-Taken: 20.00
batch:  0
batch:  1
batch:  2
batch:  3
batch:  4
batch:  5
batch:  6
batch:  7
batch:  8
batch:  9
Epoch 207
Episode: 828000
Reward: [-4.45 -4.5  -4.56 -4.5  -4.69]
Time: 28.62s
Add-Rate: 0.30
Success: 0.2925
Steps-Taken: 20.00
batch:  0
batch:  1
batch:  2
batch:  3
batch:  4
batch:  5
batch:  6
batch:  7
batch:  8
batch:  9
Epoch 208
Episode: 832000
Reward: [-4.33 -4.31 -4.36 -4.51 -4.33]
Time: 28.93s
Add-Rate: 0.30
Success: 0.3140
Steps-Taken: 20.00
batch:  0
batch:  1
batch:  2
batch:  3
batch:  4
batch:  5
batch:  6
batch:  7
batch:  8
batch:  9
Epoch 209
Episode: 836000
Reward: [-4.3  -4.34 -4.22 -4.29 -4.29]
Time: 28.57s
Add-Rate: 0.30
Success: 0.3113
Steps-Taken: 20.00
batch:  0
batch:  1
batch:  2
batch:  3
batch:  4
batch:  5
batch:  6
batch:  7
batch:  8
batch:  9
Epoch 210
Episode: 840000
Reward: [-4.34 -4.3  -4.46 -4.31 -4.45]
Time: 28.18s
Add-Rate: 0.30
Success: 0.3088
Steps-Taken: 20.00
batch:  0
batch:  1
batch:  2
batch:  3
batch:  4
batch:  5
batch:  6
batch:  7
batch:  8
batch:  9
Epoch 211
Episode: 844000
Reward: [-4.2  -4.17 -4.26 -4.25 -4.29]
Time: 27.81s
Add-Rate: 0.30
Success: 0.3222
Steps-Taken: 20.00
batch:  0
batch:  1
batch:  2
batch:  3
batch:  4
batch:  5
batch:  6
batch:  7
batch:  8
batch:  9
Epoch 212
Episode: 848000
Reward: [-4.41 -4.38 -4.28 -4.34 -4.37]
Time: 27.79s
Add-Rate: 0.30
Success: 0.3108
Steps-Taken: 20.00
batch:  0
batch:  1
batch:  2
batch:  3
batch:  4
batch:  5
batch:  6
batch:  7
batch:  8
batch:  9
Epoch 213
Episode: 852000
Reward: [-4.35 -4.3  -4.36 -4.55 -4.42]
Time: 28.15s
Add-Rate: 0.30
Success: 0.2950
Steps-Taken: 20.00
batch:  0
batch:  1
batch:  2
batch:  3
batch:  4
batch:  5
batch:  6
batch:  7
batch:  8
batch:  9
Epoch 214
Episode: 856000
Reward: [-4.94 -5.29 -5.19 -5.03 -5.  ]
Time: 28.24s
Add-Rate: 0.30
Success: 0.3350
Steps-Taken: 20.00
batch:  0
batch:  1
batch:  2
batch:  3
batch:  4
batch:  5
batch:  6
batch:  7
batch:  8
batch:  9
Epoch 215
Episode: 860000
Reward: [-4.22 -4.39 -4.33 -4.31 -4.45]
Time: 28.03s
Add-Rate: 0.30
Success: 0.3277
Steps-Taken: 20.00
batch:  0
batch:  1
batch:  2
batch:  3
batch:  4
batch:  5
batch:  6
batch:  7
batch:  8
batch:  9
Epoch 216
Episode: 864000
Reward: [-4.41 -4.48 -4.45 -4.45 -4.56]
Time: 27.94s
Add-Rate: 0.30
Success: 0.3068
Steps-Taken: 20.00
batch:  0
batch:  1
batch:  2
batch:  3
batch:  4
batch:  5
batch:  6
batch:  7
batch:  8
batch:  9
Epoch 217
Episode: 868000
Reward: [-4.37 -4.5  -4.45 -4.51 -4.48]
Time: 29.62s
Add-Rate: 0.30
Success: 0.3038
Steps-Taken: 20.00
batch:  0
batch:  1
batch:  2
batch:  3
batch:  4
batch:  5
batch:  6
batch:  7
batch:  8
batch:  9
Epoch 218
Episode: 872000
Reward: [-4.48 -4.39 -4.55 -4.44 -4.5 ]
Time: 28.31s
Add-Rate: 0.30
Success: 0.3157
Steps-Taken: 20.00
batch:  0
batch:  1
batch:  2
batch:  3
batch:  4
batch:  5
batch:  6
batch:  7
batch:  8
batch:  9
Epoch 219
Episode: 876000
Reward: [-4.35 -4.47 -4.39 -4.37 -4.5 ]
Time: 28.90s
Add-Rate: 0.30
Success: 0.3083
Steps-Taken: 20.00
batch:  0
batch:  1
batch:  2
batch:  3
batch:  4
batch:  5
batch:  6
batch:  7
batch:  8
batch:  9
Epoch 220
Episode: 880000
Reward: [-4.26 -4.38 -4.2  -4.28 -4.39]
Time: 28.79s
Add-Rate: 0.30
Success: 0.3197
Steps-Taken: 20.00
batch:  0
batch:  1
batch:  2
batch:  3
batch:  4
batch:  5
batch:  6
batch:  7
batch:  8
batch:  9
Epoch 221
Episode: 884000
Reward: [-4.31 -4.25 -4.41 -4.3  -4.53]
Time: 29.33s
Add-Rate: 0.30
Success: 0.3023
Steps-Taken: 20.00
batch:  0
batch:  1
batch:  2
batch:  3
batch:  4
batch:  5
batch:  6
batch:  7
batch:  8
batch:  9
Epoch 222
Episode: 888000
Reward: [-4.46 -4.37 -4.26 -4.23 -4.45]
Time: 29.01s
Add-Rate: 0.30
Success: 0.3165
Steps-Taken: 20.00
batch:  0
batch:  1
batch:  2
batch:  3
batch:  4
batch:  5
batch:  6
batch:  7
batch:  8
batch:  9
Epoch 223
Episode: 892000
Reward: [-4.55 -4.39 -4.5  -4.51 -4.39]
Time: 29.16s
Add-Rate: 0.30
Success: 0.2920
Steps-Taken: 20.00
batch:  0
batch:  1
batch:  2
batch:  3
batch:  4
batch:  5
batch:  6
batch:  7
batch:  8
batch:  9
Epoch 224
Episode: 896000
Reward: [-4.55 -4.42 -4.52 -4.44 -4.47]
Time: 29.88s
Add-Rate: 0.30
Success: 0.3108
Steps-Taken: 20.00
batch:  0
batch:  1
batch:  2
batch:  3
batch:  4
batch:  5
batch:  6
batch:  7
batch:  8
batch:  9
Epoch 225
Episode: 900000
Reward: [-4.48 -4.49 -4.63 -4.48 -4.47]
Time: 28.35s
Add-Rate: 0.30
Success: 0.3015
Steps-Taken: 20.00
batch:  0
batch:  1
batch:  2
batch:  3
batch:  4
batch:  5
batch:  6
batch:  7
batch:  8
batch:  9
Epoch 226
Episode: 904000
Reward: [-4.42 -4.5  -4.53 -4.42 -4.32]
Time: 29.94s
Add-Rate: 0.30
Success: 0.3020
Steps-Taken: 20.00
batch:  0
batch:  1
batch:  2
batch:  3
batch:  4
batch:  5
batch:  6
batch:  7
batch:  8
batch:  9
Epoch 227
Episode: 908000
Reward: [-4.57 -4.48 -4.53 -4.51 -4.47]
Time: 28.23s
Add-Rate: 0.30
Success: 0.2910
Steps-Taken: 20.00
batch:  0
batch:  1
batch:  2
batch:  3
batch:  4
batch:  5
batch:  6
batch:  7
batch:  8
batch:  9
Epoch 228
Episode: 912000
Reward: [-4.34 -4.28 -4.42 -4.36 -4.33]
Time: 28.29s
Add-Rate: 0.30
Success: 0.3165
Steps-Taken: 20.00
batch:  0
batch:  1
batch:  2
batch:  3
batch:  4
batch:  5
batch:  6
batch:  7
batch:  8
batch:  9
Epoch 229
Episode: 916000
Reward: [-4.3  -4.45 -4.21 -4.11 -4.34]
Time: 27.85s
Add-Rate: 0.30
Success: 0.3165
Steps-Taken: 20.00
batch:  0
batch:  1
batch:  2
batch:  3
batch:  4
batch:  5
batch:  6
batch:  7
batch:  8
batch:  9
Epoch 230
Episode: 920000
Reward: [-4.43 -4.43 -4.4  -4.35 -4.49]
Time: 28.27s
Add-Rate: 0.30
Success: 0.3023
Steps-Taken: 20.00
batch:  0
batch:  1
batch:  2
batch:  3
batch:  4
batch:  5
batch:  6
batch:  7
batch:  8
batch:  9
Epoch 231
Episode: 924000
Reward: [-4.41 -4.36 -4.27 -4.37 -4.4 ]
Time: 28.44s
Add-Rate: 0.30
Success: 0.3098
Steps-Taken: 20.00
batch:  0
batch:  1
batch:  2
batch:  3
batch:  4
batch:  5
batch:  6
batch:  7
batch:  8
batch:  9
Epoch 232
Episode: 928000
Reward: [-4.41 -4.41 -4.5  -4.34 -4.41]
Time: 28.57s
Add-Rate: 0.30
Success: 0.3085
Steps-Taken: 20.00
batch:  0
batch:  1
batch:  2
batch:  3
batch:  4
batch:  5
batch:  6
batch:  7
batch:  8
batch:  9
Epoch 233
Episode: 932000
Reward: [-4.31 -4.49 -4.44 -4.26 -4.47]
Time: 28.27s
Add-Rate: 0.30
Success: 0.3010
Steps-Taken: 20.00
batch:  0
batch:  1
batch:  2
batch:  3
batch:  4
batch:  5
batch:  6
batch:  7
batch:  8
batch:  9
Epoch 234
Episode: 936000
Reward: [-4.46 -4.42 -4.27 -4.5  -4.35]
Time: 28.87s
Add-Rate: 0.30
Success: 0.3028
Steps-Taken: 20.00
batch:  0
batch:  1
batch:  2
batch:  3
batch:  4
batch:  5
batch:  6
batch:  7
batch:  8
batch:  9
Epoch 235
Episode: 940000
Reward: [-4.31 -4.4  -4.28 -4.2  -4.23]
Time: 28.96s
Add-Rate: 0.30
Success: 0.3207
Steps-Taken: 20.00
batch:  0
batch:  1
batch:  2
batch:  3
batch:  4
batch:  5
batch:  6
batch:  7
batch:  8
batch:  9
Epoch 236
Episode: 944000
Reward: [-4.33 -4.21 -4.29 -4.29 -4.37]
Time: 29.34s
Add-Rate: 0.30
Success: 0.3172
Steps-Taken: 20.00
batch:  0
batch:  1
batch:  2
batch:  3
batch:  4
batch:  5
batch:  6
batch:  7
batch:  8
batch:  9
Epoch 237
Episode: 948000
Reward: [-4.33 -4.32 -4.42 -4.4  -4.49]
Time: 29.12s
Add-Rate: 0.30
Success: 0.3142
Steps-Taken: 20.00
batch:  0
batch:  1
batch:  2
batch:  3
batch:  4
batch:  5
batch:  6
batch:  7
batch:  8
batch:  9
Epoch 238
Episode: 952000
Reward: [-4.43 -4.62 -4.69 -4.47 -4.46]
Time: 30.03s
Add-Rate: 0.30
Success: 0.2873
Steps-Taken: 20.00
batch:  0
batch:  1
batch:  2
batch:  3
batch:  4
batch:  5
batch:  6
batch:  7
batch:  8
batch:  9
Epoch 239
Episode: 956000
Reward: [-4.29 -4.31 -4.3  -4.43 -4.36]
Time: 29.99s
Add-Rate: 0.30
Success: 0.3118
Steps-Taken: 20.00
batch:  0
batch:  1
batch:  2
batch:  3
batch:  4
batch:  5
batch:  6
batch:  7
batch:  8
batch:  9
Epoch 240
Episode: 960000
Reward: [-4.35 -4.52 -4.31 -4.36 -4.46]
Time: 29.25s
Add-Rate: 0.30
Success: 0.3015
Steps-Taken: 20.00
batch:  0
batch:  1
batch:  2
batch:  3
batch:  4
batch:  5
batch:  6
batch:  7
batch:  8
batch:  9
Epoch 241
Episode: 964000
Reward: [-4.18 -4.37 -4.31 -4.32 -4.34]
Time: 29.75s
Add-Rate: 0.30
Success: 0.3162
Steps-Taken: 20.00
batch:  0
batch:  1
batch:  2
batch:  3
batch:  4
batch:  5
batch:  6
batch:  7
batch:  8
batch:  9
Epoch 242
Episode: 968000
Reward: [-4.27 -4.35 -4.28 -4.22 -4.37]
Time: 29.13s
Add-Rate: 0.30
Success: 0.3240
Steps-Taken: 20.00
batch:  0
batch:  1
batch:  2
batch:  3
batch:  4
batch:  5
batch:  6
batch:  7
batch:  8
batch:  9
Epoch 243
Episode: 972000
Reward: [-4.52 -4.44 -4.56 -4.52 -4.58]
Time: 29.32s
Add-Rate: 0.30
Success: 0.3090
Steps-Taken: 20.00
batch:  0
batch:  1
batch:  2
batch:  3
batch:  4
batch:  5
batch:  6
batch:  7
batch:  8
batch:  9
Epoch 244
Episode: 976000
Reward: [-4.45 -4.3  -4.32 -4.29 -4.36]
Time: 29.05s
Add-Rate: 0.30
Success: 0.3157
Steps-Taken: 20.00
batch:  0
batch:  1
batch:  2
batch:  3
batch:  4
batch:  5
batch:  6
batch:  7
batch:  8
batch:  9
Epoch 245
Episode: 980000
Reward: [-4.37 -4.25 -4.37 -4.42 -4.43]
Time: 29.91s
Add-Rate: 0.30
Success: 0.3065
Steps-Taken: 20.00
batch:  0
batch:  1
batch:  2
batch:  3
batch:  4
batch:  5
batch:  6
batch:  7
batch:  8
batch:  9
Epoch 246
Episode: 984000
Reward: [-4.35 -4.27 -4.38 -4.36 -4.27]
Time: 28.09s
Add-Rate: 0.30
Success: 0.3167
Steps-Taken: 20.00
batch:  0
batch:  1
batch:  2
batch:  3
batch:  4
batch:  5
batch:  6
batch:  7
batch:  8
batch:  9
Epoch 247
Episode: 988000
Reward: [-4.78 -4.66 -4.65 -4.72 -4.54]
Time: 27.73s
Add-Rate: 0.30
Success: 0.2755
Steps-Taken: 20.00
batch:  0
batch:  1
batch:  2
batch:  3
batch:  4
batch:  5
batch:  6
batch:  7
batch:  8
batch:  9
Epoch 248
Episode: 992000
Reward: [-4.86 -4.76 -4.66 -4.7  -4.71]
Time: 28.13s
Add-Rate: 0.30
Success: 0.2677
Steps-Taken: 20.00
batch:  0
batch:  1
batch:  2
batch:  3
batch:  4
batch:  5
batch:  6
batch:  7
batch:  8
batch:  9
Epoch 249
Episode: 996000
Reward: [-4.4  -4.57 -4.51 -4.62 -4.55]
Time: 28.14s
Add-Rate: 0.30
Success: 0.2908
Steps-Taken: 20.00
batch:  0
batch:  1
batch:  2
batch:  3
batch:  4
batch:  5
batch:  6
batch:  7
batch:  8
batch:  9
Epoch 250
Episode: 1000000
Reward: [-4.52 -4.63 -4.37 -4.45 -4.61]
Time: 28.75s
Add-Rate: 0.30
Success: 0.2920
Steps-Taken: 20.00
batch:  0
batch:  1
batch:  2
batch:  3
batch:  4
batch:  5
batch:  6
batch:  7
batch:  8
batch:  9
Epoch 251
Episode: 1004000
Reward: [-4.53 -4.59 -4.35 -4.5  -4.53]
Time: 28.11s
Add-Rate: 0.30
Success: 0.2960
Steps-Taken: 20.00
batch:  0
batch:  1
batch:  2
batch:  3
batch:  4
batch:  5
batch:  6
batch:  7
batch:  8
batch:  9
Epoch 252
Episode: 1008000
Reward: [-4.52 -4.43 -4.39 -4.43 -4.56]
Time: 28.04s
Add-Rate: 0.30
Success: 0.2993
Steps-Taken: 20.00
batch:  0
batch:  1
batch:  2
batch:  3
batch:  4
batch:  5
batch:  6
batch:  7
batch:  8
batch:  9
Epoch 253
Episode: 1012000
Reward: [-4.53 -4.31 -4.54 -4.64 -4.58]
Time: 28.40s
Add-Rate: 0.30
Success: 0.2928
Steps-Taken: 20.00
batch:  0
batch:  1
batch:  2
batch:  3
batch:  4
batch:  5
batch:  6
batch:  7
batch:  8
batch:  9
Epoch 254
Episode: 1016000
Reward: [-4.47 -4.49 -4.57 -4.39 -4.36]
Time: 27.82s
Add-Rate: 0.30
Success: 0.2985
Steps-Taken: 20.00
batch:  0
batch:  1
batch:  2
batch:  3
batch:  4
batch:  5
batch:  6
batch:  7
batch:  8
batch:  9
Epoch 255
Episode: 1020000
Reward: [-4.3  -4.26 -4.28 -4.16 -4.18]
Time: 27.93s
Add-Rate: 0.30
Success: 0.3185
Steps-Taken: 20.00
batch:  0
batch:  1
batch:  2
batch:  3
batch:  4
batch:  5
batch:  6
batch:  7
batch:  8
batch:  9
Epoch 256
Episode: 1024000
Reward: [-4.48 -4.5  -4.46 -4.55 -4.47]
Time: 28.37s
Add-Rate: 0.30
Success: 0.3295
Steps-Taken: 20.00
batch:  0
batch:  1
batch:  2
batch:  3
batch:  4
batch:  5
batch:  6
batch:  7
batch:  8
batch:  9
Epoch 257
Episode: 1028000
Reward: [-4.3  -4.33 -4.36 -4.32 -4.39]
Time: 27.81s
Add-Rate: 0.30
Success: 0.3170
Steps-Taken: 20.00
batch:  0
batch:  1
batch:  2
batch:  3
batch:  4
batch:  5
batch:  6
batch:  7
batch:  8
batch:  9
Epoch 258
Episode: 1032000
Reward: [-4.46 -4.4  -4.34 -4.29 -4.2 ]
Time: 27.79s
Add-Rate: 0.30
Success: 0.3090
Steps-Taken: 20.00
batch:  0
batch:  1
batch:  2
batch:  3
batch:  4
batch:  5
batch:  6
batch:  7
batch:  8
batch:  9
Epoch 259
Episode: 1036000
Reward: [-4.29 -4.51 -4.44 -4.37 -4.46]
Time: 28.01s
Add-Rate: 0.30
Success: 0.3033
Steps-Taken: 20.00
batch:  0
batch:  1
batch:  2
batch:  3
batch:  4
batch:  5
batch:  6
batch:  7
batch:  8
batch:  9
Epoch 260
Episode: 1040000
Reward: [-4.36 -4.22 -4.36 -4.38 -4.32]
Time: 28.38s
Add-Rate: 0.30
Success: 0.3075
Steps-Taken: 20.00
batch:  0
batch:  1
batch:  2
batch:  3
batch:  4
batch:  5
batch:  6
batch:  7
batch:  8
batch:  9
Epoch 261
Episode: 1044000
Reward: [-4.25 -4.29 -4.39 -4.33 -4.5 ]
Time: 28.24s
Add-Rate: 0.30
Success: 0.3130
Steps-Taken: 20.00
batch:  0
batch:  1
batch:  2
batch:  3
batch:  4
batch:  5
batch:  6
batch:  7
batch:  8
batch:  9
Epoch 262
Episode: 1048000
Reward: [-4.36 -4.31 -4.39 -4.35 -4.37]
Time: 27.85s
Add-Rate: 0.30
Success: 0.3108
Steps-Taken: 20.00
batch:  0
batch:  1
batch:  2
batch:  3
batch:  4
batch:  5
batch:  6
batch:  7
batch:  8
batch:  9
Epoch 263
Episode: 1052000
Reward: [-4.39 -4.13 -4.29 -4.22 -4.2 ]
Time: 28.15s
Add-Rate: 0.30
Success: 0.3175
Steps-Taken: 20.00
batch:  0
batch:  1
batch:  2
batch:  3
batch:  4
batch:  5
batch:  6
batch:  7
batch:  8
batch:  9
Epoch 264
Episode: 1056000
Reward: [-4.4  -4.32 -4.26 -4.35 -4.38]
Time: 27.97s
Add-Rate: 0.30
Success: 0.3108
Steps-Taken: 20.00
batch:  0
batch:  1
batch:  2
batch:  3
batch:  4
batch:  5
batch:  6
batch:  7
batch:  8
batch:  9
Epoch 265
Episode: 1060000
Reward: [-4.44 -4.54 -4.21 -4.49 -4.37]
Time: 27.88s
Add-Rate: 0.30
Success: 0.3018
Steps-Taken: 20.00
batch:  0
batch:  1
batch:  2
batch:  3
batch:  4
batch:  5
batch:  6
batch:  7
batch:  8
batch:  9
Epoch 266
Episode: 1064000
Reward: [-4.43 -4.48 -4.59 -4.35 -4.44]
Time: 28.12s
Add-Rate: 0.30
Success: 0.2960
Steps-Taken: 20.00
batch:  0
batch:  1
batch:  2
batch:  3
batch:  4
batch:  5
batch:  6
batch:  7
batch:  8
batch:  9
Epoch 267
Episode: 1068000
Reward: [-4.39 -4.18 -4.22 -4.37 -4.15]
Time: 30.01s
Add-Rate: 0.30
Success: 0.3315
Steps-Taken: 20.00
batch:  0
batch:  1
batch:  2
batch:  3
batch:  4
batch:  5
batch:  6
batch:  7
batch:  8
batch:  9
Epoch 268
Episode: 1072000
Reward: [-4.42 -4.48 -4.47 -4.36 -4.37]
Time: 29.29s
Add-Rate: 0.30
Success: 0.3073
Steps-Taken: 20.00
batch:  0
batch:  1
batch:  2
batch:  3
batch:  4
batch:  5
batch:  6
batch:  7
batch:  8
batch:  9
Epoch 269
Episode: 1076000
Reward: [-4.35 -4.29 -4.28 -4.38 -4.31]
Time: 30.93s
Add-Rate: 0.30
Success: 0.3167
Steps-Taken: 20.00
batch:  0
batch:  1
batch:  2
batch:  3
batch:  4
batch:  5
batch:  6
batch:  7
batch:  8
batch:  9
Epoch 270
Episode: 1080000
Reward: [-4.24 -4.54 -4.24 -4.35 -4.51]
Time: 29.84s
Add-Rate: 0.30
Success: 0.3098
Steps-Taken: 20.00
batch:  0
batch:  1
batch:  2
batch:  3
batch:  4
batch:  5
batch:  6
batch:  7
batch:  8
batch:  9
Epoch 271
Episode: 1084000
Reward: [-4.29 -4.14 -4.33 -4.26 -4.41]
Time: 31.12s
Add-Rate: 0.30
Success: 0.3245
Steps-Taken: 20.00
batch:  0
batch:  1
batch:  2
batch:  3
batch:  4
batch:  5
batch:  6
batch:  7
batch:  8
batch:  9
Epoch 272
Episode: 1088000
Reward: [-4.35 -4.35 -4.43 -4.45 -4.39]
Time: 35.39s
Add-Rate: 0.30
Success: 0.3160
Steps-Taken: 20.00
batch:  0
batch:  1
batch:  2
batch:  3
batch:  4
batch:  5
batch:  6
batch:  7
batch:  8
batch:  9
Epoch 273
Episode: 1092000
Reward: [-4.36 -4.3  -4.29 -4.31 -4.36]
Time: 33.04s
Add-Rate: 0.30
Success: 0.3162
Steps-Taken: 20.00
batch:  0
batch:  1
batch:  2
batch:  3
batch:  4
batch:  5
batch:  6
batch:  7
batch:  8
batch:  9
Epoch 274
Episode: 1096000
Reward: [-4.25 -4.36 -4.39 -4.34 -4.3 ]
Time: 36.16s
Add-Rate: 0.30
Success: 0.3167
Steps-Taken: 20.00
batch:  0
batch:  1
batch:  2
batch:  3
batch:  4
batch:  5
batch:  6
batch:  7
batch:  8
batch:  9
Epoch 275
Episode: 1100000
Reward: [-4.34 -4.34 -4.22 -4.3  -4.38]
Time: 33.20s
Add-Rate: 0.30
Success: 0.3150
Steps-Taken: 20.00
batch:  0
batch:  1
batch:  2
batch:  3
batch:  4
batch:  5
batch:  6
batch:  7
batch:  8
batch:  9
Epoch 276
Episode: 1104000
Reward: [-4.31 -4.51 -4.38 -4.27 -4.37]
Time: 34.27s
Add-Rate: 0.30
Success: 0.3165
Steps-Taken: 20.00
batch:  0
batch:  1
batch:  2
batch:  3
batch:  4
batch:  5
batch:  6
batch:  7
batch:  8
batch:  9
Epoch 277
Episode: 1108000
Reward: [-4.26 -4.23 -4.28 -4.3  -4.2 ]
Time: 32.78s
Add-Rate: 0.30
Success: 0.3200
Steps-Taken: 20.00
batch:  0
batch:  1
batch:  2
batch:  3
batch:  4
batch:  5
batch:  6
batch:  7
batch:  8
batch:  9
Epoch 278
Episode: 1112000
Reward: [-4.22 -4.35 -4.34 -4.43 -4.38]
Time: 39.46s
Add-Rate: 0.30
Success: 0.3120
Steps-Taken: 20.00
batch:  0
batch:  1
batch:  2
batch:  3
batch:  4
batch:  5
batch:  6
batch:  7
batch:  8
batch:  9
Epoch 279
Episode: 1116000
Reward: [-4.46 -4.36 -4.36 -4.36 -4.45]
Time: 47.22s
Add-Rate: 0.30
Success: 0.3085
Steps-Taken: 20.00
batch:  0
batch:  1
batch:  2
batch:  3
batch:  4
batch:  5
batch:  6
batch:  7
batch:  8
batch:  9
Epoch 280
Episode: 1120000
Reward: [-4.32 -4.36 -4.33 -4.4  -4.24]
Time: 157.25s
Add-Rate: 0.30
Success: 0.3200
Steps-Taken: 20.00
batch:  0
batch:  1
batch:  2
batch:  3
batch:  4
batch:  5
batch:  6
batch:  7
batch:  8
batch:  9
Epoch 281
Episode: 1124000
Reward: [-4.29 -4.23 -4.17 -4.35 -4.38]
Time: 1101.72s
Add-Rate: 0.30
Success: 0.3135
Steps-Taken: 20.00
batch:  0
batch:  1
batch:  2
batch:  3
batch:  4
batch:  5
batch:  6
batch:  7
batch:  8
batch:  9
Epoch 282
Episode: 1128000
Reward: [-4.24 -4.32 -4.35 -4.42 -4.3 ]
Time: 32.03s
Add-Rate: 0.30
Success: 0.3147
Steps-Taken: 20.00
batch:  0
batch:  1
batch:  2
batch:  3
batch:  4
batch:  5
batch:  6
batch:  7
batch:  8
batch:  9
Epoch 283
Episode: 1132000
Reward: [-4.23 -4.34 -4.3  -4.34 -4.43]
Time: 50.27s
Add-Rate: 0.30
Success: 0.3110
Steps-Taken: 20.00
batch:  0
batch:  1
batch:  2
batch:  3
batch:  4
batch:  5
batch:  6
batch:  7
batch:  8
batch:  9
Epoch 284
Episode: 1136000
Reward: [-4.44 -4.44 -4.44 -4.34 -4.36]
Time: 61.51s
Add-Rate: 0.30
Success: 0.3172
Steps-Taken: 20.00
batch:  0
batch:  1
batch:  2
batch:  3
batch:  4
batch:  5
batch:  6
batch:  7
batch:  8
batch:  9
Epoch 285
Episode: 1140000
Reward: [-4.33 -4.38 -4.46 -4.52 -4.34]
Time: 35.54s
Add-Rate: 0.30
Success: 0.3060
Steps-Taken: 20.00
batch:  0
batch:  1
batch:  2
batch:  3
batch:  4
batch:  5
batch:  6
batch:  7
batch:  8
batch:  9
Epoch 286
Episode: 1144000
Reward: [-4.52 -4.49 -4.3  -4.3  -4.3 ]
Time: 111.35s
Add-Rate: 0.30
Success: 0.3125
Steps-Taken: 20.00
batch:  0
batch:  1
batch:  2
batch:  3
batch:  4
batch:  5
batch:  6
batch:  7
batch:  8
batch:  9
Epoch 287
Episode: 1148000
Reward: [-4.46 -4.2  -4.26 -4.3  -4.33]
Time: 419.62s
Add-Rate: 0.30
Success: 0.3145
Steps-Taken: 20.00
batch:  0
batch:  1
batch:  2
batch:  3
batch:  4
batch:  5
batch:  6
batch:  7
batch:  8
batch:  9
Epoch 288
Episode: 1152000
Reward: [-4.32 -4.22 -4.34 -4.31 -4.27]
Time: 634.97s
Add-Rate: 0.30
Success: 0.3130
Steps-Taken: 20.00
batch:  0
batch:  1
batch:  2
batch:  3
batch:  4
batch:  5
batch:  6
batch:  7
batch:  8
batch:  9
Epoch 289
Episode: 1156000
Reward: [-4.37 -4.38 -4.31 -4.32 -4.4 ]
Time: 29.53s
Add-Rate: 0.30
Success: 0.3088
Steps-Taken: 20.00
batch:  0
batch:  1
batch:  2
batch:  3
batch:  4
batch:  5
batch:  6
batch:  7
batch:  8
batch:  9
Epoch 290
Episode: 1160000
Reward: [-4.3  -4.39 -4.51 -4.45 -4.37]
Time: 28.71s
Add-Rate: 0.30
Success: 0.3113
Steps-Taken: 20.00
batch:  0
batch:  1
batch:  2
batch:  3
batch:  4
batch:  5
batch:  6
batch:  7
batch:  8
batch:  9
Epoch 291
Episode: 1164000
Reward: [-4.39 -4.51 -4.34 -4.34 -4.4 ]
Time: 29.31s
Add-Rate: 0.30
Success: 0.3028
Steps-Taken: 20.00
batch:  0
batch:  1
batch:  2
batch:  3
batch:  4
batch:  5
batch:  6
batch:  7
batch:  8
batch:  9
Epoch 292
Episode: 1168000
Reward: [-4.31 -4.33 -4.27 -4.43 -4.3 ]
Time: 29.25s
Add-Rate: 0.30
Success: 0.3103
Steps-Taken: 20.00
batch:  0
batch:  1
batch:  2
batch:  3
batch:  4
batch:  5
batch:  6
batch:  7
batch:  8
batch:  9
Epoch 293
Episode: 1172000
Reward: [-4.08 -4.35 -4.35 -4.44 -4.46]
Time: 27.95s
Add-Rate: 0.30
Success: 0.3048
Steps-Taken: 20.00
batch:  0
batch:  1
batch:  2
batch:  3
batch:  4
batch:  5
batch:  6
batch:  7
batch:  8
batch:  9
Epoch 294
Episode: 1176000
Reward: [-4.51 -4.29 -4.35 -4.51 -4.27]
Time: 28.00s
Add-Rate: 0.30
Success: 0.3035
Steps-Taken: 20.00
batch:  0
batch:  1
batch:  2
batch:  3
batch:  4
batch:  5
batch:  6
batch:  7
batch:  8
batch:  9
Epoch 295
Episode: 1180000
Reward: [-4.48 -4.47 -4.4  -4.33 -4.52]
Time: 29.06s
Add-Rate: 0.30
Success: 0.2950
Steps-Taken: 20.00
batch:  0
batch:  1
batch:  2
batch:  3
batch:  4
batch:  5
batch:  6
batch:  7
batch:  8
batch:  9
Epoch 296
Episode: 1184000
Reward: [-4.46 -4.44 -4.3  -4.47 -4.35]
Time: 28.12s
Add-Rate: 0.30
Success: 0.3065
Steps-Taken: 20.00
batch:  0
batch:  1
batch:  2
batch:  3
batch:  4
batch:  5
batch:  6
batch:  7
batch:  8
batch:  9
Epoch 297
Episode: 1188000
Reward: [-4.42 -4.49 -4.28 -4.37 -4.51]
Time: 27.84s
Add-Rate: 0.30
Success: 0.3123
Steps-Taken: 20.00
batch:  0
batch:  1
batch:  2
batch:  3
batch:  4
batch:  5
batch:  6
batch:  7
batch:  8
batch:  9
Epoch 298
Episode: 1192000
Reward: [-4.45 -4.37 -4.26 -4.49 -4.53]
Time: 28.00s
Add-Rate: 0.30
Success: 0.3013
Steps-Taken: 20.00
batch:  0
batch:  1
batch:  2
batch:  3
batch:  4
batch:  5
batch:  6
batch:  7
batch:  8
batch:  9
Epoch 299
Episode: 1196000
Reward: [-4.33 -4.29 -4.35 -4.32 -4.37]
Time: 28.18s
Add-Rate: 0.30
Success: 0.3045
Steps-Taken: 20.00
batch:  0
batch:  1
batch:  2
batch:  3
batch:  4
batch:  5
batch:  6
batch:  7
batch:  8
batch:  9
Epoch 300
Episode: 1200000
Reward: [-4.53 -4.27 -4.42 -4.5  -4.31]
Time: 28.15s
Add-Rate: 0.30
Success: 0.3142
Steps-Taken: 20.00
batch:  0
batch:  1
batch:  2
batch:  3
batch:  4
batch:  5
batch:  6
batch:  7
batch:  8
batch:  9
Epoch 301
Episode: 1204000
Reward: [-4.31 -4.42 -4.44 -4.39 -4.42]
Time: 27.74s
Add-Rate: 0.30
Success: 0.3078
Steps-Taken: 20.00
batch:  0
batch:  1
batch:  2
batch:  3
batch:  4
batch:  5
batch:  6
batch:  7
batch:  8
batch:  9
Epoch 302
Episode: 1208000
Reward: [-4.36 -4.42 -4.27 -4.29 -4.37]
Time: 27.91s
Add-Rate: 0.30
Success: 0.3118
Steps-Taken: 20.00
batch:  0
batch:  1
batch:  2
batch:  3
batch:  4
batch:  5
batch:  6
batch:  7
batch:  8
batch:  9
Epoch 303
Episode: 1212000
Reward: [-4.49 -4.51 -4.38 -4.38 -4.46]
Time: 28.13s
Add-Rate: 0.30
Success: 0.3088
Steps-Taken: 20.00
batch:  0
batch:  1
batch:  2
batch:  3
batch:  4
batch:  5
batch:  6
batch:  7
batch:  8
batch:  9
Epoch 304
Episode: 1216000
Reward: [-4.25 -4.34 -4.31 -4.36 -4.36]
Time: 27.82s
Add-Rate: 0.30
Success: 0.3118
Steps-Taken: 20.00
batch:  0
batch:  1
batch:  2
batch:  3
batch:  4
batch:  5
batch:  6
batch:  7
batch:  8
batch:  9
Epoch 305
Episode: 1220000
Reward: [-4.57 -4.45 -4.61 -4.44 -4.62]
Time: 27.90s
Add-Rate: 0.30
Success: 0.2913
Steps-Taken: 20.00
batch:  0
batch:  1
batch:  2
batch:  3
batch:  4
batch:  5
batch:  6
batch:  7
batch:  8
batch:  9
Epoch 306
Episode: 1224000
Reward: [-4.51 -4.49 -4.38 -4.34 -4.64]
Time: 27.98s
Add-Rate: 0.30
Success: 0.3038
Steps-Taken: 20.00
batch:  0
batch:  1
batch:  2
batch:  3
batch:  4
batch:  5
batch:  6
batch:  7
batch:  8
batch:  9
Epoch 307
Episode: 1228000
Reward: [-4.38 -4.51 -4.67 -4.62 -4.52]
Time: 28.09s
Add-Rate: 0.30
Success: 0.2970
Steps-Taken: 20.00
batch:  0
batch:  1
batch:  2
batch:  3
batch:  4
batch:  5
batch:  6
batch:  7
batch:  8
batch:  9
Epoch 308
Episode: 1232000
Reward: [-4.43 -4.53 -4.59 -4.52 -4.39]
Time: 27.82s
Add-Rate: 0.30
Success: 0.2958
Steps-Taken: 20.00
batch:  0
batch:  1
batch:  2
batch:  3
batch:  4
batch:  5
batch:  6
batch:  7
batch:  8
batch:  9
Epoch 309
Episode: 1236000
Reward: [-4.3  -4.45 -4.44 -4.2  -4.32]
Time: 28.01s
Add-Rate: 0.30
Success: 0.3050
Steps-Taken: 20.00
batch:  0
batch:  1
batch:  2
batch:  3
batch:  4
batch:  5
batch:  6
batch:  7
batch:  8
batch:  9
Epoch 310
Episode: 1240000
Reward: [-4.28 -4.3  -4.31 -4.26 -4.44]
Time: 28.14s
Add-Rate: 0.30
Success: 0.3132
Steps-Taken: 20.00
batch:  0
batch:  1
batch:  2
batch:  3
batch:  4
batch:  5
batch:  6
batch:  7
batch:  8
batch:  9
Epoch 311
Episode: 1244000
Reward: [-4.52 -4.29 -4.4  -4.45 -4.54]
Time: 28.09s
Add-Rate: 0.30
Success: 0.2993
Steps-Taken: 20.00
batch:  0
batch:  1
batch:  2
batch:  3
batch:  4
batch:  5
batch:  6
batch:  7
batch:  8
batch:  9
Epoch 312
Episode: 1248000
Reward: [-4.34 -4.36 -4.44 -4.5  -4.43]
Time: 28.02s
Add-Rate: 0.30
Success: 0.3013
Steps-Taken: 20.00
batch:  0
batch:  1
batch:  2
batch:  3
batch:  4
batch:  5
batch:  6
batch:  7
batch:  8
batch:  9
Epoch 313
Episode: 1252000
Reward: [-4.15 -4.4  -4.42 -4.42 -4.3 ]
Time: 27.96s
Add-Rate: 0.30
Success: 0.3157
Steps-Taken: 20.00
batch:  0
batch:  1
batch:  2
batch:  3
batch:  4
batch:  5
batch:  6
batch:  7
batch:  8
batch:  9
Epoch 314
Episode: 1256000
Reward: [-4.31 -4.42 -4.5  -4.51 -4.5 ]
Time: 28.26s
Add-Rate: 0.30
Success: 0.3018
Steps-Taken: 20.00
batch:  0
batch:  1
batch:  2
batch:  3
batch:  4
batch:  5
batch:  6
batch:  7
batch:  8
batch:  9
Epoch 315
Episode: 1260000
Reward: [-4.32 -4.3  -4.43 -4.3  -4.3 ]
Time: 27.99s
Add-Rate: 0.30
Success: 0.3130
Steps-Taken: 20.00
batch:  0
batch:  1
batch:  2
batch:  3
batch:  4
batch:  5
batch:  6
batch:  7
batch:  8
batch:  9
Epoch 316
Episode: 1264000
Reward: [-4.46 -4.44 -4.32 -4.34 -4.24]
Time: 27.94s
Add-Rate: 0.30
Success: 0.3105
Steps-Taken: 20.00
batch:  0
batch:  1
batch:  2
batch:  3
batch:  4
batch:  5
batch:  6
batch:  7
batch:  8
batch:  9
Epoch 317
Episode: 1268000
Reward: [-4.28 -4.3  -4.34 -4.26 -4.22]
Time: 28.17s
Add-Rate: 0.30
Success: 0.3127
Steps-Taken: 20.00
batch:  0
batch:  1
batch:  2
batch:  3
batch:  4
batch:  5
batch:  6
batch:  7
batch:  8
batch:  9
Epoch 318
Episode: 1272000
Reward: [-4.34 -4.19 -4.31 -4.36 -4.24]
Time: 28.08s
Add-Rate: 0.30
Success: 0.3197
Steps-Taken: 20.00
batch:  0
batch:  1
batch:  2
batch:  3
batch:  4
batch:  5
batch:  6
batch:  7
batch:  8
batch:  9
Epoch 319
Episode: 1276000
Reward: [-4.5  -4.51 -4.45 -4.35 -4.4 ]
Time: 28.29s
Add-Rate: 0.30
Success: 0.3015
Steps-Taken: 20.00
batch:  0
batch:  1
batch:  2
batch:  3
batch:  4
batch:  5
batch:  6
batch:  7
batch:  8
batch:  9
Epoch 320
Episode: 1280000
Reward: [-4.34 -4.44 -4.5  -4.4  -4.38]
Time: 28.35s
Add-Rate: 0.30
Success: 0.3005
Steps-Taken: 20.00
batch:  0
batch:  1
batch:  2
batch:  3
batch:  4
batch:  5
batch:  6
batch:  7
batch:  8
batch:  9
Epoch 321
Episode: 1284000
Reward: [-4.32 -4.28 -4.44 -4.36 -4.42]
Time: 28.23s
Add-Rate: 0.30
Success: 0.3070
Steps-Taken: 20.00
batch:  0
batch:  1
batch:  2
batch:  3
batch:  4
batch:  5
batch:  6
batch:  7
batch:  8
batch:  9
Epoch 322
Episode: 1288000
Reward: [-4.29 -4.3  -4.3  -4.28 -4.25]
Time: 28.48s
Add-Rate: 0.30
Success: 0.3245
Steps-Taken: 20.00
batch:  0
batch:  1
batch:  2
batch:  3
batch:  4
batch:  5
batch:  6
batch:  7
batch:  8
batch:  9
Epoch 323
Episode: 1292000
Reward: [-4.36 -4.35 -4.37 -4.53 -4.48]
Time: 28.14s
Add-Rate: 0.30
Success: 0.3070
Steps-Taken: 20.00
batch:  0
batch:  1
batch:  2
batch:  3
batch:  4
batch:  5
batch:  6
batch:  7
batch:  8
batch:  9
Epoch 324
Episode: 1296000
Reward: [-4.42 -4.1  -4.46 -4.32 -4.3 ]
Time: 27.92s
Add-Rate: 0.30
Success: 0.3205
Steps-Taken: 20.00
batch:  0
batch:  1
batch:  2
batch:  3
batch:  4
batch:  5
batch:  6
batch:  7
batch:  8
batch:  9
Epoch 325
Episode: 1300000
Reward: [-4.53 -4.38 -4.43 -4.5  -4.31]
Time: 28.12s
Add-Rate: 0.30
Success: 0.3058
Steps-Taken: 20.00
batch:  0
batch:  1
batch:  2
batch:  3
batch:  4
batch:  5
batch:  6
batch:  7
batch:  8
batch:  9
Epoch 326
Episode: 1304000
Reward: [-4.42 -4.41 -4.56 -4.49 -4.59]
Time: 28.07s
Add-Rate: 0.30
Success: 0.2935
Steps-Taken: 20.00
batch:  0
batch:  1
batch:  2
batch:  3
batch:  4
batch:  5
batch:  6
batch:  7
batch:  8
batch:  9
Epoch 327
Episode: 1308000
Reward: [-4.5  -4.51 -4.4  -4.52 -4.51]
Time: 28.01s
Add-Rate: 0.30
Success: 0.3065
Steps-Taken: 20.00
batch:  0
batch:  1
batch:  2
batch:  3
batch:  4
batch:  5
batch:  6
batch:  7
batch:  8
batch:  9
Epoch 328
Episode: 1312000
Reward: [-4.37 -4.49 -4.36 -4.37 -4.61]
Time: 28.18s
Add-Rate: 0.30
Success: 0.3050
Steps-Taken: 20.00
batch:  0
batch:  1
batch:  2
batch:  3
batch:  4
batch:  5
batch:  6
batch:  7
batch:  8
batch:  9
Epoch 329
Episode: 1316000
Reward: [-4.39 -4.41 -4.39 -4.32 -4.32]
Time: 28.27s
Add-Rate: 0.30
Success: 0.3175
Steps-Taken: 20.00
batch:  0
batch:  1
batch:  2
batch:  3
batch:  4
batch:  5
batch:  6
batch:  7
batch:  8
batch:  9
Epoch 330
Episode: 1320000
Reward: [-4.31 -4.35 -4.44 -4.29 -4.45]
Time: 28.08s
Add-Rate: 0.30
Success: 0.3080
Steps-Taken: 20.00
batch:  0
batch:  1
batch:  2
batch:  3
batch:  4
batch:  5
batch:  6
batch:  7
batch:  8
batch:  9
Epoch 331
Episode: 1324000
Reward: [-4.41 -4.52 -4.36 -4.31 -4.29]
Time: 28.63s
Add-Rate: 0.30
Success: 0.3145
Steps-Taken: 20.00
batch:  0
batch:  1
batch:  2
batch:  3
batch:  4
batch:  5
batch:  6
batch:  7
batch:  8
batch:  9
Epoch 332
Episode: 1328000
Reward: [-4.31 -4.33 -4.43 -4.44 -4.38]
Time: 28.13s
Add-Rate: 0.30
Success: 0.3063
Steps-Taken: 20.00
batch:  0
batch:  1
batch:  2
batch:  3
batch:  4
batch:  5
batch:  6
batch:  7
batch:  8
batch:  9
Epoch 333
Episode: 1332000
Reward: [-4.26 -4.33 -4.3  -4.15 -4.3 ]
Time: 28.46s
Add-Rate: 0.30
Success: 0.3267
Steps-Taken: 20.00
batch:  0
batch:  1
batch:  2
batch:  3
batch:  4
batch:  5
batch:  6
batch:  7
batch:  8
batch:  9
Epoch 334
Episode: 1336000
Reward: [-4.32 -4.25 -4.32 -4.28 -4.41]
Time: 28.24s
Add-Rate: 0.30
Success: 0.3108
Steps-Taken: 20.00
batch:  0
batch:  1
batch:  2
batch:  3
batch:  4
batch:  5
batch:  6
batch:  7
batch:  8
batch:  9
Epoch 335
Episode: 1340000
Reward: [-4.4  -4.43 -4.53 -4.38 -4.42]
Time: 27.92s
Add-Rate: 0.30
Success: 0.3025
Steps-Taken: 20.00
batch:  0
batch:  1
batch:  2
batch:  3
batch:  4
batch:  5
batch:  6
batch:  7
batch:  8
batch:  9
Epoch 336
Episode: 1344000
Reward: [-4.41 -4.21 -4.34 -4.37 -4.28]
Time: 28.47s
Add-Rate: 0.30
Success: 0.3147
Steps-Taken: 20.00
batch:  0
batch:  1
batch:  2
batch:  3
batch:  4
batch:  5
batch:  6
batch:  7
batch:  8
batch:  9
Epoch 337
Episode: 1348000
Reward: [-4.44 -4.37 -4.44 -4.4  -4.38]
Time: 28.42s
Add-Rate: 0.30
Success: 0.3040
Steps-Taken: 20.00
batch:  0
batch:  1
batch:  2
batch:  3
batch:  4
batch:  5
batch:  6
batch:  7
batch:  8
batch:  9
Epoch 338
Episode: 1352000
Reward: [-4.32 -4.26 -4.29 -4.25 -4.45]
Time: 27.94s
Add-Rate: 0.30
Success: 0.3172
Steps-Taken: 20.00
batch:  0
batch:  1
batch:  2
batch:  3
batch:  4
batch:  5
batch:  6
batch:  7
batch:  8
batch:  9
Epoch 339
Episode: 1356000
Reward: [-4.43 -4.43 -4.45 -4.4  -4.53]
Time: 28.53s
Add-Rate: 0.30
Success: 0.3023
Steps-Taken: 20.00
batch:  0
batch:  1
batch:  2
batch:  3
batch:  4
batch:  5
batch:  6
batch:  7
batch:  8
batch:  9
Epoch 340
Episode: 1360000
Reward: [-4.35 -4.41 -4.33 -4.32 -4.3 ]
Time: 28.14s
Add-Rate: 0.30
Success: 0.3145
Steps-Taken: 20.00
batch:  0
batch:  1
batch:  2
batch:  3
batch:  4
batch:  5
batch:  6
batch:  7
batch:  8
batch:  9
Epoch 341
Episode: 1364000
Reward: [-4.26 -4.35 -4.32 -4.36 -4.43]
Time: 28.77s
Add-Rate: 0.30
Success: 0.3118
Steps-Taken: 20.00
batch:  0
batch:  1
batch:  2
batch:  3
batch:  4
batch:  5
batch:  6
batch:  7
batch:  8
batch:  9
Epoch 342
Episode: 1368000
Reward: [-4.55 -4.48 -4.33 -4.23 -4.41]
Time: 28.67s
Add-Rate: 0.30
Success: 0.3113
Steps-Taken: 20.00
batch:  0
batch:  1
batch:  2
batch:  3
batch:  4
batch:  5
batch:  6
batch:  7
batch:  8
batch:  9
Epoch 343
Episode: 1372000
Reward: [-4.53 -4.4  -4.44 -4.43 -4.59]
Time: 28.17s
Add-Rate: 0.30
Success: 0.2885
Steps-Taken: 20.00
batch:  0
batch:  1
batch:  2
batch:  3
batch:  4
batch:  5
batch:  6
batch:  7
batch:  8
batch:  9
Epoch 344
Episode: 1376000
Reward: [-4.47 -4.4  -4.3  -4.37 -4.35]
Time: 29.57s
Add-Rate: 0.30
Success: 0.3090
Steps-Taken: 20.00
batch:  0
batch:  1
batch:  2
batch:  3
batch:  4
batch:  5
batch:  6
batch:  7
batch:  8
batch:  9
Epoch 345
Episode: 1380000
Reward: [-4.38 -4.36 -4.32 -4.36 -4.33]
Time: 29.04s
Add-Rate: 0.30
Success: 0.3177
Steps-Taken: 20.00
batch:  0
batch:  1
batch:  2
batch:  3
batch:  4
batch:  5
batch:  6
batch:  7
batch:  8
batch:  9
Epoch 346
Episode: 1384000
Reward: [-4.41 -4.43 -4.54 -4.38 -4.53]
Time: 29.38s
Add-Rate: 0.30
Success: 0.2980
Steps-Taken: 20.00
batch:  0
batch:  1
batch:  2
batch:  3
batch:  4
batch:  5
batch:  6
batch:  7
batch:  8
batch:  9
Epoch 347
Episode: 1388000
Reward: [-7.87 -7.42 -7.25 -7.14 -8.08]
Time: 29.71s
Add-Rate: 0.30
Success: 0.5062
Steps-Taken: 20.00
batch:  0
batch:  1
batch:  2
batch:  3
batch:  4
batch:  5
batch:  6
batch:  7
batch:  8
batch:  9
Epoch 348
Episode: 1392000
Reward: [-6.23 -5.71 -5.59 -5.2  -5.33]
Time: 28.85s
Add-Rate: 0.30
Success: 0.7935
Steps-Taken: 20.00
batch:  0
batch:  1
batch:  2
batch:  3
batch:  4
batch:  5
batch:  6
batch:  7
batch:  8
batch:  9
Epoch 349
Episode: 1396000
Reward: [-5.09 -5.3  -5.   -4.45 -4.95]
Time: 28.79s
Add-Rate: 0.30
Success: 0.8273
Steps-Taken: 20.00
batch:  0
batch:  1
batch:  2
batch:  3
batch:  4
batch:  5
batch:  6
batch:  7
batch:  8
batch:  9
Epoch 350
Episode: 1400000
Reward: [-4.76 -4.84 -5.54 -5.12 -4.71]
Time: 28.51s
Add-Rate: 0.30
Success: 0.5500
Steps-Taken: 20.00
batch:  0
batch:  1
batch:  2
batch:  3
batch:  4
batch:  5
batch:  6
batch:  7
batch:  8
batch:  9
Epoch 351
Episode: 1404000
Reward: [-4.4  -4.44 -4.59 -4.71 -4.47]
Time: 28.93s
Add-Rate: 0.30
Success: 0.3392
Steps-Taken: 20.00
batch:  0
batch:  1
batch:  2
batch:  3
batch:  4
batch:  5
batch:  6
batch:  7
batch:  8
batch:  9
Epoch 352
Episode: 1408000
Reward: [-4.46 -4.5  -4.4  -4.6  -4.6 ]
Time: 28.97s
Add-Rate: 0.30
Success: 0.3407
Steps-Taken: 20.00
batch:  0
batch:  1
batch:  2
batch:  3
batch:  4
batch:  5
batch:  6
batch:  7
batch:  8
batch:  9
Epoch 353
Episode: 1412000
Reward: [-4.49 -4.76 -4.53 -4.53 -4.58]
Time: 28.56s
Add-Rate: 0.30
Success: 0.3645
Steps-Taken: 20.00
batch:  0
batch:  1
batch:  2
batch:  3
batch:  4
batch:  5
batch:  6
batch:  7
batch:  8
batch:  9
Epoch 354
Episode: 1416000
Reward: [-4.37 -4.49 -4.5  -4.63 -4.45]
Time: 30.55s
Add-Rate: 0.30
Success: 0.3762
Steps-Taken: 20.00
batch:  0
batch:  1
batch:  2
batch:  3
batch:  4
batch:  5
batch:  6
batch:  7
batch:  8
batch:  9
Epoch 355
Episode: 1420000
Reward: [-4.34 -4.48 -4.42 -4.47 -4.38]
Time: 29.05s
Add-Rate: 0.30
Success: 0.3257
Steps-Taken: 20.00
batch:  0
batch:  1
batch:  2
batch:  3
batch:  4
batch:  5
batch:  6
batch:  7
batch:  8
batch:  9
Epoch 356
Episode: 1424000
Reward: [-4.24 -4.18 -4.35 -4.35 -4.36]
Time: 29.28s
Add-Rate: 0.30
Success: 0.3498
Steps-Taken: 20.00
batch:  0
batch:  1
batch:  2
batch:  3
batch:  4
batch:  5
batch:  6
batch:  7
batch:  8
batch:  9
Epoch 357
Episode: 1428000
Reward: [-4.29 -4.45 -4.32 -4.21 -4.11]
Time: 29.76s
Add-Rate: 0.30
Success: 0.3513
Steps-Taken: 20.00
batch:  0
batch:  1
