Namespace(num_epochs=1500, epoch_size=10, batch_size=500, nprocesses=16, hid_size=128, directed=True, self_loop_type1=1, self_loop_type2=1, gat_num_heads=4, gat_num_heads_out=1, gat_hid_size=32, ge_num_heads=4, first_gat_normalize=False, second_gat_normalize=False, gat_encoder_normalize=False, use_gat_encoder=False, gat_encoder_out_size=64, first_graph_complete=True, second_graph_complete=True, learn_second_graph=False, message_encoder=False, message_decoder=True, nagents=5, mean_ratio=0, detach_gap=10, comm_init='uniform', advantages_per_action=False, comm_mask_zero=False, gamma=1.0, seed=0, normalize_rewards=False, lrate=0.001, entr=0, value_coeff=0.01, max_steps=20, nactions='1', action_scale=1.0, plot=False, plot_env='main', plot_port='8097', save=True, save_every=0, load='', display=False, random=False, render=False, env_name='traffic_junction', dim=6, vision=1, add_rate_min=0.3, add_rate_max=0.3, curr_start=0.0, curr_end=0.0, difficulty='easy', vocab_type='bool', nfriendly=5, obs_size=137, num_actions=[2], dim_actions=1, continuous=False, naction_heads=[2])
====================================================================================================
Model log:

MAGIC(
  (sub_processor1): GraphAttention(in_features=128, out_features=32)
  (sub_processor2): GraphAttention(in_features=128, out_features=128)
  (obs_encoder): Linear(in_features=137, out_features=128, bias=True)
  (lstm_cell): LSTMCell(128, 128)
  (message_decoder): Linear(in_features=128, out_features=128, bias=True)
  (action_heads): ModuleList(
    (0): Linear(in_features=256, out_features=2, bias=True)
  )
  (value_head): Linear(in_features=256, out_features=1, bias=True)
)
====================================================================================================

batch:  0
batch:  1
batch:  2
batch:  3
batch:  4
batch:  5
batch:  6
batch:  7
batch:  8
batch:  9
Epoch 1
Episode: 4000
Reward: [-9.28 -9.6  -9.27 -9.41 -9.51]
Time: 29.86s
Add-Rate: 0.30
Success: 0.2343
Steps-Taken: 20.00
batch:  0
batch:  1
batch:  2
batch:  3
batch:  4
batch:  5
batch:  6
batch:  7
batch:  8
batch:  9
Epoch 2
Episode: 8000
Reward: [-4.71 -4.68 -4.6  -4.74 -4.7 ]
Time: 29.25s
Add-Rate: 0.30
Success: 0.2760
Steps-Taken: 20.00
batch:  0
batch:  1
batch:  2
batch:  3
batch:  4
batch:  5
batch:  6
batch:  7
batch:  8
batch:  9
Epoch 3
Episode: 12000
Reward: [-4.7  -4.61 -4.65 -4.69 -4.85]
Time: 28.68s
Add-Rate: 0.30
Success: 0.2823
Steps-Taken: 20.00
batch:  0
batch:  1
batch:  2
batch:  3
batch:  4
batch:  5
batch:  6
batch:  7
batch:  8
batch:  9
Epoch 4
Episode: 16000
Reward: [-4.64 -4.74 -4.75 -4.71 -4.85]
Time: 28.85s
Add-Rate: 0.30
Success: 0.2667
Steps-Taken: 20.00
batch:  0
batch:  1
batch:  2
batch:  3
batch:  4
batch:  5
batch:  6
batch:  7
batch:  8
batch:  9
Epoch 5
Episode: 20000
Reward: [-4.64 -4.66 -4.81 -4.63 -4.67]
Time: 28.42s
Add-Rate: 0.30
Success: 0.2775
Steps-Taken: 20.00
batch:  0
batch:  1
batch:  2
batch:  3
batch:  4
batch:  5
batch:  6
batch:  7
batch:  8
batch:  9
Epoch 6
Episode: 24000
Reward: [-4.67 -4.64 -4.79 -4.59 -4.73]
Time: 28.40s
Add-Rate: 0.30
Success: 0.2787
Steps-Taken: 20.00
batch:  0
batch:  1
batch:  2
batch:  3
batch:  4
batch:  5
batch:  6
batch:  7
batch:  8
batch:  9
Epoch 7
Episode: 28000
Reward: [-4.59 -4.47 -4.65 -4.73 -4.87]
Time: 27.98s
Add-Rate: 0.30
Success: 0.2757
Steps-Taken: 20.00
batch:  0
batch:  1
batch:  2
batch:  3
batch:  4
batch:  5
batch:  6
batch:  7
batch:  8
batch:  9
Epoch 8
Episode: 32000
Reward: [-4.56 -4.61 -4.66 -4.54 -4.75]
Time: 28.80s
Add-Rate: 0.30
Success: 0.2885
Steps-Taken: 20.00
batch:  0
batch:  1
batch:  2
batch:  3
batch:  4
batch:  5
batch:  6
batch:  7
batch:  8
batch:  9
Epoch 9
Episode: 36000
Reward: [-4.68 -4.54 -4.67 -4.76 -4.64]
Time: 28.52s
Add-Rate: 0.30
Success: 0.2838
Steps-Taken: 20.00
batch:  0
batch:  1
batch:  2
batch:  3
batch:  4
batch:  5
batch:  6
batch:  7
batch:  8
batch:  9
Epoch 10
Episode: 40000
Reward: [-4.55 -4.75 -4.59 -4.73 -4.64]
Time: 28.47s
Add-Rate: 0.30
Success: 0.2810
Steps-Taken: 20.00
batch:  0
batch:  1
batch:  2
batch:  3
batch:  4
batch:  5
batch:  6
batch:  7
batch:  8
batch:  9
Epoch 11
Episode: 44000
Reward: [-4.57 -4.63 -4.69 -4.44 -4.66]
Time: 28.56s
Add-Rate: 0.30
Success: 0.2855
Steps-Taken: 20.00
batch:  0
batch:  1
batch:  2
batch:  3
batch:  4
batch:  5
batch:  6
batch:  7
batch:  8
batch:  9
Epoch 12
Episode: 48000
Reward: [-4.84 -4.58 -4.57 -4.69 -4.69]
Time: 28.47s
Add-Rate: 0.30
Success: 0.2792
Steps-Taken: 20.00
batch:  0
batch:  1
batch:  2
batch:  3
batch:  4
batch:  5
batch:  6
batch:  7
batch:  8
batch:  9
Epoch 13
Episode: 52000
Reward: [-4.81 -4.78 -4.65 -4.67 -4.65]
Time: 28.89s
Add-Rate: 0.30
Success: 0.2777
Steps-Taken: 20.00
batch:  0
batch:  1
batch:  2
batch:  3
batch:  4
batch:  5
batch:  6
batch:  7
batch:  8
batch:  9
Epoch 14
Episode: 56000
Reward: [-4.75 -4.63 -4.72 -4.78 -4.74]
Time: 28.60s
Add-Rate: 0.30
Success: 0.2820
Steps-Taken: 20.00
batch:  0
batch:  1
batch:  2
batch:  3
batch:  4
batch:  5
batch:  6
batch:  7
batch:  8
batch:  9
Epoch 15
Episode: 60000
Reward: [-4.67 -4.7  -4.71 -4.6  -4.82]
Time: 28.08s
Add-Rate: 0.30
Success: 0.2752
Steps-Taken: 20.00
batch:  0
batch:  1
batch:  2
batch:  3
batch:  4
batch:  5
batch:  6
batch:  7
batch:  8
batch:  9
Epoch 16
Episode: 64000
Reward: [-4.65 -4.58 -4.65 -4.63 -4.62]
Time: 28.12s
Add-Rate: 0.30
Success: 0.2775
Steps-Taken: 20.00
batch:  0
batch:  1
batch:  2
batch:  3
batch:  4
batch:  5
batch:  6
batch:  7
batch:  8
batch:  9
Epoch 17
Episode: 68000
Reward: [-4.53 -4.6  -4.72 -4.51 -4.74]
Time: 28.37s
Add-Rate: 0.30
Success: 0.2880
Steps-Taken: 20.00
batch:  0
batch:  1
batch:  2
batch:  3
batch:  4
batch:  5
batch:  6
batch:  7
batch:  8
batch:  9
Epoch 18
Episode: 72000
Reward: [-4.69 -4.63 -4.63 -4.83 -4.47]
Time: 28.64s
Add-Rate: 0.30
Success: 0.2657
Steps-Taken: 20.00
batch:  0
batch:  1
batch:  2
batch:  3
batch:  4
batch:  5
batch:  6
batch:  7
batch:  8
batch:  9
Epoch 19
Episode: 76000
Reward: [-4.64 -4.58 -4.5  -4.78 -4.64]
Time: 28.60s
Add-Rate: 0.30
Success: 0.2805
Steps-Taken: 20.00
batch:  0
batch:  1
batch:  2
batch:  3
batch:  4
batch:  5
batch:  6
batch:  7
batch:  8
batch:  9
Epoch 20
Episode: 80000
Reward: [-4.63 -4.79 -4.63 -4.63 -4.57]
Time: 28.21s
Add-Rate: 0.30
Success: 0.2792
Steps-Taken: 20.00
batch:  0
batch:  1
batch:  2
batch:  3
batch:  4
batch:  5
batch:  6
batch:  7
batch:  8
batch:  9
Epoch 21
Episode: 84000
Reward: [-4.57 -4.79 -4.62 -4.76 -4.66]
Time: 28.96s
Add-Rate: 0.30
Success: 0.2863
Steps-Taken: 20.00
batch:  0
batch:  1
batch:  2
batch:  3
batch:  4
batch:  5
batch:  6
batch:  7
batch:  8
batch:  9
Epoch 22
Episode: 88000
Reward: [-4.67 -4.85 -4.57 -4.61 -4.93]
Time: 28.55s
Add-Rate: 0.30
Success: 0.2765
Steps-Taken: 20.00
batch:  0
batch:  1
batch:  2
batch:  3
batch:  4
batch:  5
batch:  6
batch:  7
batch:  8
batch:  9
Epoch 23
Episode: 92000
Reward: [-4.6  -4.57 -4.68 -4.64 -4.69]
Time: 28.69s
Add-Rate: 0.30
Success: 0.2853
Steps-Taken: 20.00
batch:  0
batch:  1
batch:  2
batch:  3
batch:  4
batch:  5
batch:  6
batch:  7
batch:  8
batch:  9
Epoch 24
Episode: 96000
Reward: [-4.78 -4.77 -4.78 -4.65 -4.73]
Time: 28.70s
Add-Rate: 0.30
Success: 0.2710
Steps-Taken: 20.00
batch:  0
batch:  1
batch:  2
batch:  3
batch:  4
batch:  5
batch:  6
batch:  7
batch:  8
batch:  9
Epoch 25
Episode: 100000
Reward: [-4.77 -4.58 -4.66 -4.7  -4.81]
Time: 29.25s
Add-Rate: 0.30
Success: 0.2662
Steps-Taken: 20.00
batch:  0
batch:  1
batch:  2
batch:  3
batch:  4
batch:  5
batch:  6
batch:  7
batch:  8
batch:  9
Epoch 26
Episode: 104000
Reward: [-4.6  -4.69 -4.75 -4.67 -4.79]
Time: 28.65s
Add-Rate: 0.30
Success: 0.2838
Steps-Taken: 20.00
batch:  0
batch:  1
batch:  2
batch:  3
batch:  4
batch:  5
batch:  6
batch:  7
batch:  8
batch:  9
Epoch 27
Episode: 108000
Reward: [-4.54 -4.63 -4.7  -4.61 -4.57]
Time: 28.40s
Add-Rate: 0.30
Success: 0.2903
Steps-Taken: 20.00
batch:  0
batch:  1
batch:  2
batch:  3
batch:  4
batch:  5
batch:  6
batch:  7
batch:  8
batch:  9
Epoch 28
Episode: 112000
Reward: [-4.59 -4.8  -4.71 -4.9  -4.7 ]
Time: 28.86s
Add-Rate: 0.30
Success: 0.2775
Steps-Taken: 20.00
batch:  0
batch:  1
batch:  2
batch:  3
batch:  4
batch:  5
batch:  6
batch:  7
batch:  8
batch:  9
Epoch 29
Episode: 116000
Reward: [-4.6  -4.76 -4.66 -4.42 -4.51]
Time: 28.63s
Add-Rate: 0.30
Success: 0.3003
Steps-Taken: 20.00
batch:  0
batch:  1
batch:  2
batch:  3
batch:  4
batch:  5
batch:  6
batch:  7
batch:  8
batch:  9
Epoch 30
Episode: 120000
Reward: [-4.75 -4.84 -4.56 -4.77 -4.73]
Time: 28.51s
Add-Rate: 0.30
Success: 0.2767
Steps-Taken: 20.00
batch:  0
batch:  1
batch:  2
batch:  3
batch:  4
batch:  5
batch:  6
batch:  7
batch:  8
batch:  9
Epoch 31
Episode: 124000
Reward: [-4.59 -4.52 -4.46 -4.69 -4.66]
Time: 29.02s
Add-Rate: 0.30
Success: 0.2878
Steps-Taken: 20.00
batch:  0
batch:  1
batch:  2
batch:  3
batch:  4
batch:  5
batch:  6
batch:  7
batch:  8
batch:  9
Epoch 32
Episode: 128000
Reward: [-4.41 -4.66 -4.59 -4.67 -4.61]
Time: 29.14s
Add-Rate: 0.30
Success: 0.2825
Steps-Taken: 20.00
batch:  0
batch:  1
batch:  2
batch:  3
batch:  4
batch:  5
batch:  6
batch:  7
batch:  8
batch:  9
Epoch 33
Episode: 132000
Reward: [-4.51 -4.52 -4.68 -4.66 -4.67]
Time: 28.96s
Add-Rate: 0.30
Success: 0.2760
Steps-Taken: 20.00
batch:  0
batch:  1
batch:  2
batch:  3
batch:  4
batch:  5
batch:  6
batch:  7
batch:  8
batch:  9
Epoch 34
Episode: 136000
Reward: [-4.62 -4.66 -4.55 -4.67 -4.5 ]
Time: 29.24s
Add-Rate: 0.30
Success: 0.2855
Steps-Taken: 20.00
batch:  0
batch:  1
batch:  2
batch:  3
batch:  4
batch:  5
batch:  6
batch:  7
batch:  8
batch:  9
Epoch 35
Episode: 140000
Reward: [-4.6  -4.82 -4.63 -4.61 -4.77]
Time: 28.45s
Add-Rate: 0.30
Success: 0.2755
Steps-Taken: 20.00
batch:  0
batch:  1
batch:  2
batch:  3
batch:  4
batch:  5
batch:  6
batch:  7
batch:  8
batch:  9
Epoch 36
Episode: 144000
Reward: [-4.6  -4.71 -4.77 -4.53 -4.73]
Time: 28.79s
Add-Rate: 0.30
Success: 0.2853
Steps-Taken: 20.00
batch:  0
batch:  1
batch:  2
batch:  3
batch:  4
batch:  5
batch:  6
batch:  7
batch:  8
batch:  9
Epoch 37
Episode: 148000
Reward: [-4.53 -4.55 -4.49 -4.54 -4.56]
Time: 28.48s
Add-Rate: 0.30
Success: 0.2903
Steps-Taken: 20.00
batch:  0
batch:  1
batch:  2
batch:  3
batch:  4
batch:  5
batch:  6
batch:  7
batch:  8
batch:  9
Epoch 38
Episode: 152000
Reward: [-4.72 -4.62 -4.62 -4.68 -4.73]
Time: 28.75s
Add-Rate: 0.30
Success: 0.2863
Steps-Taken: 20.00
batch:  0
batch:  1
batch:  2
batch:  3
batch:  4
batch:  5
batch:  6
batch:  7
batch:  8
batch:  9
Epoch 39
Episode: 156000
Reward: [-4.72 -4.73 -4.88 -4.67 -4.65]
Time: 29.53s
Add-Rate: 0.30
Success: 0.2702
Steps-Taken: 20.00
batch:  0
batch:  1
batch:  2
batch:  3
batch:  4
batch:  5
batch:  6
batch:  7
batch:  8
batch:  9
Epoch 40
Episode: 160000
Reward: [-4.78 -4.81 -4.61 -4.57 -4.59]
Time: 29.71s
Add-Rate: 0.30
Success: 0.2775
Steps-Taken: 20.00
batch:  0
batch:  1
batch:  2
batch:  3
batch:  4
batch:  5
batch:  6
batch:  7
batch:  8
batch:  9
Epoch 41
Episode: 164000
Reward: [-7.03 -7.01 -7.06 -7.6  -7.12]
Time: 29.09s
Add-Rate: 0.30
Success: 0.3280
Steps-Taken: 20.00
batch:  0
batch:  1
batch:  2
batch:  3
batch:  4
batch:  5
batch:  6
batch:  7
batch:  8
batch:  9
Epoch 42
Episode: 168000
Reward: [-4.76 -4.64 -4.6  -4.77 -4.73]
Time: 28.42s
Add-Rate: 0.30
Success: 0.2722
Steps-Taken: 20.00
batch:  0
batch:  1
batch:  2
batch:  3
batch:  4
batch:  5
batch:  6
batch:  7
batch:  8
batch:  9
Epoch 43
Episode: 172000
Reward: [-4.65 -4.62 -4.66 -4.55 -4.58]
Time: 29.44s
Add-Rate: 0.30
Success: 0.2935
Steps-Taken: 20.00
batch:  0
batch:  1
batch:  2
batch:  3
batch:  4
batch:  5
batch:  6
batch:  7
batch:  8
batch:  9
Epoch 44
Episode: 176000
Reward: [-4.74 -4.64 -4.7  -4.6  -4.54]
Time: 28.92s
Add-Rate: 0.30
Success: 0.2913
Steps-Taken: 20.00
batch:  0
batch:  1
batch:  2
batch:  3
batch:  4
batch:  5
batch:  6
batch:  7
batch:  8
batch:  9
Epoch 45
Episode: 180000
Reward: [-4.69 -4.83 -4.63 -4.58 -4.83]
Time: 28.67s
Add-Rate: 0.30
Success: 0.2732
Steps-Taken: 20.00
batch:  0
batch:  1
batch:  2
batch:  3
batch:  4
batch:  5
batch:  6
batch:  7
batch:  8
batch:  9
Epoch 46
Episode: 184000
Reward: [-4.73 -4.56 -4.64 -4.85 -4.75]
Time: 29.35s
Add-Rate: 0.30
Success: 0.2747
Steps-Taken: 20.00
batch:  0
batch:  1
batch:  2
batch:  3
batch:  4
batch:  5
batch:  6
batch:  7
batch:  8
batch:  9
Epoch 47
Episode: 188000
Reward: [-4.65 -4.78 -4.68 -4.78 -4.73]
Time: 29.04s
Add-Rate: 0.30
Success: 0.2750
Steps-Taken: 20.00
batch:  0
batch:  1
batch:  2
batch:  3
batch:  4
batch:  5
batch:  6
batch:  7
batch:  8
batch:  9
Epoch 48
Episode: 192000
Reward: [-4.56 -4.78 -4.77 -4.65 -4.6 ]
Time: 28.75s
Add-Rate: 0.30
Success: 0.2767
Steps-Taken: 20.00
batch:  0
batch:  1
batch:  2
batch:  3
batch:  4
batch:  5
batch:  6
batch:  7
batch:  8
batch:  9
Epoch 49
Episode: 196000
Reward: [-4.7  -4.7  -4.71 -4.68 -4.7 ]
Time: 28.47s
Add-Rate: 0.30
Success: 0.2835
Steps-Taken: 20.00
batch:  0
batch:  1
batch:  2
batch:  3
batch:  4
batch:  5
batch:  6
batch:  7
batch:  8
batch:  9
Epoch 50
Episode: 200000
Reward: [-4.74 -4.52 -4.52 -4.73 -4.61]
Time: 28.87s
Add-Rate: 0.30
Success: 0.2893
Steps-Taken: 20.00
batch:  0
batch:  1
batch:  2
batch:  3
batch:  4
batch:  5
batch:  6
batch:  7
batch:  8
batch:  9
Epoch 51
Episode: 204000
Reward: [-4.76 -4.78 -4.84 -4.76 -4.66]
Time: 28.92s
Add-Rate: 0.30
Success: 0.2687
Steps-Taken: 20.00
batch:  0
batch:  1
batch:  2
batch:  3
batch:  4
batch:  5
batch:  6
batch:  7
batch:  8
batch:  9
Epoch 52
Episode: 208000
Reward: [-4.69 -4.63 -4.63 -4.6  -4.7 ]
Time: 29.71s
Add-Rate: 0.30
Success: 0.2757
Steps-Taken: 20.00
batch:  0
batch:  1
batch:  2
batch:  3
batch:  4
batch:  5
batch:  6
batch:  7
batch:  8
batch:  9
Epoch 53
Episode: 212000
Reward: [-4.76 -4.61 -4.54 -4.79 -4.61]
Time: 29.52s
Add-Rate: 0.30
Success: 0.2775
Steps-Taken: 20.00
batch:  0
batch:  1
batch:  2
batch:  3
batch:  4
batch:  5
batch:  6
batch:  7
batch:  8
batch:  9
Epoch 54
Episode: 216000
Reward: [-4.75 -4.57 -4.68 -4.68 -4.85]
Time: 29.08s
Add-Rate: 0.30
Success: 0.2747
Steps-Taken: 20.00
batch:  0
batch:  1
batch:  2
batch:  3
batch:  4
batch:  5
batch:  6
batch:  7
batch:  8
batch:  9
Epoch 55
Episode: 220000
Reward: [-4.64 -4.66 -4.67 -4.83 -4.82]
Time: 28.25s
Add-Rate: 0.30
Success: 0.2765
Steps-Taken: 20.00
batch:  0
batch:  1
batch:  2
batch:  3
batch:  4
batch:  5
batch:  6
batch:  7
batch:  8
batch:  9
Epoch 56
Episode: 224000
Reward: [-4.62 -4.66 -4.63 -4.6  -4.74]
Time: 28.80s
Add-Rate: 0.30
Success: 0.2815
Steps-Taken: 20.00
batch:  0
batch:  1
batch:  2
batch:  3
batch:  4
batch:  5
batch:  6
batch:  7
batch:  8
batch:  9
Epoch 57
Episode: 228000
Reward: [-4.44 -4.59 -4.44 -4.38 -4.51]
Time: 29.41s
Add-Rate: 0.30
Success: 0.3008
Steps-Taken: 20.00
batch:  0
batch:  1
batch:  2
batch:  3
batch:  4
batch:  5
batch:  6
batch:  7
batch:  8
batch:  9
Epoch 58
Episode: 232000
Reward: [-4.73 -4.76 -4.65 -4.4  -4.69]
Time: 29.17s
Add-Rate: 0.30
Success: 0.2755
Steps-Taken: 20.00
batch:  0
batch:  1
batch:  2
batch:  3
batch:  4
batch:  5
batch:  6
batch:  7
batch:  8
batch:  9
Epoch 59
Episode: 236000
Reward: [-4.69 -4.78 -4.73 -4.75 -4.52]
Time: 28.91s
Add-Rate: 0.30
Success: 0.2812
Steps-Taken: 20.00
batch:  0
batch:  1
batch:  2
batch:  3
batch:  4
batch:  5
batch:  6
batch:  7
batch:  8
batch:  9
Epoch 60
Episode: 240000
Reward: [-4.66 -4.6  -4.73 -4.61 -4.66]
Time: 28.85s
Add-Rate: 0.30
Success: 0.2818
Steps-Taken: 20.00
batch:  0
batch:  1
batch:  2
batch:  3
batch:  4
batch:  5
batch:  6
batch:  7
batch:  8
batch:  9
Epoch 61
Episode: 244000
Reward: [-4.8  -4.66 -4.75 -4.59 -4.63]
Time: 28.99s
Add-Rate: 0.30
Success: 0.2782
Steps-Taken: 20.00
batch:  0
batch:  1
batch:  2
batch:  3
batch:  4
batch:  5
batch:  6
batch:  7
batch:  8
batch:  9
Epoch 62
Episode: 248000
Reward: [-4.65 -4.44 -4.52 -4.6  -4.68]
Time: 29.07s
Add-Rate: 0.30
Success: 0.2935
Steps-Taken: 20.00
batch:  0
batch:  1
batch:  2
batch:  3
batch:  4
batch:  5
batch:  6
batch:  7
batch:  8
batch:  9
Epoch 63
Episode: 252000
Reward: [-4.73 -4.65 -4.86 -4.58 -4.77]
Time: 29.92s
Add-Rate: 0.30
Success: 0.2752
Steps-Taken: 20.00
batch:  0
batch:  1
batch:  2
batch:  3
batch:  4
batch:  5
batch:  6
batch:  7
batch:  8
batch:  9
Epoch 64
Episode: 256000
Reward: [-4.55 -4.61 -4.7  -4.63 -4.72]
Time: 29.35s
Add-Rate: 0.30
Success: 0.2785
Steps-Taken: 20.00
batch:  0
batch:  1
batch:  2
batch:  3
batch:  4
batch:  5
batch:  6
batch:  7
batch:  8
batch:  9
Epoch 65
Episode: 260000
Reward: [-4.58 -4.54 -4.78 -4.57 -4.54]
Time: 28.73s
Add-Rate: 0.30
Success: 0.2890
Steps-Taken: 20.00
batch:  0
batch:  1
batch:  2
batch:  3
batch:  4
batch:  5
batch:  6
batch:  7
batch:  8
batch:  9
Epoch 66
Episode: 264000
Reward: [-4.86 -4.69 -4.68 -4.69 -4.7 ]
Time: 28.35s
Add-Rate: 0.30
Success: 0.2820
Steps-Taken: 20.00
batch:  0
batch:  1
batch:  2
batch:  3
batch:  4
batch:  5
batch:  6
batch:  7
batch:  8
batch:  9
Epoch 67
Episode: 268000
Reward: [-4.79 -4.68 -4.74 -4.8  -4.59]
Time: 29.18s
Add-Rate: 0.30
Success: 0.2777
Steps-Taken: 20.00
batch:  0
batch:  1
batch:  2
batch:  3
batch:  4
batch:  5
batch:  6
batch:  7
batch:  8
batch:  9
Epoch 68
Episode: 272000
Reward: [-4.81 -4.67 -4.72 -4.71 -4.63]
Time: 28.80s
Add-Rate: 0.30
Success: 0.2823
Steps-Taken: 20.00
batch:  0
batch:  1
batch:  2
batch:  3
batch:  4
batch:  5
batch:  6
batch:  7
batch:  8
batch:  9
Epoch 69
Episode: 276000
Reward: [-4.48 -4.81 -4.68 -4.72 -4.73]
Time: 28.05s
Add-Rate: 0.30
Success: 0.2880
Steps-Taken: 20.00
batch:  0
batch:  1
batch:  2
batch:  3
batch:  4
batch:  5
batch:  6
batch:  7
batch:  8
batch:  9
Epoch 70
Episode: 280000
Reward: [-4.71 -4.74 -4.8  -4.71 -4.67]
Time: 27.87s
Add-Rate: 0.30
Success: 0.2747
Steps-Taken: 20.00
batch:  0
batch:  1
batch:  2
batch:  3
batch:  4
batch:  5
batch:  6
batch:  7
batch:  8
batch:  9
Epoch 71
Episode: 284000
Reward: [-4.48 -4.54 -4.64 -4.61 -4.69]
Time: 28.67s
Add-Rate: 0.30
Success: 0.2848
Steps-Taken: 20.00
batch:  0
batch:  1
batch:  2
batch:  3
batch:  4
batch:  5
batch:  6
batch:  7
batch:  8
batch:  9
Epoch 72
Episode: 288000
Reward: [-4.78 -4.47 -4.84 -4.76 -4.74]
Time: 28.79s
Add-Rate: 0.30
Success: 0.2780
Steps-Taken: 20.00
batch:  0
batch:  1
batch:  2
batch:  3
batch:  4
batch:  5
batch:  6
batch:  7
batch:  8
batch:  9
Epoch 73
Episode: 292000
Reward: [-4.79 -4.64 -4.65 -4.63 -4.58]
Time: 29.49s
Add-Rate: 0.30
Success: 0.2815
Steps-Taken: 20.00
batch:  0
batch:  1
batch:  2
batch:  3
batch:  4
batch:  5
batch:  6
batch:  7
batch:  8
batch:  9
Epoch 74
Episode: 296000
Reward: [-4.81 -4.88 -4.58 -4.61 -4.58]
Time: 29.06s
Add-Rate: 0.30
Success: 0.2845
Steps-Taken: 20.00
batch:  0
batch:  1
batch:  2
batch:  3
batch:  4
batch:  5
batch:  6
batch:  7
batch:  8
batch:  9
Epoch 75
Episode: 300000
Reward: [-4.81 -4.74 -4.59 -4.61 -4.61]
Time: 28.93s
Add-Rate: 0.30
Success: 0.2855
Steps-Taken: 20.00
batch:  0
batch:  1
batch:  2
batch:  3
batch:  4
batch:  5
batch:  6
batch:  7
batch:  8
batch:  9
Epoch 76
Episode: 304000
Reward: [-4.72 -4.73 -4.61 -4.79 -4.77]
Time: 29.27s
Add-Rate: 0.30
Success: 0.2833
Steps-Taken: 20.00
batch:  0
batch:  1
batch:  2
batch:  3
batch:  4
batch:  5
batch:  6
batch:  7
batch:  8
batch:  9
Epoch 77
Episode: 308000
Reward: [-4.6  -4.78 -4.72 -4.66 -4.59]
Time: 28.52s
Add-Rate: 0.30
Success: 0.2762
Steps-Taken: 20.00
batch:  0
batch:  1
batch:  2
batch:  3
batch:  4
batch:  5
batch:  6
batch:  7
batch:  8
batch:  9
Epoch 78
Episode: 312000
Reward: [-4.75 -4.54 -4.61 -4.74 -4.65]
Time: 28.50s
Add-Rate: 0.30
Success: 0.2830
Steps-Taken: 20.00
batch:  0
batch:  1
batch:  2
batch:  3
batch:  4
batch:  5
batch:  6
batch:  7
batch:  8
batch:  9
Epoch 79
Episode: 316000
Reward: [-10.02  -9.4  -10.08 -10.04 -10.38]
Time: 28.77s
Add-Rate: 0.30
Success: 0.5010
Steps-Taken: 20.00
batch:  0
batch:  1
batch:  2
batch:  3
batch:  4
batch:  5
batch:  6
batch:  7
batch:  8
batch:  9
Epoch 80
Episode: 320000
Reward: [-7.98 -7.76 -8.85 -9.13 -7.82]
Time: 28.49s
Add-Rate: 0.30
Success: 0.6258
Steps-Taken: 20.00
batch:  0
batch:  1
batch:  2
batch:  3
batch:  4
batch:  5
batch:  6
batch:  7
batch:  8
batch:  9
Epoch 81
Episode: 324000
Reward: [-8.12 -7.78 -8.38 -7.93 -7.42]
Time: 28.17s
Add-Rate: 0.30
Success: 0.6462
Steps-Taken: 20.00
batch:  0
batch:  1
batch:  2
batch:  3
batch:  4
batch:  5
batch:  6
batch:  7
batch:  8
batch:  9
Epoch 82
Episode: 328000
Reward: [-7.54 -8.13 -8.19 -8.72 -8.31]
Time: 28.50s
Add-Rate: 0.30
Success: 0.6458
Steps-Taken: 20.00
batch:  0
batch:  1
batch:  2
batch:  3
batch:  4
batch:  5
batch:  6
batch:  7
batch:  8
batch:  9
Epoch 83
Episode: 332000
Reward: [-7.71 -8.28 -7.92 -8.39 -7.9 ]
Time: 28.39s
Add-Rate: 0.30
Success: 0.6458
Steps-Taken: 20.00
batch:  0
batch:  1
batch:  2
batch:  3
batch:  4
batch:  5
batch:  6
batch:  7
batch:  8
batch:  9
Epoch 84
Episode: 336000
Reward: [-7.7  -7.8  -7.37 -8.55 -8.73]
Time: 28.37s
Add-Rate: 0.30
Success: 0.5998
Steps-Taken: 20.00
batch:  0
batch:  1
batch:  2
batch:  3
batch:  4
batch:  5
batch:  6
batch:  7
batch:  8
batch:  9
Epoch 85
Episode: 340000
Reward: [-8.47 -8.06 -7.7  -8.62 -8.01]
Time: 28.70s
Add-Rate: 0.30
Success: 0.6342
Steps-Taken: 20.00
batch:  0
batch:  1
batch:  2
batch:  3
batch:  4
batch:  5
batch:  6
batch:  7
batch:  8
batch:  9
Epoch 86
Episode: 344000
Reward: [-7.19 -7.5  -7.77 -7.43 -6.85]
Time: 28.33s
Add-Rate: 0.30
Success: 0.6358
Steps-Taken: 20.00
batch:  0
batch:  1
batch:  2
batch:  3
batch:  4
batch:  5
batch:  6
batch:  7
batch:  8
batch:  9
Epoch 87
Episode: 348000
Reward: [-7.71 -8.96 -8.48 -8.16 -7.09]
Time: 28.65s
Add-Rate: 0.30
Success: 0.6422
Steps-Taken: 20.00
batch:  0
batch:  1
batch:  2
batch:  3
batch:  4
batch:  5
batch:  6
batch:  7
batch:  8
batch:  9
Epoch 88
Episode: 352000
Reward: [-7.71 -8.34 -7.35 -7.38 -8.26]
Time: 28.72s
Add-Rate: 0.30
Success: 0.6445
Steps-Taken: 20.00
batch:  0
batch:  1
batch:  2
batch:  3
batch:  4
batch:  5
batch:  6
batch:  7
batch:  8
batch:  9
Epoch 89
Episode: 356000
Reward: [-8.01 -7.41 -8.38 -7.85 -7.95]
Time: 28.35s
Add-Rate: 0.30
Success: 0.6468
Steps-Taken: 20.00
batch:  0
batch:  1
batch:  2
batch:  3
batch:  4
batch:  5
batch:  6
batch:  7
batch:  8
batch:  9
Epoch 90
Episode: 360000
Reward: [-7.67 -7.26 -8.08 -7.52 -8.08]
Time: 28.20s
Add-Rate: 0.30
Success: 0.6395
Steps-Taken: 20.00
batch:  0
batch:  1
batch:  2
batch:  3
batch:  4
batch:  5
batch:  6
batch:  7
batch:  8
batch:  9
Epoch 91
Episode: 364000
Reward: [-8.01 -8.03 -7.54 -8.05 -8.51]
Time: 27.81s
Add-Rate: 0.30
Success: 0.6360
Steps-Taken: 20.00
batch:  0
batch:  1
batch:  2
batch:  3
batch:  4
batch:  5
batch:  6
batch:  7
batch:  8
batch:  9
Epoch 92
Episode: 368000
Reward: [-7.92 -8.21 -7.9  -7.77 -7.69]
Time: 27.91s
Add-Rate: 0.30
Success: 0.6425
Steps-Taken: 20.00
batch:  0
batch:  1
batch:  2
batch:  3
batch:  4
batch:  5
batch:  6
batch:  7
batch:  8
batch:  9
Epoch 93
Episode: 372000
Reward: [-7.12 -7.49 -7.65 -8.03 -7.2 ]
Time: 28.06s
Add-Rate: 0.30
Success: 0.6530
Steps-Taken: 20.00
batch:  0
batch:  1
batch:  2
batch:  3
batch:  4
batch:  5
batch:  6
batch:  7
batch:  8
batch:  9
Epoch 94
Episode: 376000
Reward: [-7.93 -9.18 -8.87 -8.97 -9.44]
Time: 27.79s
Add-Rate: 0.30
Success: 0.6035
Steps-Taken: 20.00
batch:  0
batch:  1
batch:  2
batch:  3
batch:  4
batch:  5
batch:  6
batch:  7
batch:  8
batch:  9
Epoch 95
Episode: 380000
Reward: [-11.13 -10.83 -10.87 -10.27 -10.91]
Time: 28.06s
Add-Rate: 0.30
Success: 0.5613
Steps-Taken: 20.00
batch:  0
batch:  1
batch:  2
batch:  3
batch:  4
batch:  5
batch:  6
batch:  7
batch:  8
batch:  9
Epoch 96
Episode: 384000
Reward: [-9.69 -9.23 -9.16 -9.57 -9.1 ]
Time: 28.42s
Add-Rate: 0.30
Success: 0.6165
Steps-Taken: 20.00
batch:  0
batch:  1
batch:  2
batch:  3
batch:  4
batch:  5
batch:  6
batch:  7
batch:  8
batch:  9
Epoch 97
Episode: 388000
Reward: [-8.11 -7.97 -7.99 -8.33 -8.81]
Time: 28.25s
Add-Rate: 0.30
Success: 0.6092
Steps-Taken: 20.00
batch:  0
batch:  1
batch:  2
batch:  3
batch:  4
batch:  5
batch:  6
batch:  7
batch:  8
batch:  9
Epoch 98
Episode: 392000
Reward: [-7.62 -7.56 -7.37 -7.65 -7.64]
Time: 27.77s
Add-Rate: 0.30
Success: 0.6172
Steps-Taken: 20.00
batch:  0
batch:  1
batch:  2
batch:  3
batch:  4
batch:  5
batch:  6
batch:  7
batch:  8
batch:  9
Epoch 99
Episode: 396000
Reward: [-7.07 -7.45 -6.91 -7.16 -7.51]
Time: 28.17s
Add-Rate: 0.30
Success: 0.6158
Steps-Taken: 20.00
batch:  0
batch:  1
batch:  2
batch:  3
batch:  4
batch:  5
batch:  6
batch:  7
batch:  8
batch:  9
Epoch 100
Episode: 400000
Reward: [-3.58 -3.64 -3.49 -3.78 -3.55]
Time: 27.81s
Add-Rate: 0.30
Success: 0.6008
Steps-Taken: 20.00
batch:  0
batch:  1
batch:  2
batch:  3
batch:  4
batch:  5
batch:  6
batch:  7
batch:  8
batch:  9
Epoch 101
Episode: 404000
Reward: [-5.14 -4.81 -4.97 -4.87 -4.91]
Time: 27.87s
Add-Rate: 0.30
Success: 0.4760
Steps-Taken: 20.00
batch:  0
batch:  1
batch:  2
batch:  3
batch:  4
batch:  5
batch:  6
batch:  7
batch:  8
batch:  9
Epoch 102
Episode: 408000
Reward: [-7.3  -7.06 -7.27 -6.86 -7.05]
Time: 27.83s
Add-Rate: 0.30
Success: 0.4185
Steps-Taken: 20.00
batch:  0
batch:  1
batch:  2
batch:  3
batch:  4
batch:  5
batch:  6
batch:  7
batch:  8
batch:  9
Epoch 103
Episode: 412000
Reward: [-4.7  -4.68 -4.75 -4.78 -4.98]
Time: 27.61s
Add-Rate: 0.30
Success: 0.3405
Steps-Taken: 20.00
batch:  0
batch:  1
batch:  2
batch:  3
batch:  4
batch:  5
batch:  6
batch:  7
batch:  8
batch:  9
Epoch 104
Episode: 416000
Reward: [-4.61 -4.62 -4.59 -4.45 -4.72]
Time: 28.03s
Add-Rate: 0.30
Success: 0.3427
Steps-Taken: 20.00
batch:  0
batch:  1
batch:  2
batch:  3
batch:  4
batch:  5
batch:  6
batch:  7
batch:  8
batch:  9
Epoch 105
Episode: 420000
Reward: [-4.74 -4.95 -4.7  -4.77 -4.72]
Time: 27.75s
Add-Rate: 0.30
Success: 0.3255
Steps-Taken: 20.00
batch:  0
batch:  1
batch:  2
batch:  3
batch:  4
batch:  5
batch:  6
batch:  7
batch:  8
batch:  9
Epoch 106
Episode: 424000
Reward: [-5.14 -5.22 -5.15 -4.99 -4.92]
Time: 27.75s
Add-Rate: 0.30
Success: 0.3115
Steps-Taken: 20.00
batch:  0
batch:  1
batch:  2
batch:  3
batch:  4
batch:  5
batch:  6
batch:  7
batch:  8
batch:  9
Epoch 107
Episode: 428000
Reward: [-4.88 -4.52 -4.85 -4.71 -4.61]
Time: 27.93s
Add-Rate: 0.30
Success: 0.3023
Steps-Taken: 20.00
batch:  0
batch:  1
batch:  2
batch:  3
batch:  4
batch:  5
batch:  6
batch:  7
batch:  8
batch:  9
Epoch 108
Episode: 432000
Reward: [-4.66 -4.6  -4.82 -4.63 -4.69]
Time: 28.20s
Add-Rate: 0.30
Success: 0.2828
Steps-Taken: 20.00
batch:  0
batch:  1
batch:  2
batch:  3
batch:  4
batch:  5
batch:  6
batch:  7
batch:  8
batch:  9
Epoch 109
Episode: 436000
Reward: [-4.67 -4.72 -4.65 -4.73 -4.62]
Time: 27.96s
Add-Rate: 0.30
Success: 0.2828
Steps-Taken: 20.00
batch:  0
batch:  1
batch:  2
batch:  3
batch:  4
batch:  5
batch:  6
batch:  7
batch:  8
batch:  9
Epoch 110
Episode: 440000
Reward: [-4.57 -4.69 -4.61 -4.68 -4.57]
Time: 27.86s
Add-Rate: 0.30
Success: 0.2828
Steps-Taken: 20.00
batch:  0
batch:  1
batch:  2
batch:  3
batch:  4
batch:  5
batch:  6
batch:  7
batch:  8
batch:  9
Epoch 111
Episode: 444000
Reward: [-4.71 -4.75 -4.61 -4.77 -4.7 ]
Time: 27.57s
Add-Rate: 0.30
Success: 0.2717
Steps-Taken: 20.00
batch:  0
batch:  1
batch:  2
batch:  3
batch:  4
batch:  5
batch:  6
batch:  7
batch:  8
batch:  9
Epoch 112
Episode: 448000
Reward: [-4.65 -4.66 -4.61 -4.71 -4.79]
Time: 28.05s
Add-Rate: 0.30
Success: 0.2775
Steps-Taken: 20.00
batch:  0
batch:  1
batch:  2
batch:  3
batch:  4
batch:  5
batch:  6
batch:  7
batch:  8
batch:  9
Epoch 113
Episode: 452000
Reward: [-4.6  -4.62 -4.66 -4.53 -4.78]
Time: 27.80s
Add-Rate: 0.30
Success: 0.2777
Steps-Taken: 20.00
batch:  0
batch:  1
batch:  2
batch:  3
batch:  4
batch:  5
batch:  6
batch:  7
batch:  8
batch:  9
Epoch 114
Episode: 456000
Reward: [-4.68 -4.72 -4.72 -4.63 -4.84]
Time: 28.28s
Add-Rate: 0.30
Success: 0.2775
Steps-Taken: 20.00
batch:  0
batch:  1
batch:  2
batch:  3
batch:  4
batch:  5
batch:  6
batch:  7
batch:  8
batch:  9
Epoch 115
Episode: 460000
Reward: [-4.49 -4.85 -4.63 -4.69 -4.62]
Time: 28.05s
Add-Rate: 0.30
Success: 0.2825
Steps-Taken: 20.00
batch:  0
batch:  1
batch:  2
batch:  3
batch:  4
batch:  5
batch:  6
batch:  7
batch:  8
batch:  9
Epoch 116
Episode: 464000
Reward: [-4.52 -4.72 -4.68 -4.74 -4.6 ]
Time: 27.91s
Add-Rate: 0.30
Success: 0.2905
Steps-Taken: 20.00
batch:  0
batch:  1
batch:  2
batch:  3
batch:  4
batch:  5
batch:  6
batch:  7
batch:  8
batch:  9
Epoch 117
Episode: 468000
Reward: [-4.66 -4.64 -4.72 -4.65 -4.58]
Time: 27.87s
Add-Rate: 0.30
Success: 0.2790
Steps-Taken: 20.00
batch:  0
batch:  1
batch:  2
batch:  3
batch:  4
batch:  5
batch:  6
batch:  7
batch:  8
batch:  9
Epoch 118
Episode: 472000
Reward: [-4.62 -4.68 -4.64 -4.69 -4.64]
Time: 27.62s
Add-Rate: 0.30
Success: 0.2868
Steps-Taken: 20.00
batch:  0
batch:  1
batch:  2
batch:  3
batch:  4
batch:  5
batch:  6
batch:  7
batch:  8
batch:  9
Epoch 119
Episode: 476000
Reward: [-4.84 -4.67 -4.72 -4.76 -4.78]
Time: 28.15s
Add-Rate: 0.30
Success: 0.2735
Steps-Taken: 20.00
batch:  0
batch:  1
batch:  2
batch:  3
batch:  4
batch:  5
batch:  6
batch:  7
batch:  8
batch:  9
Epoch 120
Episode: 480000
Reward: [-4.72 -4.73 -4.73 -4.71 -4.75]
Time: 28.52s
Add-Rate: 0.30
Success: 0.2700
Steps-Taken: 20.00
batch:  0
batch:  1
batch:  2
batch:  3
batch:  4
batch:  5
batch:  6
batch:  7
batch:  8
batch:  9
Epoch 121
Episode: 484000
Reward: [-4.7  -4.61 -4.77 -4.74 -4.62]
Time: 29.03s
Add-Rate: 0.30
Success: 0.2812
Steps-Taken: 20.00
batch:  0
batch:  1
batch:  2
batch:  3
batch:  4
batch:  5
batch:  6
batch:  7
batch:  8
batch:  9
Epoch 122
Episode: 488000
Reward: [-4.74 -4.63 -4.64 -4.83 -4.75]
Time: 28.69s
Add-Rate: 0.30
Success: 0.2762
Steps-Taken: 20.00
batch:  0
batch:  1
batch:  2
batch:  3
batch:  4
batch:  5
batch:  6
batch:  7
batch:  8
batch:  9
Epoch 123
Episode: 492000
Reward: [-4.67 -4.65 -4.76 -4.53 -4.54]
Time: 28.41s
Add-Rate: 0.30
Success: 0.2828
Steps-Taken: 20.00
batch:  0
batch:  1
batch:  2
batch:  3
batch:  4
batch:  5
batch:  6
batch:  7
batch:  8
batch:  9
Epoch 124
Episode: 496000
Reward: [-4.61 -4.65 -4.72 -4.76 -4.75]
Time: 28.35s
Add-Rate: 0.30
Success: 0.2787
Steps-Taken: 20.00
batch:  0
batch:  1
batch:  2
batch:  3
batch:  4
batch:  5
batch:  6
batch:  7
batch:  8
batch:  9
Epoch 125
Episode: 500000
Reward: [-4.49 -4.68 -4.56 -4.5  -4.49]
Time: 28.18s
Add-Rate: 0.30
Success: 0.3015
Steps-Taken: 20.00
batch:  0
batch:  1
batch:  2
batch:  3
batch:  4
batch:  5
batch:  6
batch:  7
batch:  8
batch:  9
Epoch 126
Episode: 504000
Reward: [-4.77 -4.72 -4.79 -4.8  -4.89]
Time: 27.78s
Add-Rate: 0.30
Success: 0.2730
Steps-Taken: 20.00
batch:  0
batch:  1
batch:  2
batch:  3
batch:  4
batch:  5
batch:  6
batch:  7
batch:  8
batch:  9
Epoch 127
Episode: 508000
Reward: [-4.53 -4.56 -4.52 -4.64 -4.7 ]
Time: 27.93s
Add-Rate: 0.30
Success: 0.2883
Steps-Taken: 20.00
batch:  0
batch:  1
batch:  2
batch:  3
batch:  4
batch:  5
batch:  6
batch:  7
batch:  8
batch:  9
Epoch 128
Episode: 512000
Reward: [-4.61 -4.55 -4.6  -4.62 -4.65]
Time: 27.90s
Add-Rate: 0.30
Success: 0.2863
Steps-Taken: 20.00
batch:  0
batch:  1
batch:  2
batch:  3
batch:  4
batch:  5
batch:  6
batch:  7
batch:  8
batch:  9
Epoch 129
Episode: 516000
Reward: [-4.63 -4.7  -4.77 -4.57 -4.57]
Time: 27.47s
Add-Rate: 0.30
Success: 0.2863
Steps-Taken: 20.00
batch:  0
batch:  1
batch:  2
batch:  3
batch:  4
batch:  5
batch:  6
batch:  7
batch:  8
batch:  9
Epoch 130
Episode: 520000
Reward: [-4.65 -4.61 -4.63 -4.62 -4.69]
Time: 27.47s
Add-Rate: 0.30
Success: 0.2830
Steps-Taken: 20.00
batch:  0
batch:  1
batch:  2
batch:  3
batch:  4
batch:  5
batch:  6
batch:  7
batch:  8
batch:  9
Epoch 131
Episode: 524000
Reward: [-4.64 -4.7  -4.68 -4.71 -4.64]
Time: 27.68s
Add-Rate: 0.30
Success: 0.2805
Steps-Taken: 20.00
batch:  0
batch:  1
batch:  2
batch:  3
batch:  4
batch:  5
batch:  6
batch:  7
batch:  8
batch:  9
Epoch 132
Episode: 528000
Reward: [-4.76 -4.75 -4.64 -4.81 -4.72]
Time: 27.85s
Add-Rate: 0.30
Success: 0.2772
Steps-Taken: 20.00
batch:  0
batch:  1
batch:  2
batch:  3
batch:  4
batch:  5
batch:  6
batch:  7
batch:  8
batch:  9
Epoch 133
Episode: 532000
Reward: [-6.5  -6.06 -5.83 -6.24 -5.98]
Time: 27.46s
Add-Rate: 0.30
Success: 0.3227
Steps-Taken: 20.00
batch:  0
batch:  1
batch:  2
batch:  3
batch:  4
batch:  5
batch:  6
batch:  7
batch:  8
batch:  9
Epoch 134
Episode: 536000
Reward: [-5.92 -5.96 -6.01 -6.19 -5.87]
Time: 27.91s
Add-Rate: 0.30
Success: 0.2900
Steps-Taken: 20.00
batch:  0
batch:  1
batch:  2
batch:  3
batch:  4
batch:  5
batch:  6
batch:  7
batch:  8
batch:  9
Epoch 135
Episode: 540000
Reward: [-5.28 -5.27 -5.42 -5.15 -5.25]
Time: 27.95s
Add-Rate: 0.30
Success: 0.2745
Steps-Taken: 20.00
batch:  0
batch:  1
batch:  2
batch:  3
batch:  4
batch:  5
batch:  6
batch:  7
batch:  8
batch:  9
Epoch 136
Episode: 544000
Reward: [-5.18 -5.4  -5.24 -5.2  -5.03]
Time: 27.81s
Add-Rate: 0.30
Success: 0.2845
Steps-Taken: 20.00
batch:  0
batch:  1
batch:  2
batch:  3
batch:  4
batch:  5
batch:  6
batch:  7
batch:  8
batch:  9
Epoch 137
Episode: 548000
Reward: [-4.93 -4.98 -4.86 -4.93 -4.95]
Time: 27.51s
Add-Rate: 0.30
Success: 0.2818
Steps-Taken: 20.00
batch:  0
batch:  1
batch:  2
batch:  3
batch:  4
batch:  5
batch:  6
batch:  7
batch:  8
batch:  9
Epoch 138
Episode: 552000
Reward: [-4.61 -4.87 -4.78 -4.55 -4.66]
Time: 27.45s
Add-Rate: 0.30
Success: 0.2802
Steps-Taken: 20.00
batch:  0
batch:  1
batch:  2
batch:  3
batch:  4
batch:  5
batch:  6
batch:  7
batch:  8
batch:  9
Epoch 139
Episode: 556000
Reward: [-4.76 -4.75 -4.69 -4.72 -4.6 ]
Time: 28.03s
Add-Rate: 0.30
Success: 0.2807
Steps-Taken: 20.00
batch:  0
batch:  1
batch:  2
batch:  3
batch:  4
batch:  5
batch:  6
batch:  7
batch:  8
batch:  9
Epoch 140
Episode: 560000
Reward: [-4.59 -4.72 -4.68 -4.66 -4.78]
Time: 27.81s
Add-Rate: 0.30
Success: 0.2765
Steps-Taken: 20.00
batch:  0
batch:  1
batch:  2
batch:  3
batch:  4
batch:  5
batch:  6
batch:  7
batch:  8
batch:  9
Epoch 141
Episode: 564000
Reward: [-4.74 -4.61 -4.68 -4.6  -4.61]
Time: 28.01s
Add-Rate: 0.30
Success: 0.2785
Steps-Taken: 20.00
batch:  0
batch:  1
batch:  2
batch:  3
batch:  4
batch:  5
batch:  6
batch:  7
batch:  8
batch:  9
Epoch 142
Episode: 568000
Reward: [-4.58 -4.56 -4.52 -4.63 -4.72]
Time: 27.86s
Add-Rate: 0.30
Success: 0.2910
Steps-Taken: 20.00
batch:  0
batch:  1
batch:  2
batch:  3
batch:  4
batch:  5
batch:  6
batch:  7
batch:  8
batch:  9
Epoch 143
Episode: 572000
Reward: [-4.61 -4.58 -4.71 -4.71 -4.75]
Time: 27.69s
Add-Rate: 0.30
Success: 0.2818
Steps-Taken: 20.00
batch:  0
batch:  1
batch:  2
batch:  3
batch:  4
batch:  5
batch:  6
batch:  7
batch:  8
batch:  9
Epoch 144
Episode: 576000
Reward: [-4.54 -4.74 -4.64 -4.51 -4.64]
Time: 27.69s
Add-Rate: 0.30
Success: 0.2853
Steps-Taken: 20.00
batch:  0
batch:  1
batch:  2
batch:  3
batch:  4
batch:  5
batch:  6
batch:  7
batch:  8
batch:  9
Epoch 145
Episode: 580000
Reward: [-4.62 -4.63 -4.62 -4.64 -4.66]
Time: 27.54s
Add-Rate: 0.30
Success: 0.2868
Steps-Taken: 20.00
batch:  0
batch:  1
batch:  2
batch:  3
batch:  4
batch:  5
batch:  6
batch:  7
batch:  8
batch:  9
Epoch 146
Episode: 584000
Reward: [-4.37 -4.71 -4.75 -4.71 -4.76]
Time: 27.45s
Add-Rate: 0.30
Success: 0.2820
Steps-Taken: 20.00
batch:  0
batch:  1
batch:  2
batch:  3
batch:  4
batch:  5
batch:  6
batch:  7
batch:  8
batch:  9
Epoch 147
Episode: 588000
Reward: [-4.67 -4.62 -4.57 -4.48 -4.58]
Time: 27.70s
Add-Rate: 0.30
Success: 0.3048
Steps-Taken: 20.00
batch:  0
batch:  1
batch:  2
batch:  3
batch:  4
batch:  5
batch:  6
batch:  7
batch:  8
batch:  9
Epoch 148
Episode: 592000
Reward: [-4.63 -4.67 -4.77 -4.75 -4.79]
Time: 27.76s
Add-Rate: 0.30
Success: 0.2747
Steps-Taken: 20.00
batch:  0
batch:  1
batch:  2
batch:  3
batch:  4
batch:  5
batch:  6
batch:  7
batch:  8
batch:  9
Epoch 149
Episode: 596000
Reward: [-4.6  -4.7  -4.7  -4.59 -4.42]
Time: 27.42s
Add-Rate: 0.30
Success: 0.2918
Steps-Taken: 20.00
batch:  0
batch:  1
batch:  2
batch:  3
batch:  4
batch:  5
batch:  6
batch:  7
batch:  8
batch:  9
Epoch 150
Episode: 600000
Reward: [-4.71 -4.65 -4.64 -4.66 -4.58]
Time: 27.56s
Add-Rate: 0.30
Success: 0.2860
Steps-Taken: 20.00
batch:  0
batch:  1
batch:  2
batch:  3
batch:  4
batch:  5
batch:  6
batch:  7
batch:  8
batch:  9
Epoch 151
Episode: 604000
Reward: [-4.69 -4.56 -4.56 -4.44 -4.64]
Time: 27.64s
Add-Rate: 0.30
Success: 0.2875
Steps-Taken: 20.00
batch:  0
batch:  1
batch:  2
batch:  3
batch:  4
batch:  5
batch:  6
batch:  7
batch:  8
batch:  9
Epoch 152
Episode: 608000
Reward: [-4.86 -4.78 -4.89 -4.7  -4.62]
Time: 27.72s
Add-Rate: 0.30
Success: 0.2730
Steps-Taken: 20.00
batch:  0
batch:  1
batch:  2
batch:  3
batch:  4
batch:  5
batch:  6
batch:  7
batch:  8
batch:  9
Epoch 153
Episode: 612000
Reward: [-4.51 -4.51 -4.49 -4.68 -4.61]
Time: 27.53s
Add-Rate: 0.30
Success: 0.2883
Steps-Taken: 20.00
batch:  0
batch:  1
batch:  2
batch:  3
batch:  4
batch:  5
batch:  6
batch:  7
batch:  8
batch:  9
Epoch 154
Episode: 616000
Reward: [-4.75 -4.54 -4.72 -4.76 -4.61]
Time: 27.68s
Add-Rate: 0.30
Success: 0.2765
Steps-Taken: 20.00
batch:  0
batch:  1
batch:  2
batch:  3
batch:  4
batch:  5
batch:  6
batch:  7
batch:  8
batch:  9
Epoch 155
Episode: 620000
Reward: [-4.69 -4.72 -4.72 -4.57 -4.66]
Time: 27.62s
Add-Rate: 0.30
Success: 0.2823
Steps-Taken: 20.00
batch:  0
batch:  1
batch:  2
batch:  3
batch:  4
batch:  5
batch:  6
batch:  7
batch:  8
batch:  9
Epoch 156
Episode: 624000
Reward: [-4.77 -4.75 -4.59 -4.8  -4.75]
Time: 27.68s
Add-Rate: 0.30
Success: 0.2830
Steps-Taken: 20.00
batch:  0
batch:  1
batch:  2
batch:  3
batch:  4
batch:  5
batch:  6
batch:  7
batch:  8
batch:  9
Epoch 157
Episode: 628000
Reward: [-4.54 -4.7  -4.52 -4.71 -4.6 ]
Time: 27.60s
Add-Rate: 0.30
Success: 0.2833
Steps-Taken: 20.00
batch:  0
batch:  1
batch:  2
batch:  3
batch:  4
batch:  5
batch:  6
batch:  7
batch:  8
batch:  9
Epoch 158
Episode: 632000
Reward: [-4.73 -4.61 -4.74 -4.61 -4.73]
Time: 28.20s
Add-Rate: 0.30
Success: 0.2777
Steps-Taken: 20.00
batch:  0
batch:  1
batch:  2
batch:  3
batch:  4
batch:  5
batch:  6
batch:  7
batch:  8
batch:  9
Epoch 159
Episode: 636000
Reward: [-4.55 -4.75 -4.57 -4.73 -4.77]
Time: 27.91s
Add-Rate: 0.30
Success: 0.2707
Steps-Taken: 20.00
batch:  0
batch:  1
batch:  2
batch:  3
batch:  4
batch:  5
batch:  6
batch:  7
batch:  8
batch:  9
Epoch 160
Episode: 640000
Reward: [-4.61 -4.87 -4.75 -4.69 -4.75]
Time: 28.02s
Add-Rate: 0.30
Success: 0.2717
Steps-Taken: 20.00
batch:  0
batch:  1
batch:  2
batch:  3
batch:  4
batch:  5
batch:  6
batch:  7
batch:  8
batch:  9
Epoch 161
Episode: 644000
Reward: [-4.64 -4.62 -4.79 -4.48 -4.58]
Time: 27.40s
Add-Rate: 0.30
Success: 0.2800
Steps-Taken: 20.00
batch:  0
batch:  1
batch:  2
batch:  3
batch:  4
batch:  5
batch:  6
batch:  7
batch:  8
batch:  9
Epoch 162
Episode: 648000
Reward: [-4.62 -4.5  -4.51 -4.6  -4.64]
Time: 27.38s
Add-Rate: 0.30
Success: 0.2893
Steps-Taken: 20.00
batch:  0
batch:  1
batch:  2
batch:  3
batch:  4
batch:  5
batch:  6
batch:  7
batch:  8
batch:  9
Epoch 163
Episode: 652000
Reward: [-5.33 -5.29 -5.05 -5.06 -5.14]
Time: 27.68s
Add-Rate: 0.30
Success: 0.2910
Steps-Taken: 20.00
batch:  0
batch:  1
batch:  2
batch:  3
batch:  4
batch:  5
batch:  6
batch:  7
batch:  8
batch:  9
Epoch 164
Episode: 656000
Reward: [-4.62 -4.72 -4.66 -4.65 -4.47]
Time: 27.25s
Add-Rate: 0.30
Success: 0.2878
Steps-Taken: 20.00
batch:  0
batch:  1
batch:  2
batch:  3
batch:  4
batch:  5
batch:  6
batch:  7
batch:  8
batch:  9
Epoch 165
Episode: 660000
Reward: [-4.54 -4.63 -4.74 -4.61 -4.74]
Time: 27.30s
Add-Rate: 0.30
Success: 0.2863
Steps-Taken: 20.00
batch:  0
batch:  1
batch:  2
batch:  3
batch:  4
batch:  5
batch:  6
batch:  7
batch:  8
batch:  9
Epoch 166
Episode: 664000
Reward: [-4.61 -4.65 -4.64 -4.78 -4.49]
Time: 27.74s
Add-Rate: 0.30
Success: 0.2823
Steps-Taken: 20.00
batch:  0
batch:  1
batch:  2
batch:  3
batch:  4
batch:  5
batch:  6
batch:  7
batch:  8
batch:  9
Epoch 167
Episode: 668000
Reward: [-4.71 -4.86 -4.79 -4.55 -4.69]
Time: 27.65s
Add-Rate: 0.30
Success: 0.2782
Steps-Taken: 20.00
batch:  0
batch:  1
batch:  2
batch:  3
batch:  4
batch:  5
batch:  6
batch:  7
batch:  8
batch:  9
Epoch 168
Episode: 672000
Reward: [-4.64 -4.72 -4.63 -4.55 -4.73]
Time: 27.66s
Add-Rate: 0.30
Success: 0.2863
Steps-Taken: 20.00
batch:  0
batch:  1
batch:  2
batch:  3
batch:  4
batch:  5
batch:  6
batch:  7
batch:  8
batch:  9
Epoch 169
Episode: 676000
Reward: [-4.74 -4.56 -4.57 -4.69 -4.54]
Time: 27.75s
Add-Rate: 0.30
Success: 0.2838
Steps-Taken: 20.00
batch:  0
batch:  1
batch:  2
batch:  3
batch:  4
batch:  5
batch:  6
batch:  7
batch:  8
batch:  9
Epoch 170
Episode: 680000
Reward: [-4.76 -4.57 -4.58 -4.6  -4.64]
Time: 27.29s
Add-Rate: 0.30
Success: 0.2908
Steps-Taken: 20.00
batch:  0
batch:  1
batch:  2
batch:  3
batch:  4
batch:  5
batch:  6
batch:  7
batch:  8
batch:  9
Epoch 171
Episode: 684000
Reward: [-4.62 -4.6  -4.83 -4.76 -4.62]
Time: 27.52s
Add-Rate: 0.30
Success: 0.2797
Steps-Taken: 20.00
batch:  0
batch:  1
batch:  2
batch:  3
batch:  4
batch:  5
batch:  6
batch:  7
batch:  8
batch:  9
Epoch 172
Episode: 688000
Reward: [-4.79 -4.62 -4.54 -4.72 -4.65]
Time: 27.29s
Add-Rate: 0.30
Success: 0.2850
Steps-Taken: 20.00
batch:  0
batch:  1
batch:  2
batch:  3
batch:  4
batch:  5
batch:  6
batch:  7
batch:  8
batch:  9
Epoch 173
Episode: 692000
Reward: [-4.59 -4.66 -4.83 -4.72 -4.56]
Time: 27.56s
Add-Rate: 0.30
Success: 0.2715
Steps-Taken: 20.00
batch:  0
batch:  1
batch:  2
batch:  3
batch:  4
batch:  5
batch:  6
batch:  7
batch:  8
batch:  9
Epoch 174
Episode: 696000
Reward: [-4.68 -4.68 -4.69 -4.7  -4.66]
Time: 27.40s
Add-Rate: 0.30
Success: 0.2775
Steps-Taken: 20.00
batch:  0
batch:  1
batch:  2
batch:  3
batch:  4
batch:  5
batch:  6
batch:  7
batch:  8
batch:  9
Epoch 175
Episode: 700000
Reward: [-4.78 -4.6  -4.49 -4.59 -4.59]
Time: 27.47s
Add-Rate: 0.30
Success: 0.2835
Steps-Taken: 20.00
batch:  0
batch:  1
batch:  2
batch:  3
batch:  4
batch:  5
batch:  6
batch:  7
batch:  8
batch:  9
Epoch 176
Episode: 704000
Reward: [-4.63 -4.79 -4.62 -4.77 -4.59]
Time: 27.36s
Add-Rate: 0.30
Success: 0.2870
Steps-Taken: 20.00
batch:  0
batch:  1
batch:  2
batch:  3
batch:  4
batch:  5
batch:  6
batch:  7
batch:  8
batch:  9
Epoch 177
Episode: 708000
Reward: [-4.64 -4.75 -4.72 -4.67 -4.57]
Time: 27.26s
Add-Rate: 0.30
Success: 0.2845
Steps-Taken: 20.00
batch:  0
batch:  1
batch:  2
batch:  3
batch:  4
batch:  5
batch:  6
batch:  7
batch:  8
batch:  9
Epoch 178
Episode: 712000
Reward: [-4.65 -4.64 -4.6  -4.7  -4.66]
Time: 27.53s
Add-Rate: 0.30
Success: 0.2858
Steps-Taken: 20.00
batch:  0
batch:  1
batch:  2
batch:  3
batch:  4
batch:  5
batch:  6
batch:  7
batch:  8
batch:  9
Epoch 179
Episode: 716000
Reward: [-4.74 -4.68 -4.59 -4.57 -4.47]
Time: 27.50s
Add-Rate: 0.30
Success: 0.2888
Steps-Taken: 20.00
batch:  0
batch:  1
batch:  2
batch:  3
batch:  4
batch:  5
batch:  6
batch:  7
batch:  8
batch:  9
Epoch 180
Episode: 720000
Reward: [-8.77 -8.29 -8.42 -8.63 -8.34]
Time: 27.28s
Add-Rate: 0.30
Success: 0.2730
Steps-Taken: 20.00
batch:  0
batch:  1
batch:  2
batch:  3
batch:  4
batch:  5
batch:  6
batch:  7
batch:  8
batch:  9
Epoch 181
Episode: 724000
Reward: [-4.72 -4.79 -4.94 -4.77 -4.95]
Time: 27.40s
Add-Rate: 0.30
Success: 0.2770
Steps-Taken: 20.00
batch:  0
batch:  1
batch:  2
batch:  3
batch:  4
batch:  5
batch:  6
batch:  7
batch:  8
batch:  9
Epoch 182
Episode: 728000
Reward: [-4.67 -4.72 -4.72 -4.85 -4.62]
Time: 27.72s
Add-Rate: 0.30
Success: 0.2858
Steps-Taken: 20.00
batch:  0
batch:  1
batch:  2
batch:  3
batch:  4
batch:  5
batch:  6
batch:  7
batch:  8
batch:  9
Epoch 183
Episode: 732000
Reward: [-4.93 -5.19 -5.02 -5.27 -4.94]
Time: 27.44s
Add-Rate: 0.30
Success: 0.2697
Steps-Taken: 20.00
batch:  0
batch:  1
batch:  2
batch:  3
batch:  4
batch:  5
batch:  6
batch:  7
batch:  8
batch:  9
Epoch 184
Episode: 736000
Reward: [-4.66 -4.85 -4.84 -4.79 -4.73]
Time: 27.72s
Add-Rate: 0.30
Success: 0.2785
Steps-Taken: 20.00
batch:  0
batch:  1
batch:  2
batch:  3
batch:  4
batch:  5
batch:  6
batch:  7
batch:  8
batch:  9
Epoch 185
Episode: 740000
Reward: [-4.65 -4.54 -4.7  -4.64 -4.75]
Time: 27.19s
Add-Rate: 0.30
Success: 0.2878
Steps-Taken: 20.00
batch:  0
batch:  1
batch:  2
batch:  3
batch:  4
batch:  5
batch:  6
batch:  7
batch:  8
batch:  9
Epoch 186
Episode: 744000
Reward: [-4.73 -4.6  -4.69 -4.5  -4.63]
Time: 27.44s
Add-Rate: 0.30
Success: 0.2805
Steps-Taken: 20.00
batch:  0
batch:  1
batch:  2
batch:  3
batch:  4
batch:  5
batch:  6
batch:  7
batch:  8
batch:  9
Epoch 187
Episode: 748000
Reward: [-4.61 -4.68 -4.56 -4.57 -4.55]
Time: 27.40s
Add-Rate: 0.30
Success: 0.2895
Steps-Taken: 20.00
batch:  0
batch:  1
batch:  2
batch:  3
batch:  4
batch:  5
batch:  6
batch:  7
batch:  8
batch:  9
Epoch 188
Episode: 752000
Reward: [-4.71 -4.57 -4.68 -4.64 -4.63]
Time: 27.23s
Add-Rate: 0.30
Success: 0.2795
Steps-Taken: 20.00
batch:  0
batch:  1
batch:  2
batch:  3
batch:  4
batch:  5
batch:  6
batch:  7
batch:  8
batch:  9
Epoch 189
Episode: 756000
Reward: [-4.74 -4.6  -4.72 -4.78 -4.72]
Time: 27.55s
Add-Rate: 0.30
Success: 0.2702
Steps-Taken: 20.00
batch:  0
batch:  1
batch:  2
batch:  3
batch:  4
batch:  5
batch:  6
batch:  7
batch:  8
batch:  9
Epoch 190
Episode: 760000
Reward: [-4.68 -4.61 -4.69 -4.68 -4.63]
Time: 27.45s
Add-Rate: 0.30
Success: 0.2863
Steps-Taken: 20.00
batch:  0
batch:  1
batch:  2
batch:  3
batch:  4
batch:  5
batch:  6
batch:  7
batch:  8
batch:  9
Epoch 191
Episode: 764000
Reward: [-4.55 -4.69 -4.67 -4.65 -4.6 ]
Time: 27.36s
Add-Rate: 0.30
Success: 0.2807
Steps-Taken: 20.00
batch:  0
batch:  1
batch:  2
batch:  3
batch:  4
batch:  5
batch:  6
batch:  7
batch:  8
batch:  9
Epoch 192
Episode: 768000
Reward: [-4.58 -4.74 -4.71 -4.53 -4.72]
Time: 27.34s
Add-Rate: 0.30
Success: 0.2920
Steps-Taken: 20.00
batch:  0
batch:  1
batch:  2
batch:  3
batch:  4
batch:  5
batch:  6
batch:  7
batch:  8
batch:  9
Epoch 193
Episode: 772000
Reward: [-4.7  -4.74 -4.72 -4.56 -4.63]
Time: 27.42s
Add-Rate: 0.30
Success: 0.2915
Steps-Taken: 20.00
batch:  0
batch:  1
batch:  2
batch:  3
batch:  4
batch:  5
batch:  6
batch:  7
batch:  8
batch:  9
Epoch 194
Episode: 776000
Reward: [-4.66 -4.76 -4.61 -4.62 -4.66]
Time: 27.36s
Add-Rate: 0.30
Success: 0.2840
Steps-Taken: 20.00
batch:  0
batch:  1
batch:  2
batch:  3
batch:  4
batch:  5
batch:  6
batch:  7
batch:  8
batch:  9
Epoch 195
Episode: 780000
Reward: [-4.69 -4.78 -4.91 -4.69 -4.8 ]
Time: 27.54s
Add-Rate: 0.30
Success: 0.2712
Steps-Taken: 20.00
batch:  0
batch:  1
batch:  2
batch:  3
batch:  4
batch:  5
batch:  6
batch:  7
batch:  8
batch:  9
Epoch 196
Episode: 784000
Reward: [-4.71 -4.77 -4.7  -4.69 -4.73]
Time: 27.23s
Add-Rate: 0.30
Success: 0.2665
Steps-Taken: 20.00
batch:  0
batch:  1
batch:  2
batch:  3
batch:  4
batch:  5
batch:  6
batch:  7
batch:  8
batch:  9
Epoch 197
Episode: 788000
Reward: [-4.71 -4.64 -4.69 -4.56 -4.64]
Time: 27.57s
Add-Rate: 0.30
Success: 0.2780
Steps-Taken: 20.00
batch:  0
batch:  1
batch:  2
batch:  3
batch:  4
batch:  5
batch:  6
batch:  7
batch:  8
batch:  9
Epoch 198
Episode: 792000
Reward: [-4.73 -4.75 -4.62 -4.7  -4.73]
Time: 27.55s
Add-Rate: 0.30
Success: 0.2790
Steps-Taken: 20.00
batch:  0
batch:  1
batch:  2
batch:  3
batch:  4
batch:  5
batch:  6
batch:  7
batch:  8
batch:  9
Epoch 199
Episode: 796000
Reward: [-4.68 -4.76 -4.68 -4.71 -4.68]
Time: 27.77s
Add-Rate: 0.30
Success: 0.2710
Steps-Taken: 20.00
batch:  0
batch:  1
batch:  2
batch:  3
batch:  4
batch:  5
batch:  6
batch:  7
batch:  8
batch:  9
Epoch 200
Episode: 800000
Reward: [-4.61 -4.56 -4.71 -4.76 -4.69]
Time: 27.33s
Add-Rate: 0.30
Success: 0.2737
Steps-Taken: 20.00
batch:  0
batch:  1
batch:  2
batch:  3
batch:  4
batch:  5
batch:  6
batch:  7
batch:  8
batch:  9
Epoch 201
Episode: 804000
Reward: [-4.65 -4.74 -4.88 -4.65 -4.59]
Time: 27.60s
Add-Rate: 0.30
Success: 0.2833
Steps-Taken: 20.00
batch:  0
batch:  1
batch:  2
batch:  3
batch:  4
batch:  5
batch:  6
batch:  7
batch:  8
batch:  9
Epoch 202
Episode: 808000
Reward: [-4.73 -4.59 -4.67 -4.54 -4.63]
Time: 28.12s
Add-Rate: 0.30
Success: 0.2835
Steps-Taken: 20.00
batch:  0
batch:  1
batch:  2
batch:  3
batch:  4
batch:  5
batch:  6
batch:  7
batch:  8
batch:  9
Epoch 203
Episode: 812000
Reward: [-4.53 -4.58 -4.57 -4.63 -4.75]
Time: 28.23s
Add-Rate: 0.30
Success: 0.2825
Steps-Taken: 20.00
batch:  0
batch:  1
batch:  2
batch:  3
batch:  4
batch:  5
batch:  6
batch:  7
batch:  8
batch:  9
Epoch 204
Episode: 816000
Reward: [-4.56 -4.68 -4.79 -4.64 -4.6 ]
Time: 28.14s
Add-Rate: 0.30
Success: 0.2757
Steps-Taken: 20.00
batch:  0
batch:  1
batch:  2
batch:  3
batch:  4
batch:  5
batch:  6
batch:  7
batch:  8
batch:  9
Epoch 205
Episode: 820000
Reward: [-4.75 -4.69 -4.52 -4.6  -4.73]
Time: 27.47s
Add-Rate: 0.30
Success: 0.2762
Steps-Taken: 20.00
batch:  0
batch:  1
batch:  2
batch:  3
batch:  4
batch:  5
batch:  6
batch:  7
batch:  8
batch:  9
Epoch 206
Episode: 824000
Reward: [-4.54 -4.87 -4.57 -4.69 -4.81]
Time: 27.71s
Add-Rate: 0.30
Success: 0.2775
Steps-Taken: 20.00
batch:  0
batch:  1
batch:  2
batch:  3
batch:  4
batch:  5
batch:  6
batch:  7
batch:  8
batch:  9
Epoch 207
Episode: 828000
Reward: [-4.64 -4.77 -4.62 -4.63 -4.63]
Time: 27.93s
Add-Rate: 0.30
Success: 0.2815
Steps-Taken: 20.00
batch:  0
batch:  1
batch:  2
batch:  3
batch:  4
batch:  5
batch:  6
batch:  7
batch:  8
batch:  9
Epoch 208
Episode: 832000
Reward: [-4.62 -4.51 -4.63 -4.76 -4.7 ]
Time: 27.64s
Add-Rate: 0.30
Success: 0.2860
Steps-Taken: 20.00
batch:  0
batch:  1
batch:  2
batch:  3
batch:  4
batch:  5
batch:  6
batch:  7
batch:  8
batch:  9
Epoch 209
Episode: 836000
Reward: [-4.49 -4.56 -4.53 -4.43 -4.47]
Time: 29.00s
Add-Rate: 0.30
Success: 0.3010
Steps-Taken: 20.00
batch:  0
batch:  1
batch:  2
batch:  3
batch:  4
batch:  5
batch:  6
batch:  7
batch:  8
batch:  9
Epoch 210
Episode: 840000
Reward: [-4.52 -4.71 -4.64 -4.61 -4.62]
Time: 28.55s
Add-Rate: 0.30
Success: 0.2870
Steps-Taken: 20.00
batch:  0
batch:  1
batch:  2
batch:  3
batch:  4
batch:  5
batch:  6
batch:  7
batch:  8
batch:  9
Epoch 211
Episode: 844000
Reward: [-4.67 -4.68 -4.76 -4.69 -4.8 ]
Time: 28.23s
Add-Rate: 0.30
Success: 0.2790
Steps-Taken: 20.00
batch:  0
batch:  1
batch:  2
batch:  3
batch:  4
batch:  5
batch:  6
batch:  7
batch:  8
batch:  9
Epoch 212
Episode: 848000
Reward: [-4.75 -4.6  -4.63 -4.73 -4.52]
Time: 27.69s
Add-Rate: 0.30
Success: 0.2787
Steps-Taken: 20.00
batch:  0
batch:  1
batch:  2
batch:  3
batch:  4
batch:  5
batch:  6
batch:  7
batch:  8
batch:  9
Epoch 213
Episode: 852000
Reward: [-4.58 -4.74 -4.63 -4.68 -4.72]
Time: 27.73s
Add-Rate: 0.30
Success: 0.2757
Steps-Taken: 20.00
batch:  0
batch:  1
batch:  2
batch:  3
batch:  4
batch:  5
batch:  6
batch:  7
batch:  8
batch:  9
Epoch 214
Episode: 856000
Reward: [-4.7  -4.68 -4.8  -4.77 -4.77]
Time: 27.70s
Add-Rate: 0.30
Success: 0.2670
Steps-Taken: 20.00
batch:  0
batch:  1
batch:  2
batch:  3
batch:  4
batch:  5
batch:  6
batch:  7
batch:  8
batch:  9
Epoch 215
Episode: 860000
Reward: [-4.59 -4.49 -4.62 -4.75 -4.78]
Time: 27.71s
Add-Rate: 0.30
Success: 0.2840
Steps-Taken: 20.00
batch:  0
batch:  1
batch:  2
batch:  3
batch:  4
batch:  5
batch:  6
batch:  7
batch:  8
batch:  9
Epoch 216
Episode: 864000
Reward: [-4.51 -4.76 -4.68 -4.65 -4.81]
Time: 27.61s
Add-Rate: 0.30
Success: 0.2775
Steps-Taken: 20.00
batch:  0
batch:  1
batch:  2
batch:  3
batch:  4
batch:  5
batch:  6
batch:  7
batch:  8
batch:  9
Epoch 217
Episode: 868000
Reward: [-4.68 -4.66 -4.57 -4.63 -4.68]
Time: 27.58s
Add-Rate: 0.30
Success: 0.2890
Steps-Taken: 20.00
batch:  0
batch:  1
batch:  2
batch:  3
batch:  4
batch:  5
batch:  6
batch:  7
batch:  8
batch:  9
Epoch 218
Episode: 872000
Reward: [-4.7  -4.57 -4.59 -4.72 -4.56]
Time: 27.79s
Add-Rate: 0.30
Success: 0.2868
Steps-Taken: 20.00
batch:  0
batch:  1
batch:  2
batch:  3
batch:  4
batch:  5
batch:  6
batch:  7
batch:  8
batch:  9
Epoch 219
Episode: 876000
Reward: [-4.82 -4.7  -4.7  -4.64 -4.75]
Time: 28.24s
Add-Rate: 0.30
Success: 0.2787
Steps-Taken: 20.00
batch:  0
batch:  1
batch:  2
batch:  3
batch:  4
batch:  5
batch:  6
batch:  7
batch:  8
batch:  9
Epoch 220
Episode: 880000
Reward: [-4.57 -4.47 -4.54 -4.57 -4.58]
Time: 27.88s
Add-Rate: 0.30
Success: 0.2873
Steps-Taken: 20.00
batch:  0
batch:  1
batch:  2
batch:  3
batch:  4
batch:  5
batch:  6
batch:  7
batch:  8
batch:  9
Epoch 221
Episode: 884000
Reward: [-4.43 -4.54 -4.69 -4.63 -4.65]
Time: 27.86s
Add-Rate: 0.30
Success: 0.2858
Steps-Taken: 20.00
batch:  0
batch:  1
batch:  2
batch:  3
batch:  4
batch:  5
batch:  6
batch:  7
batch:  8
batch:  9
Epoch 222
Episode: 888000
Reward: [-4.72 -4.71 -4.55 -4.64 -4.69]
Time: 27.64s
Add-Rate: 0.30
Success: 0.2812
Steps-Taken: 20.00
batch:  0
batch:  1
batch:  2
batch:  3
batch:  4
batch:  5
batch:  6
batch:  7
batch:  8
batch:  9
Epoch 223
Episode: 892000
Reward: [-4.69 -4.8  -4.84 -4.81 -4.86]
Time: 27.45s
Add-Rate: 0.30
Success: 0.2557
Steps-Taken: 20.00
batch:  0
batch:  1
batch:  2
batch:  3
batch:  4
batch:  5
batch:  6
batch:  7
batch:  8
batch:  9
Epoch 224
Episode: 896000
Reward: [-4.57 -4.77 -4.58 -4.75 -4.65]
Time: 27.50s
Add-Rate: 0.30
Success: 0.2787
Steps-Taken: 20.00
batch:  0
batch:  1
batch:  2
batch:  3
batch:  4
batch:  5
batch:  6
batch:  7
batch:  8
batch:  9
Epoch 225
Episode: 900000
Reward: [-4.69 -4.57 -4.5  -4.83 -4.64]
Time: 27.72s
Add-Rate: 0.30
Success: 0.2860
Steps-Taken: 20.00
batch:  0
batch:  1
batch:  2
batch:  3
batch:  4
batch:  5
batch:  6
batch:  7
batch:  8
batch:  9
Epoch 226
Episode: 904000
Reward: [-4.77 -4.76 -4.89 -4.65 -4.9 ]
Time: 27.79s
Add-Rate: 0.30
Success: 0.2797
Steps-Taken: 20.00
batch:  0
batch:  1
batch:  2
batch:  3
batch:  4
batch:  5
batch:  6
batch:  7
batch:  8
batch:  9
Epoch 227
Episode: 908000
Reward: [-4.72 -4.75 -4.71 -4.71 -4.75]
Time: 27.57s
Add-Rate: 0.30
Success: 0.2820
Steps-Taken: 20.00
batch:  0
batch:  1
batch:  2
batch:  3
batch:  4
batch:  5
batch:  6
batch:  7
batch:  8
batch:  9
Epoch 228
Episode: 912000
Reward: [-4.53 -4.53 -4.73 -4.65 -4.74]
Time: 27.50s
Add-Rate: 0.30
Success: 0.2828
Steps-Taken: 20.00
batch:  0
batch:  1
batch:  2
batch:  3
batch:  4
batch:  5
batch:  6
batch:  7
batch:  8
batch:  9
Epoch 229
Episode: 916000
Reward: [-4.51 -4.83 -4.48 -4.43 -4.73]
Time: 27.50s
Add-Rate: 0.30
Success: 0.2865
Steps-Taken: 20.00
batch:  0
batch:  1
batch:  2
batch:  3
batch:  4
batch:  5
batch:  6
batch:  7
batch:  8
batch:  9
Epoch 230
Episode: 920000
Reward: [-4.52 -4.64 -4.68 -4.51 -4.61]
Time: 27.84s
Add-Rate: 0.30
Success: 0.2838
Steps-Taken: 20.00
batch:  0
batch:  1
batch:  2
batch:  3
batch:  4
batch:  5
batch:  6
batch:  7
batch:  8
batch:  9
Epoch 231
Episode: 924000
Reward: [-4.52 -4.64 -4.6  -4.73 -4.71]
Time: 27.71s
Add-Rate: 0.30
Success: 0.2805
Steps-Taken: 20.00
batch:  0
batch:  1
batch:  2
batch:  3
batch:  4
batch:  5
batch:  6
batch:  7
batch:  8
batch:  9
Epoch 232
Episode: 928000
Reward: [-4.73 -4.66 -4.63 -4.75 -4.75]
Time: 27.48s
Add-Rate: 0.30
Success: 0.2662
Steps-Taken: 20.00
batch:  0
batch:  1
batch:  2
batch:  3
batch:  4
batch:  5
batch:  6
batch:  7
batch:  8
batch:  9
Epoch 233
Episode: 932000
Reward: [-4.63 -4.66 -4.71 -4.55 -4.67]
Time: 27.62s
Add-Rate: 0.30
Success: 0.2858
Steps-Taken: 20.00
batch:  0
batch:  1
batch:  2
batch:  3
batch:  4
batch:  5
batch:  6
batch:  7
batch:  8
batch:  9
Epoch 234
Episode: 936000
Reward: [-4.73 -4.81 -4.66 -4.65 -4.77]
Time: 27.83s
Add-Rate: 0.30
Success: 0.2785
Steps-Taken: 20.00
batch:  0
batch:  1
batch:  2
batch:  3
batch:  4
batch:  5
batch:  6
batch:  7
batch:  8
batch:  9
Epoch 235
Episode: 940000
Reward: [-4.83 -4.91 -5.03 -4.71 -4.81]
Time: 27.86s
Add-Rate: 0.30
Success: 0.2625
Steps-Taken: 20.00
batch:  0
batch:  1
batch:  2
batch:  3
batch:  4
batch:  5
batch:  6
batch:  7
batch:  8
batch:  9
Epoch 236
Episode: 944000
Reward: [-4.79 -4.57 -4.81 -4.77 -4.82]
Time: 27.47s
Add-Rate: 0.30
Success: 0.2740
Steps-Taken: 20.00
batch:  0
batch:  1
batch:  2
batch:  3
batch:  4
batch:  5
batch:  6
batch:  7
batch:  8
batch:  9
Epoch 237
Episode: 948000
Reward: [-4.58 -4.8  -4.63 -4.66 -4.71]
Time: 27.77s
Add-Rate: 0.30
Success: 0.2900
Steps-Taken: 20.00
batch:  0
batch:  1
batch:  2
batch:  3
batch:  4
batch:  5
batch:  6
batch:  7
batch:  8
batch:  9
Epoch 238
Episode: 952000
Reward: [-4.79 -4.7  -4.45 -4.46 -4.67]
Time: 27.77s
Add-Rate: 0.30
Success: 0.2928
Steps-Taken: 20.00
batch:  0
batch:  1
batch:  2
batch:  3
batch:  4
batch:  5
batch:  6
batch:  7
batch:  8
batch:  9
Epoch 239
Episode: 956000
Reward: [-4.78 -4.66 -4.73 -4.63 -4.86]
Time: 27.56s
Add-Rate: 0.30
Success: 0.2720
Steps-Taken: 20.00
batch:  0
batch:  1
batch:  2
batch:  3
batch:  4
batch:  5
batch:  6
batch:  7
batch:  8
batch:  9
Epoch 240
Episode: 960000
Reward: [-4.69 -4.62 -4.4  -4.6  -4.55]
Time: 27.61s
Add-Rate: 0.30
Success: 0.2873
Steps-Taken: 20.00
batch:  0
batch:  1
batch:  2
batch:  3
batch:  4
batch:  5
batch:  6
batch:  7
batch:  8
batch:  9
Epoch 241
Episode: 964000
Reward: [-4.7  -4.72 -4.85 -4.7  -4.75]
Time: 27.84s
Add-Rate: 0.30
Success: 0.2777
Steps-Taken: 20.00
batch:  0
batch:  1
batch:  2
batch:  3
batch:  4
batch:  5
batch:  6
batch:  7
batch:  8
batch:  9
Epoch 242
Episode: 968000
Reward: [-4.76 -4.87 -4.69 -4.5  -4.76]
Time: 27.49s
Add-Rate: 0.30
Success: 0.2762
Steps-Taken: 20.00
batch:  0
batch:  1
batch:  2
batch:  3
batch:  4
batch:  5
batch:  6
batch:  7
batch:  8
batch:  9
Epoch 243
Episode: 972000
Reward: [-4.61 -4.66 -4.46 -4.52 -4.66]
Time: 27.39s
Add-Rate: 0.30
Success: 0.2818
Steps-Taken: 20.00
batch:  0
batch:  1
batch:  2
batch:  3
batch:  4
batch:  5
batch:  6
batch:  7
batch:  8
batch:  9
Epoch 244
Episode: 976000
Reward: [-4.76 -4.87 -4.54 -4.73 -4.6 ]
Time: 27.29s
Add-Rate: 0.30
Success: 0.2742
Steps-Taken: 20.00
batch:  0
batch:  1
batch:  2
batch:  3
batch:  4
batch:  5
batch:  6
batch:  7
batch:  8
batch:  9
Epoch 245
Episode: 980000
Reward: [-4.71 -4.58 -4.71 -4.6  -4.84]
Time: 27.61s
Add-Rate: 0.30
Success: 0.2785
Steps-Taken: 20.00
batch:  0
batch:  1
batch:  2
batch:  3
batch:  4
batch:  5
batch:  6
batch:  7
batch:  8
batch:  9
Epoch 246
Episode: 984000
Reward: [-4.69 -4.79 -4.92 -4.89 -4.82]
Time: 27.49s
Add-Rate: 0.30
Success: 0.2815
Steps-Taken: 20.00
batch:  0
batch:  1
batch:  2
batch:  3
batch:  4
batch:  5
batch:  6
batch:  7
batch:  8
batch:  9
Epoch 247
Episode: 988000
Reward: [-4.77 -4.82 -4.8  -4.7  -4.81]
Time: 27.13s
Add-Rate: 0.30
Success: 0.2715
Steps-Taken: 20.00
batch:  0
batch:  1
batch:  2
batch:  3
batch:  4
batch:  5
batch:  6
batch:  7
batch:  8
batch:  9
Epoch 248
Episode: 992000
Reward: [-4.59 -4.75 -4.68 -4.69 -4.76]
Time: 27.60s
Add-Rate: 0.30
Success: 0.2787
Steps-Taken: 20.00
batch:  0
batch:  1
batch:  2
batch:  3
batch:  4
batch:  5
batch:  6
batch:  7
batch:  8
batch:  9
Epoch 249
Episode: 996000
Reward: [-4.74 -4.7  -4.55 -4.78 -4.75]
Time: 27.43s
Add-Rate: 0.30
Success: 0.2712
Steps-Taken: 20.00
batch:  0
batch:  1
batch:  2
batch:  3
batch:  4
batch:  5
batch:  6
batch:  7
batch:  8
batch:  9
Epoch 250
Episode: 1000000
Reward: [-4.53 -4.66 -4.73 -4.63 -4.55]
Time: 27.48s
Add-Rate: 0.30
Success: 0.2823
Steps-Taken: 20.00
batch:  0
batch:  1
batch:  2
batch:  3
batch:  4
batch:  5
batch:  6
batch:  7
batch:  8
batch:  9
Epoch 251
Episode: 1004000
Reward: [-4.57 -4.51 -4.51 -4.42 -4.5 ]
Time: 27.77s
Add-Rate: 0.30
Success: 0.3005
Steps-Taken: 20.00
batch:  0
batch:  1
batch:  2
batch:  3
batch:  4
batch:  5
batch:  6
batch:  7
batch:  8
batch:  9
Epoch 252
Episode: 1008000
Reward: [-4.65 -4.69 -4.52 -4.6  -4.65]
Time: 27.32s
Add-Rate: 0.30
Success: 0.2848
Steps-Taken: 20.00
batch:  0
batch:  1
batch:  2
batch:  3
batch:  4
batch:  5
batch:  6
batch:  7
batch:  8
batch:  9
Epoch 253
Episode: 1012000
Reward: [-4.76 -4.6  -4.67 -4.68 -4.69]
Time: 27.51s
Add-Rate: 0.30
Success: 0.2840
Steps-Taken: 20.00
batch:  0
batch:  1
batch:  2
batch:  3
batch:  4
batch:  5
batch:  6
batch:  7
batch:  8
batch:  9
Epoch 254
Episode: 1016000
Reward: [-4.62 -4.73 -4.66 -4.67 -4.85]
Time: 27.50s
Add-Rate: 0.30
Success: 0.2762
Steps-Taken: 20.00
batch:  0
batch:  1
batch:  2
batch:  3
batch:  4
batch:  5
batch:  6
batch:  7
batch:  8
batch:  9
Epoch 255
Episode: 1020000
Reward: [-4.77 -4.57 -4.56 -4.59 -4.65]
Time: 27.42s
Add-Rate: 0.30
Success: 0.2878
Steps-Taken: 20.00
batch:  0
batch:  1
batch:  2
batch:  3
batch:  4
batch:  5
batch:  6
batch:  7
batch:  8
batch:  9
Epoch 256
Episode: 1024000
Reward: [-4.7  -4.7  -4.65 -4.74 -4.65]
Time: 27.45s
Add-Rate: 0.30
Success: 0.2830
Steps-Taken: 20.00
batch:  0
batch:  1
batch:  2
batch:  3
batch:  4
batch:  5
batch:  6
batch:  7
batch:  8
batch:  9
Epoch 257
Episode: 1028000
Reward: [-4.95 -4.78 -4.64 -4.69 -4.63]
Time: 27.58s
Add-Rate: 0.30
Success: 0.2670
Steps-Taken: 20.00
batch:  0
batch:  1
batch:  2
batch:  3
batch:  4
batch:  5
batch:  6
batch:  7
batch:  8
batch:  9
Epoch 258
Episode: 1032000
Reward: [-4.43 -4.88 -4.7  -4.65 -4.75]
Time: 27.40s
Add-Rate: 0.30
Success: 0.2740
Steps-Taken: 20.00
batch:  0
batch:  1
batch:  2
batch:  3
batch:  4
batch:  5
batch:  6
batch:  7
batch:  8
batch:  9
Epoch 259
Episode: 1036000
Reward: [-4.75 -4.8  -4.49 -4.56 -4.68]
Time: 27.26s
Add-Rate: 0.30
Success: 0.2725
Steps-Taken: 20.00
batch:  0
batch:  1
batch:  2
batch:  3
batch:  4
batch:  5
batch:  6
batch:  7
batch:  8
batch:  9
Epoch 260
Episode: 1040000
Reward: [-4.68 -4.6  -4.46 -4.67 -4.78]
Time: 27.21s
Add-Rate: 0.30
Success: 0.2782
Steps-Taken: 20.00
batch:  0
batch:  1
batch:  2
batch:  3
batch:  4
batch:  5
batch:  6
batch:  7
batch:  8
batch:  9
Epoch 261
Episode: 1044000
Reward: [-4.68 -4.51 -4.53 -4.63 -4.6 ]
Time: 27.46s
Add-Rate: 0.30
Success: 0.2940
Steps-Taken: 20.00
batch:  0
batch:  1
batch:  2
batch:  3
batch:  4
batch:  5
batch:  6
batch:  7
batch:  8
batch:  9
Epoch 262
Episode: 1048000
Reward: [-4.61 -4.55 -4.69 -4.73 -4.68]
Time: 27.40s
Add-Rate: 0.30
Success: 0.2790
Steps-Taken: 20.00
batch:  0
batch:  1
batch:  2
batch:  3
batch:  4
batch:  5
batch:  6
batch:  7
batch:  8
batch:  9
Epoch 263
Episode: 1052000
Reward: [-4.63 -4.6  -4.71 -4.63 -4.61]
Time: 27.18s
Add-Rate: 0.30
Success: 0.2828
Steps-Taken: 20.00
batch:  0
batch:  1
batch:  2
batch:  3
batch:  4
batch:  5
batch:  6
batch:  7
batch:  8
batch:  9
Epoch 264
Episode: 1056000
Reward: [-4.66 -4.55 -4.63 -4.59 -4.35]
Time: 27.25s
Add-Rate: 0.30
Success: 0.2845
Steps-Taken: 20.00
batch:  0
batch:  1
batch:  2
batch:  3
batch:  4
batch:  5
batch:  6
batch:  7
batch:  8
batch:  9
Epoch 265
Episode: 1060000
Reward: [-4.6  -4.48 -4.64 -4.54 -4.6 ]
Time: 27.46s
Add-Rate: 0.30
Success: 0.2780
Steps-Taken: 20.00
batch:  0
batch:  1
batch:  2
batch:  3
batch:  4
batch:  5
batch:  6
batch:  7
batch:  8
batch:  9
Epoch 266
Episode: 1064000
Reward: [-4.68 -4.7  -4.5  -4.59 -4.76]
Time: 27.57s
Add-Rate: 0.30
Success: 0.2777
Steps-Taken: 20.00
batch:  0
batch:  1
batch:  2
batch:  3
batch:  4
batch:  5
batch:  6
batch:  7
batch:  8
batch:  9
Epoch 267
Episode: 1068000
Reward: [-4.72 -4.51 -4.62 -4.62 -4.63]
Time: 27.44s
Add-Rate: 0.30
Success: 0.2900
Steps-Taken: 20.00
batch:  0
batch:  1
batch:  2
batch:  3
batch:  4
batch:  5
batch:  6
batch:  7
batch:  8
batch:  9
Epoch 268
Episode: 1072000
Reward: [-4.67 -4.74 -4.53 -4.7  -4.59]
Time: 27.69s
Add-Rate: 0.30
Success: 0.2782
Steps-Taken: 20.00
batch:  0
batch:  1
batch:  2
batch:  3
batch:  4
batch:  5
batch:  6
batch:  7
batch:  8
batch:  9
Epoch 269
Episode: 1076000
Reward: [-4.5  -4.61 -4.72 -4.65 -4.73]
Time: 28.08s
Add-Rate: 0.30
Success: 0.2815
Steps-Taken: 20.00
batch:  0
batch:  1
batch:  2
batch:  3
batch:  4
batch:  5
batch:  6
batch:  7
batch:  8
batch:  9
Epoch 270
Episode: 1080000
Reward: [-4.52 -4.62 -4.66 -4.71 -4.61]
Time: 27.24s
Add-Rate: 0.30
Success: 0.2775
Steps-Taken: 20.00
batch:  0
batch:  1
batch:  2
batch:  3
batch:  4
batch:  5
batch:  6
batch:  7
batch:  8
batch:  9
Epoch 271
Episode: 1084000
Reward: [-4.7  -4.66 -4.66 -4.56 -4.78]
Time: 27.13s
Add-Rate: 0.30
Success: 0.2770
Steps-Taken: 20.00
batch:  0
batch:  1
batch:  2
batch:  3
batch:  4
batch:  5
batch:  6
batch:  7
batch:  8
batch:  9
Epoch 272
Episode: 1088000
Reward: [-4.8  -4.65 -4.59 -4.51 -4.73]
Time: 27.58s
Add-Rate: 0.30
Success: 0.2810
Steps-Taken: 20.00
batch:  0
batch:  1
batch:  2
batch:  3
batch:  4
batch:  5
batch:  6
batch:  7
batch:  8
batch:  9
Epoch 273
Episode: 1092000
Reward: [-4.75 -4.61 -4.63 -4.61 -4.72]
Time: 27.68s
Add-Rate: 0.30
Success: 0.2807
Steps-Taken: 20.00
batch:  0
batch:  1
batch:  2
batch:  3
batch:  4
batch:  5
batch:  6
batch:  7
batch:  8
batch:  9
Epoch 274
Episode: 1096000
Reward: [-4.81 -4.73 -4.55 -4.8  -4.66]
Time: 27.36s
Add-Rate: 0.30
Success: 0.2692
Steps-Taken: 20.00
batch:  0
batch:  1
batch:  2
batch:  3
batch:  4
batch:  5
batch:  6
batch:  7
batch:  8
batch:  9
Epoch 275
Episode: 1100000
Reward: [-4.81 -4.84 -4.68 -4.73 -4.68]
Time: 27.97s
Add-Rate: 0.30
Success: 0.2672
Steps-Taken: 20.00
batch:  0
batch:  1
batch:  2
batch:  3
batch:  4
batch:  5
batch:  6
batch:  7
batch:  8
batch:  9
Epoch 276
Episode: 1104000
Reward: [-4.81 -4.67 -4.74 -4.73 -4.76]
Time: 27.80s
Add-Rate: 0.30
Success: 0.2770
Steps-Taken: 20.00
batch:  0
batch:  1
batch:  2
batch:  3
batch:  4
batch:  5
batch:  6
batch:  7
batch:  8
batch:  9
Epoch 277
Episode: 1108000
Reward: [-4.71 -4.71 -4.8  -4.63 -4.6 ]
Time: 27.90s
Add-Rate: 0.30
Success: 0.2853
Steps-Taken: 20.00
batch:  0
batch:  1
batch:  2
batch:  3
batch:  4
batch:  5
batch:  6
batch:  7
batch:  8
batch:  9
Epoch 278
Episode: 1112000
Reward: [-4.57 -4.81 -4.76 -4.78 -4.61]
Time: 28.73s
Add-Rate: 0.30
Success: 0.2802
Steps-Taken: 20.00
batch:  0
batch:  1
batch:  2
batch:  3
batch:  4
batch:  5
batch:  6
batch:  7
batch:  8
batch:  9
Epoch 279
Episode: 1116000
Reward: [-4.55 -4.73 -4.51 -4.7  -4.55]
Time: 28.04s
Add-Rate: 0.30
Success: 0.2905
Steps-Taken: 20.00
batch:  0
batch:  1
batch:  2
batch:  3
batch:  4
batch:  5
batch:  6
batch:  7
batch:  8
batch:  9
Epoch 280
Episode: 1120000
Reward: [-4.66 -4.56 -4.55 -4.58 -4.7 ]
Time: 28.63s
Add-Rate: 0.30
Success: 0.2910
Steps-Taken: 20.00
batch:  0
batch:  1
batch:  2
batch:  3
batch:  4
batch:  5
batch:  6
batch:  7
batch:  8
batch:  9
Epoch 281
Episode: 1124000
Reward: [-4.73 -4.57 -4.71 -4.77 -4.76]
Time: 27.91s
Add-Rate: 0.30
Success: 0.2830
Steps-Taken: 20.00
batch:  0
batch:  1
batch:  2
batch:  3
batch:  4
batch:  5
batch:  6
batch:  7
batch:  8
batch:  9
Epoch 282
Episode: 1128000
Reward: [-4.54 -4.74 -4.45 -4.54 -4.69]
Time: 27.77s
Add-Rate: 0.30
Success: 0.2865
Steps-Taken: 20.00
batch:  0
batch:  1
batch:  2
batch:  3
batch:  4
batch:  5
batch:  6
batch:  7
batch:  8
batch:  9
Epoch 283
Episode: 1132000
Reward: [-4.44 -4.64 -4.72 -4.69 -4.55]
Time: 29.44s
Add-Rate: 0.30
Success: 0.2898
Steps-Taken: 20.00
batch:  0
batch:  1
batch:  2
batch:  3
batch:  4
batch:  5
batch:  6
batch:  7
batch:  8
batch:  9
Epoch 284
Episode: 1136000
Reward: [-4.54 -4.67 -4.66 -4.68 -4.58]
Time: 27.54s
Add-Rate: 0.30
Success: 0.2815
Steps-Taken: 20.00
batch:  0
batch:  1
batch:  2
batch:  3
batch:  4
batch:  5
batch:  6
batch:  7
batch:  8
batch:  9
Epoch 285
Episode: 1140000
Reward: [-4.72 -4.82 -4.67 -4.57 -4.79]
Time: 27.67s
Add-Rate: 0.30
Success: 0.2752
Steps-Taken: 20.00
batch:  0
batch:  1
batch:  2
batch:  3
batch:  4
batch:  5
batch:  6
batch:  7
batch:  8
batch:  9
Epoch 286
Episode: 1144000
Reward: [-4.79 -4.81 -4.74 -4.65 -4.9 ]
Time: 28.03s
Add-Rate: 0.30
Success: 0.2812
Steps-Taken: 20.00
batch:  0
batch:  1
batch:  2
batch:  3
batch:  4
batch:  5
batch:  6
batch:  7
batch:  8
batch:  9
Epoch 287
Episode: 1148000
Reward: [-4.66 -4.58 -4.67 -4.75 -4.75]
Time: 28.51s
Add-Rate: 0.30
Success: 0.2843
Steps-Taken: 20.00
batch:  0
batch:  1
batch:  2
batch:  3
batch:  4
batch:  5
batch:  6
batch:  7
batch:  8
batch:  9
Epoch 288
Episode: 1152000
Reward: [-4.81 -4.71 -4.66 -4.81 -4.64]
Time: 28.18s
Add-Rate: 0.30
Success: 0.2848
Steps-Taken: 20.00
batch:  0
batch:  1
batch:  2
batch:  3
batch:  4
batch:  5
batch:  6
batch:  7
batch:  8
batch:  9
Epoch 289
Episode: 1156000
Reward: [-4.7  -4.56 -4.68 -4.57 -4.58]
Time: 28.64s
Add-Rate: 0.30
Success: 0.2908
Steps-Taken: 20.00
batch:  0
batch:  1
batch:  2
batch:  3
batch:  4
batch:  5
batch:  6
batch:  7
batch:  8
batch:  9
Epoch 290
Episode: 1160000
Reward: [-4.75 -4.65 -4.56 -4.71 -4.68]
Time: 27.73s
Add-Rate: 0.30
Success: 0.2815
Steps-Taken: 20.00
batch:  0
batch:  1
batch:  2
batch:  3
batch:  4
batch:  5
batch:  6
batch:  7
batch:  8
batch:  9
Epoch 291
Episode: 1164000
Reward: [-4.55 -4.74 -4.72 -4.67 -4.62]
Time: 27.72s
Add-Rate: 0.30
Success: 0.2830
Steps-Taken: 20.00
batch:  0
batch:  1
batch:  2
batch:  3
batch:  4
batch:  5
batch:  6
batch:  7
batch:  8
batch:  9
Epoch 292
Episode: 1168000
Reward: [-4.59 -4.8  -4.57 -4.74 -4.73]
Time: 27.74s
Add-Rate: 0.30
Success: 0.2682
Steps-Taken: 20.00
batch:  0
batch:  1
batch:  2
batch:  3
batch:  4
batch:  5
batch:  6
batch:  7
batch:  8
batch:  9
Epoch 293
Episode: 1172000
Reward: [-4.71 -4.77 -4.62 -4.62 -4.59]
Time: 28.27s
Add-Rate: 0.30
Success: 0.2812
Steps-Taken: 20.00
batch:  0
batch:  1
batch:  2
batch:  3
batch:  4
batch:  5
batch:  6
batch:  7
batch:  8
batch:  9
Epoch 294
Episode: 1176000
Reward: [-4.51 -4.6  -4.7  -4.67 -4.57]
Time: 27.63s
Add-Rate: 0.30
Success: 0.2815
Steps-Taken: 20.00
batch:  0
batch:  1
batch:  2
batch:  3
batch:  4
batch:  5
batch:  6
batch:  7
batch:  8
batch:  9
Epoch 295
Episode: 1180000
Reward: [-4.89 -4.74 -4.64 -4.71 -4.69]
Time: 27.14s
Add-Rate: 0.30
Success: 0.2797
Steps-Taken: 20.00
batch:  0
batch:  1
batch:  2
batch:  3
batch:  4
batch:  5
batch:  6
batch:  7
batch:  8
batch:  9
Epoch 296
Episode: 1184000
Reward: [-4.59 -4.55 -4.63 -4.65 -4.61]
Time: 27.64s
Add-Rate: 0.30
Success: 0.2883
Steps-Taken: 20.00
batch:  0
batch:  1
batch:  2
batch:  3
batch:  4
batch:  5
batch:  6
batch:  7
batch:  8
batch:  9
Epoch 297
Episode: 1188000
Reward: [-4.83 -4.73 -4.49 -4.73 -4.56]
Time: 27.42s
Add-Rate: 0.30
Success: 0.2717
Steps-Taken: 20.00
batch:  0
batch:  1
batch:  2
batch:  3
batch:  4
batch:  5
batch:  6
batch:  7
batch:  8
batch:  9
Epoch 298
Episode: 1192000
Reward: [-4.75 -4.64 -4.65 -4.78 -4.63]
Time: 27.62s
Add-Rate: 0.30
Success: 0.2802
Steps-Taken: 20.00
batch:  0
batch:  1
batch:  2
batch:  3
batch:  4
batch:  5
batch:  6
batch:  7
batch:  8
batch:  9
Epoch 299
Episode: 1196000
Reward: [-4.6  -4.68 -4.73 -4.71 -4.53]
Time: 27.47s
Add-Rate: 0.30
Success: 0.2858
Steps-Taken: 20.00
batch:  0
batch:  1
batch:  2
batch:  3
batch:  4
batch:  5
batch:  6
batch:  7
batch:  8
batch:  9
Epoch 300
Episode: 1200000
Reward: [-4.64 -4.65 -4.77 -4.65 -4.66]
Time: 27.43s
Add-Rate: 0.30
Success: 0.2807
Steps-Taken: 20.00
batch:  0
batch:  1
batch:  2
batch:  3
batch:  4
batch:  5
batch:  6
batch:  7
batch:  8
batch:  9
Epoch 301
Episode: 1204000
Reward: [-4.83 -4.95 -4.83 -4.99 -5.05]
Time: 28.03s
Add-Rate: 0.30
Success: 0.2610
Steps-Taken: 20.00
batch:  0
batch:  1
batch:  2
batch:  3
batch:  4
batch:  5
batch:  6
batch:  7
batch:  8
batch:  9
Epoch 302
Episode: 1208000
Reward: [-4.57 -4.68 -4.61 -4.79 -4.6 ]
Time: 27.81s
Add-Rate: 0.30
Success: 0.2858
Steps-Taken: 20.00
batch:  0
batch:  1
batch:  2
batch:  3
batch:  4
batch:  5
batch:  6
batch:  7
batch:  8
batch:  9
Epoch 303
Episode: 1212000
Reward: [-4.69 -4.5  -4.73 -4.75 -4.64]
Time: 27.47s
Add-Rate: 0.30
Success: 0.2807
Steps-Taken: 20.00
batch:  0
batch:  1
batch:  2
batch:  3
batch:  4
batch:  5
batch:  6
batch:  7
batch:  8
batch:  9
Epoch 304
Episode: 1216000
Reward: [-4.62 -4.72 -4.58 -4.55 -4.77]
Time: 27.65s
Add-Rate: 0.30
Success: 0.2888
Steps-Taken: 20.00
batch:  0
batch:  1
batch:  2
batch:  3
batch:  4
batch:  5
batch:  6
batch:  7
batch:  8
batch:  9
Epoch 305
Episode: 1220000
Reward: [-4.79 -4.69 -4.69 -4.83 -4.73]
Time: 27.63s
Add-Rate: 0.30
Success: 0.2760
Steps-Taken: 20.00
batch:  0
batch:  1
batch:  2
batch:  3
batch:  4
batch:  5
batch:  6
batch:  7
batch:  8
batch:  9
Epoch 306
Episode: 1224000
Reward: [-4.65 -4.63 -4.63 -4.76 -4.7 ]
Time: 27.57s
Add-Rate: 0.30
Success: 0.2840
Steps-Taken: 20.00
batch:  0
batch:  1
batch:  2
batch:  3
batch:  4
batch:  5
batch:  6
batch:  7
batch:  8
batch:  9
Epoch 307
Episode: 1228000
Reward: [-4.74 -4.81 -4.54 -4.63 -4.78]
Time: 27.24s
Add-Rate: 0.30
Success: 0.2687
Steps-Taken: 20.00
batch:  0
batch:  1
batch:  2
batch:  3
batch:  4
batch:  5
batch:  6
batch:  7
batch:  8
batch:  9
Epoch 308
Episode: 1232000
Reward: [-4.59 -4.56 -4.76 -4.56 -4.66]
Time: 27.63s
Add-Rate: 0.30
Success: 0.2802
Steps-Taken: 20.00
batch:  0
batch:  1
batch:  2
batch:  3
batch:  4
batch:  5
batch:  6
batch:  7
batch:  8
batch:  9
Epoch 309
Episode: 1236000
Reward: [-4.71 -4.56 -4.68 -4.79 -4.7 ]
Time: 27.95s
Add-Rate: 0.30
Success: 0.2845
Steps-Taken: 20.00
batch:  0
batch:  1
batch:  2
batch:  3
batch:  4
batch:  5
batch:  6
batch:  7
batch:  8
batch:  9
Epoch 310
Episode: 1240000
Reward: [-4.56 -4.78 -4.73 -4.63 -4.73]
Time: 28.08s
Add-Rate: 0.30
Success: 0.2807
Steps-Taken: 20.00
batch:  0
batch:  1
batch:  2
batch:  3
batch:  4
batch:  5
batch:  6
batch:  7
batch:  8
batch:  9
Epoch 311
Episode: 1244000
Reward: [-4.57 -4.67 -4.55 -4.58 -4.67]
Time: 27.93s
Add-Rate: 0.30
Success: 0.2840
Steps-Taken: 20.00
batch:  0
batch:  1
batch:  2
batch:  3
batch:  4
batch:  5
batch:  6
batch:  7
batch:  8
batch:  9
Epoch 312
Episode: 1248000
Reward: [-4.77 -4.72 -4.53 -4.7  -4.91]
Time: 27.84s
Add-Rate: 0.30
Success: 0.2838
Steps-Taken: 20.00
batch:  0
batch:  1
batch:  2
batch:  3
batch:  4
batch:  5
batch:  6
batch:  7
batch:  8
batch:  9
Epoch 313
Episode: 1252000
Reward: [-4.56 -4.61 -4.63 -4.44 -4.66]
Time: 27.82s
Add-Rate: 0.30
Success: 0.2850
Steps-Taken: 20.00
batch:  0
batch:  1
batch:  2
batch:  3
batch:  4
batch:  5
batch:  6
batch:  7
batch:  8
batch:  9
Epoch 314
Episode: 1256000
Reward: [-4.74 -4.65 -4.65 -4.77 -4.68]
Time: 28.38s
Add-Rate: 0.30
Success: 0.2797
Steps-Taken: 20.00
batch:  0
batch:  1
batch:  2
batch:  3
batch:  4
batch:  5
batch:  6
batch:  7
batch:  8
batch:  9
Epoch 315
Episode: 1260000
Reward: [-4.7  -4.72 -4.54 -4.46 -4.78]
Time: 27.60s
Add-Rate: 0.30
Success: 0.2835
Steps-Taken: 20.00
batch:  0
batch:  1
batch:  2
batch:  3
batch:  4
batch:  5
batch:  6
batch:  7
batch:  8
batch:  9
Epoch 316
Episode: 1264000
Reward: [-4.58 -4.66 -4.73 -4.64 -4.83]
Time: 27.58s
Add-Rate: 0.30
Success: 0.2843
Steps-Taken: 20.00
batch:  0
batch:  1
batch:  2
batch:  3
batch:  4
batch:  5
batch:  6
batch:  7
batch:  8
batch:  9
Epoch 317
Episode: 1268000
Reward: [-4.62 -4.71 -4.79 -4.75 -4.74]
Time: 28.17s
Add-Rate: 0.30
Success: 0.2660
Steps-Taken: 20.00
batch:  0
batch:  1
batch:  2
batch:  3
batch:  4
batch:  5
batch:  6
batch:  7
batch:  8
batch:  9
Epoch 318
Episode: 1272000
Reward: [-4.7  -4.52 -4.61 -4.52 -4.56]
Time: 27.59s
Add-Rate: 0.30
Success: 0.2863
Steps-Taken: 20.00
batch:  0
batch:  1
batch:  2
batch:  3
batch:  4
batch:  5
batch:  6
batch:  7
batch:  8
batch:  9
Epoch 319
Episode: 1276000
Reward: [-7.42 -6.98 -6.85 -7.46 -7.19]
Time: 27.77s
Add-Rate: 0.30
Success: 0.2637
Steps-Taken: 20.00
batch:  0
batch:  1
batch:  2
batch:  3
batch:  4
batch:  5
batch:  6
batch:  7
batch:  8
batch:  9
Epoch 320
Episode: 1280000
Reward: [-4.8  -4.76 -4.82 -4.73 -4.91]
Time: 27.97s
Add-Rate: 0.30
Success: 0.2677
Steps-Taken: 20.00
batch:  0
batch:  1
batch:  2
batch:  3
batch:  4
batch:  5
batch:  6
batch:  7
batch:  8
batch:  9
Epoch 321
Episode: 1284000
Reward: [-4.61 -4.68 -4.72 -4.75 -4.6 ]
Time: 28.10s
Add-Rate: 0.30
Success: 0.2800
Steps-Taken: 20.00
batch:  0
batch:  1
batch:  2
batch:  3
batch:  4
batch:  5
batch:  6
batch:  7
batch:  8
batch:  9
Epoch 322
Episode: 1288000
Reward: [-4.64 -4.58 -4.71 -4.74 -4.59]
Time: 28.16s
Add-Rate: 0.30
Success: 0.2807
Steps-Taken: 20.00
batch:  0
batch:  1
batch:  2
batch:  3
batch:  4
batch:  5
batch:  6
batch:  7
batch:  8
batch:  9
Epoch 323
Episode: 1292000
Reward: [-4.63 -4.73 -4.79 -4.81 -4.81]
Time: 28.58s
Add-Rate: 0.30
Success: 0.2772
Steps-Taken: 20.00
batch:  0
batch:  1
batch:  2
batch:  3
batch:  4
batch:  5
batch:  6
batch:  7
batch:  8
batch:  9
Epoch 324
Episode: 1296000
Reward: [-4.52 -4.59 -4.69 -4.6  -4.71]
Time: 27.92s
Add-Rate: 0.30
Success: 0.2883
Steps-Taken: 20.00
batch:  0
batch:  1
batch:  2
batch:  3
batch:  4
batch:  5
batch:  6
batch:  7
batch:  8
batch:  9
Epoch 325
Episode: 1300000
Reward: [-4.65 -4.57 -4.48 -4.54 -4.5 ]
Time: 27.64s
Add-Rate: 0.30
Success: 0.2958
Steps-Taken: 20.00
batch:  0
batch:  1
batch:  2
batch:  3
batch:  4
batch:  5
batch:  6
batch:  7
batch:  8
batch:  9
Epoch 326
Episode: 1304000
Reward: [-4.54 -4.58 -4.73 -4.51 -4.64]
Time: 28.22s
Add-Rate: 0.30
Success: 0.2807
Steps-Taken: 20.00
batch:  0
batch:  1
batch:  2
batch:  3
batch:  4
batch:  5
batch:  6
batch:  7
batch:  8
batch:  9
Epoch 327
Episode: 1308000
Reward: [-4.67 -4.66 -4.64 -4.59 -4.61]
Time: 27.90s
Add-Rate: 0.30
Success: 0.2910
Steps-Taken: 20.00
batch:  0
batch:  1
batch:  2
batch:  3
batch:  4
batch:  5
batch:  6
batch:  7
batch:  8
batch:  9
Epoch 328
Episode: 1312000
Reward: [-4.8  -4.82 -4.73 -4.65 -4.76]
Time: 27.80s
Add-Rate: 0.30
Success: 0.2692
Steps-Taken: 20.00
batch:  0
batch:  1
batch:  2
batch:  3
batch:  4
batch:  5
batch:  6
batch:  7
batch:  8
batch:  9
Epoch 329
Episode: 1316000
Reward: [-4.57 -4.63 -4.84 -4.61 -4.83]
Time: 27.71s
Add-Rate: 0.30
Success: 0.2717
Steps-Taken: 20.00
batch:  0
batch:  1
batch:  2
batch:  3
batch:  4
batch:  5
batch:  6
batch:  7
batch:  8
batch:  9
Epoch 330
Episode: 1320000
Reward: [-4.58 -4.56 -4.7  -4.63 -4.58]
Time: 27.65s
Add-Rate: 0.30
Success: 0.2870
Steps-Taken: 20.00
batch:  0
batch:  1
batch:  2
batch:  3
batch:  4
batch:  5
batch:  6
batch:  7
batch:  8
batch:  9
Epoch 331
Episode: 1324000
Reward: [-4.52 -4.62 -4.79 -4.84 -4.68]
Time: 27.76s
Add-Rate: 0.30
Success: 0.2720
Steps-Taken: 20.00
batch:  0
batch:  1
batch:  2
batch:  3
batch:  4
batch:  5
batch:  6
batch:  7
batch:  8
batch:  9
Epoch 332
Episode: 1328000
Reward: [-4.78 -4.68 -4.72 -4.7  -4.66]
Time: 27.80s
Add-Rate: 0.30
Success: 0.2782
Steps-Taken: 20.00
batch:  0
batch:  1
batch:  2
batch:  3
batch:  4
batch:  5
batch:  6
batch:  7
batch:  8
batch:  9
Epoch 333
Episode: 1332000
Reward: [-4.81 -4.66 -4.56 -4.61 -4.62]
Time: 28.13s
Add-Rate: 0.30
Success: 0.2795
Steps-Taken: 20.00
batch:  0
batch:  1
batch:  2
batch:  3
batch:  4
batch:  5
batch:  6
batch:  7
batch:  8
batch:  9
Epoch 334
Episode: 1336000
Reward: [-4.7  -4.51 -4.86 -4.67 -4.59]
Time: 27.38s
Add-Rate: 0.30
Success: 0.2833
Steps-Taken: 20.00
batch:  0
batch:  1
batch:  2
batch:  3
batch:  4
batch:  5
batch:  6
batch:  7
batch:  8
batch:  9
Epoch 335
Episode: 1340000
Reward: [-4.85 -4.7  -4.62 -4.77 -4.83]
Time: 27.56s
Add-Rate: 0.30
Success: 0.2740
Steps-Taken: 20.00
batch:  0
batch:  1
batch:  2
batch:  3
batch:  4
batch:  5
batch:  6
batch:  7
batch:  8
batch:  9
Epoch 336
Episode: 1344000
Reward: [-4.59 -4.67 -4.63 -4.87 -4.56]
Time: 27.86s
Add-Rate: 0.30
Success: 0.2742
Steps-Taken: 20.00
batch:  0
batch:  1
batch:  2
batch:  3
batch:  4
batch:  5
batch:  6
batch:  7
batch:  8
batch:  9
Epoch 337
Episode: 1348000
Reward: [-4.79 -4.65 -4.63 -4.7  -4.88]
Time: 27.66s
Add-Rate: 0.30
Success: 0.2745
Steps-Taken: 20.00
batch:  0
batch:  1
batch:  2
batch:  3
batch:  4
batch:  5
batch:  6
batch:  7
batch:  8
batch:  9
Epoch 338
Episode: 1352000
Reward: [-4.68 -4.74 -4.61 -4.66 -4.69]
Time: 27.75s
Add-Rate: 0.30
Success: 0.2818
Steps-Taken: 20.00
batch:  0
batch:  1
batch:  2
batch:  3
batch:  4
