Namespace(num_epochs=1500, epoch_size=10, batch_size=500, nprocesses=16, hid_size=128, directed=True, self_loop_type1=1, self_loop_type2=1, gat_num_heads=4, gat_num_heads_out=1, gat_hid_size=32, ge_num_heads=4, first_gat_normalize=False, second_gat_normalize=False, gat_encoder_normalize=False, use_gat_encoder=False, gat_encoder_out_size=64, first_graph_complete=True, second_graph_complete=True, learn_second_graph=False, message_encoder=False, message_decoder=True, nagents=5, mean_ratio=0, detach_gap=10, comm_init='uniform', advantages_per_action=False, comm_mask_zero=False, gamma=1.0, seed=0, normalize_rewards=False, lrate=0.001, entr=0, value_coeff=0.01, max_steps=20, nactions='1', action_scale=1.0, plot=False, plot_env='main', plot_port='8097', save=True, save_every=0, load='', display=False, random=False, render=False, env_name='traffic_junction', dim=6, vision=1, add_rate_min=0.3, add_rate_max=0.3, curr_start=0.0, curr_end=0.0, difficulty='easy', vocab_type='bool', nfriendly=5, obs_size=137, num_actions=[2], dim_actions=1, continuous=False, naction_heads=[2])
====================================================================================================
Model log:

MAGIC(
  (sub_processor1): GraphAttention(in_features=128, out_features=32)
  (sub_processor2): GraphAttention(in_features=128, out_features=128)
  (obs_encoder): Linear(in_features=137, out_features=128, bias=True)
  (lstm_cell): LSTMCell(128, 128)
  (message_decoder): Linear(in_features=128, out_features=128, bias=True)
  (action_heads): ModuleList(
    (0): Linear(in_features=256, out_features=2, bias=True)
  )
  (value_head): Linear(in_features=256, out_features=1, bias=True)
)
====================================================================================================

batch:  0
batch:  1
batch:  2
batch:  3
batch:  4
batch:  5
batch:  6
batch:  7
batch:  8
batch:  9
Epoch 1
Episode: 4000
Reward: [-34.18 -33.6  -34.02 -33.54 -33.82]
Time: 386.25s
Add-Rate: 0.30
Success: 0.0155
Steps-Taken: 20.00
batch:  0
batch:  1
batch:  2
batch:  3
batch:  4
batch:  5
batch:  6
batch:  7
batch:  8
batch:  9
Epoch 2
Episode: 8000
Reward: [-17.11 -16.47 -17.09 -16.56 -16.74]
Time: 447.83s
Add-Rate: 0.30
Success: 0.1072
Steps-Taken: 20.00
batch:  0
batch:  1
batch:  2
batch:  3
batch:  4
batch:  5
batch:  6
batch:  7
batch:  8
batch:  9
Epoch 3
Episode: 12000
Reward: [-6.   -6.08 -5.95 -5.97 -6.19]
Time: 29.72s
Add-Rate: 0.30
Success: 0.2622
Steps-Taken: 20.00
batch:  0
batch:  1
batch:  2
batch:  3
batch:  4
batch:  5
batch:  6
batch:  7
batch:  8
batch:  9
Epoch 4
Episode: 16000
Reward: [-5.11 -5.26 -5.13 -5.15 -5.07]
Time: 28.32s
Add-Rate: 0.30
Success: 0.2647
Steps-Taken: 20.00
batch:  0
batch:  1
batch:  2
batch:  3
batch:  4
batch:  5
batch:  6
batch:  7
batch:  8
batch:  9
Epoch 5
Episode: 20000
Reward: [-5.   -4.92 -4.94 -5.   -5.07]
Time: 29.36s
Add-Rate: 0.30
Success: 0.2707
Steps-Taken: 20.00
batch:  0
batch:  1
batch:  2
batch:  3
batch:  4
batch:  5
batch:  6
batch:  7
batch:  8
batch:  9
Epoch 6
Episode: 24000
Reward: [-4.82 -4.77 -4.93 -4.68 -4.81]
Time: 29.54s
Add-Rate: 0.30
Success: 0.2767
Steps-Taken: 20.00
batch:  0
batch:  1
batch:  2
batch:  3
batch:  4
batch:  5
batch:  6
batch:  7
batch:  8
batch:  9
Epoch 7
Episode: 28000
Reward: [-4.88 -4.57 -4.99 -4.84 -5.02]
Time: 28.85s
Add-Rate: 0.30
Success: 0.2695
Steps-Taken: 20.00
batch:  0
batch:  1
batch:  2
batch:  3
batch:  4
batch:  5
batch:  6
batch:  7
batch:  8
batch:  9
Epoch 8
Episode: 32000
Reward: [-4.74 -4.8  -4.94 -4.77 -4.95]
Time: 28.77s
Add-Rate: 0.30
Success: 0.2705
Steps-Taken: 20.00
batch:  0
batch:  1
batch:  2
batch:  3
batch:  4
batch:  5
batch:  6
batch:  7
batch:  8
batch:  9
Epoch 9
Episode: 36000
Reward: [-4.66 -4.63 -4.83 -4.78 -4.75]
Time: 29.33s
Add-Rate: 0.30
Success: 0.2845
Steps-Taken: 20.00
batch:  0
batch:  1
batch:  2
batch:  3
batch:  4
batch:  5
batch:  6
batch:  7
batch:  8
batch:  9
Epoch 10
Episode: 40000
Reward: [-4.84 -4.77 -4.79 -4.92 -4.87]
Time: 29.31s
Add-Rate: 0.30
Success: 0.2838
Steps-Taken: 20.00
batch:  0
batch:  1
batch:  2
batch:  3
batch:  4
batch:  5
batch:  6
batch:  7
batch:  8
batch:  9
Epoch 11
Episode: 44000
Reward: [-4.65 -4.71 -4.68 -4.59 -4.69]
Time: 29.31s
Add-Rate: 0.30
Success: 0.2850
Steps-Taken: 20.00
batch:  0
